<?xml version="1.0" encoding="UTF-8"?>
<coverage generated="1766284539652" clover="3.2.0">
  <project timestamp="1766284539652" name="All files">
    <metrics statements="256" coveredstatements="225" conditionals="53" coveredconditionals="32" methods="20" coveredmethods="12" elements="329" coveredelements="269" complexity="0" loc="256" ncloc="256" packages="1" files="1" classes="1"/>
    <file name="tree.js" path="/Users/horaoen/dev/repo/christmas-tree/src/webgl/tree.js">
      <metrics statements="256" coveredstatements="225" conditionals="53" coveredconditionals="32" methods="20" coveredmethods="12"/>
      <line num="3" count="1" type="stmt"/>
      <line num="42" count="1" type="stmt"/>
      <line num="64" count="1" type="stmt"/>
      <line num="121" count="8" type="stmt"/>
      <line num="122" count="8" type="stmt"/>
      <line num="123" count="8" type="stmt"/>
      <line num="124" count="8" type="stmt"/>
      <line num="125" count="8" type="stmt"/>
      <line num="126" count="8" type="stmt"/>
      <line num="127" count="8" type="stmt"/>
      <line num="136" count="2" type="cond" truecount="4" falsecount="0"/>
      <line num="138" count="1" type="stmt"/>
      <line num="141" count="2" type="stmt"/>
      <line num="143" count="2" type="cond" truecount="2" falsecount="0"/>
      <line num="145" count="1" type="stmt"/>
      <line num="154" count="6" type="stmt"/>
      <line num="155" count="6" type="stmt"/>
      <line num="156" count="6" type="stmt"/>
      <line num="157" count="6" type="stmt"/>
      <line num="159" count="6" type="stmt"/>
      <line num="160" count="8" type="stmt"/>
      <line num="163" count="8" type="stmt"/>
      <line num="165" count="8" type="stmt"/>
      <line num="170" count="8" type="stmt"/>
      <line num="171" count="8" type="stmt"/>
      <line num="174" count="8" type="stmt"/>
      <line num="175" count="8" type="stmt"/>
      <line num="176" count="8" type="stmt"/>
      <line num="177" count="8" type="stmt"/>
      <line num="180" count="8" type="stmt"/>
      <line num="181" count="8" type="stmt"/>
      <line num="188" count="8" type="stmt"/>
      <line num="189" count="1" type="stmt"/>
      <line num="190" count="1" type="stmt"/>
      <line num="191" count="1" type="stmt"/>
      <line num="192" count="1" type="stmt"/>
      <line num="193" count="1" type="stmt"/>
      <line num="196" count="8" type="stmt"/>
      <line num="199" count="8" type="stmt"/>
      <line num="200" count="8" type="stmt"/>
      <line num="201" count="8" type="stmt"/>
      <line num="202" count="8" type="stmt"/>
      <line num="204" count="8" type="stmt"/>
      <line num="205" count="8" type="stmt"/>
      <line num="206" count="8" type="stmt"/>
      <line num="207" count="8" type="stmt"/>
      <line num="210" count="8" type="stmt"/>
      <line num="211" count="1" type="stmt"/>
      <line num="212" count="1" type="stmt"/>
      <line num="216" count="8" type="cond" truecount="2" falsecount="0"/>
      <line num="217" count="5" type="stmt"/>
      <line num="221" count="8" type="stmt"/>
      <line num="222" count="8" type="stmt"/>
      <line num="223" count="8" type="stmt"/>
      <line num="224" count="8" type="stmt"/>
      <line num="225" count="8" type="stmt"/>
      <line num="227" count="8" type="stmt"/>
      <line num="228" count="8" type="stmt"/>
      <line num="238" count="0" type="cond" truecount="0" falsecount="2"/>
      <line num="240" count="0" type="stmt"/>
      <line num="242" count="0" type="stmt"/>
      <line num="243" count="0" type="stmt"/>
      <line num="244" count="0" type="cond" truecount="0" falsecount="2"/>
      <line num="245" count="0" type="stmt"/>
      <line num="247" count="0" type="stmt"/>
      <line num="251" count="0" type="stmt"/>
      <line num="259" count="2" type="stmt"/>
      <line num="267" count="2" type="stmt"/>
      <line num="268" count="1" type="stmt"/>
      <line num="269" count="1" type="stmt"/>
      <line num="271" count="1" type="stmt"/>
      <line num="275" count="1" type="cond" truecount="1" falsecount="1"/>
      <line num="278" count="0" type="stmt"/>
      <line num="279" count="0" type="stmt"/>
      <line num="280" count="0" type="stmt"/>
      <line num="283" count="0" type="stmt"/>
      <line num="286" count="0" type="stmt"/>
      <line num="290" count="1" type="stmt"/>
      <line num="291" count="1" type="cond" truecount="1" falsecount="1"/>
      <line num="293" count="1" type="cond" truecount="1" falsecount="1"/>
      <line num="295" count="1" type="stmt"/>
      <line num="300" count="1" type="stmt"/>
      <line num="301" count="1" type="stmt"/>
      <line num="302" count="1" type="cond" truecount="1" falsecount="1"/>
      <line num="303" count="1" type="stmt"/>
      <line num="311" count="1" type="stmt"/>
      <line num="312" count="1" type="stmt"/>
      <line num="313" count="1" type="stmt"/>
      <line num="314" count="1" type="stmt"/>
      <line num="316" count="1" type="stmt"/>
      <line num="317" count="1" type="stmt"/>
      <line num="318" count="1" type="stmt"/>
      <line num="321" count="1" type="stmt"/>
      <line num="322" count="1" type="stmt"/>
      <line num="323" count="1" type="stmt"/>
      <line num="325" count="1" type="stmt"/>
      <line num="330" count="1" type="stmt"/>
      <line num="331" count="1" type="stmt"/>
      <line num="365" count="1" type="stmt"/>
      <line num="367" count="1" type="stmt"/>
      <line num="368" count="1" type="stmt"/>
      <line num="371" count="1" type="stmt"/>
      <line num="380" count="1" type="cond" truecount="1" falsecount="1"/>
      <line num="381" count="1" type="cond" truecount="1" falsecount="1"/>
      <line num="382" count="1" type="cond" truecount="1" falsecount="1"/>
      <line num="383" count="1" type="cond" truecount="1" falsecount="1"/>
      <line num="386" count="1" type="stmt"/>
      <line num="388" count="1" type="stmt"/>
      <line num="390" count="1" type="stmt"/>
      <line num="391" count="1" type="stmt"/>
      <line num="392" count="1" type="stmt"/>
      <line num="393" count="1" type="stmt"/>
      <line num="395" count="1" type="stmt"/>
      <line num="396" count="1" type="stmt"/>
      <line num="397" count="1" type="stmt"/>
      <line num="398" count="1" type="stmt"/>
      <line num="400" count="1" type="stmt"/>
      <line num="401" count="1" type="stmt"/>
      <line num="402" count="1" type="stmt"/>
      <line num="403" count="1" type="stmt"/>
      <line num="405" count="1" type="stmt"/>
      <line num="408" count="1" type="stmt"/>
      <line num="409" count="1" type="stmt"/>
      <line num="410" count="1" type="stmt"/>
      <line num="412" count="1" type="stmt"/>
      <line num="413" count="2000" type="stmt"/>
      <line num="415" count="2000" type="stmt"/>
      <line num="416" count="2000" type="stmt"/>
      <line num="418" count="2000" type="stmt"/>
      <line num="419" count="2000" type="stmt"/>
      <line num="420" count="2000" type="stmt"/>
      <line num="422" count="2000" type="stmt"/>
      <line num="426" count="2000" type="stmt"/>
      <line num="428" count="2000" type="stmt"/>
      <line num="431" count="2000" type="stmt"/>
      <line num="432" count="2000" type="stmt"/>
      <line num="436" count="1" type="stmt"/>
      <line num="438" count="1" type="stmt"/>
      <line num="439" count="10" type="stmt"/>
      <line num="440" count="10" type="stmt"/>
      <line num="441" count="10" type="stmt"/>
      <line num="443" count="10" type="stmt"/>
      <line num="444" count="10" type="stmt"/>
      <line num="446" count="10" type="stmt"/>
      <line num="448" count="10" type="stmt"/>
      <line num="449" count="25000" type="stmt"/>
      <line num="450" count="25000" type="stmt"/>
      <line num="452" count="25000" type="stmt"/>
      <line num="453" count="25000" type="stmt"/>
      <line num="457" count="25000" type="stmt"/>
      <line num="458" count="25000" type="stmt"/>
      <line num="460" count="25000" type="stmt"/>
      <line num="463" count="25000" type="stmt"/>
      <line num="464" count="25000" type="stmt"/>
      <line num="467" count="25000" type="stmt"/>
      <line num="468" count="25000" type="stmt"/>
      <line num="469" count="25000" type="stmt"/>
      <line num="470" count="25000" type="stmt"/>
      <line num="472" count="25000" type="stmt"/>
      <line num="473" count="25000" type="stmt"/>
      <line num="474" count="25000" type="stmt"/>
      <line num="476" count="25000" type="stmt"/>
      <line num="477" count="25000" type="stmt"/>
      <line num="481" count="25000" type="stmt"/>
      <line num="482" count="25000" type="stmt"/>
      <line num="483" count="25000" type="cond" truecount="2" falsecount="0"/>
      <line num="484" count="7470" type="stmt"/>
      <line num="486" count="17530" type="stmt"/>
      <line num="488" count="25000" type="stmt"/>
      <line num="489" count="25000" type="stmt"/>
      <line num="492" count="25000" type="cond" truecount="4" falsecount="0"/>
      <line num="493" count="1249" type="stmt"/>
      <line num="494" count="1249" type="stmt"/>
      <line num="495" count="1249" type="stmt"/>
      <line num="496" count="1249" type="stmt"/>
      <line num="504" count="1" type="stmt"/>
      <line num="505" count="1" type="stmt"/>
      <line num="506" count="1" type="stmt"/>
      <line num="507" count="1" type="stmt"/>
      <line num="508" count="1" type="stmt"/>
      <line num="510" count="1" type="stmt"/>
      <line num="520" count="1" type="stmt"/>
      <line num="521" count="1" type="stmt"/>
      <line num="524" count="1" type="stmt"/>
      <line num="525" count="1" type="stmt"/>
      <line num="526" count="1" type="stmt"/>
      <line num="527" count="1" type="stmt"/>
      <line num="528" count="1" type="stmt"/>
      <line num="530" count="1" type="stmt"/>
      <line num="540" count="1" type="stmt"/>
      <line num="541" count="1" type="stmt"/>
      <line num="544" count="1" type="stmt"/>
      <line num="545" count="1" type="stmt"/>
      <line num="546" count="1" type="stmt"/>
      <line num="547" count="1" type="stmt"/>
      <line num="548" count="1" type="stmt"/>
      <line num="550" count="1" type="stmt"/>
      <line num="560" count="1" type="stmt"/>
      <line num="561" count="1" type="stmt"/>
      <line num="564" count="1" type="stmt"/>
      <line num="565" count="1" type="stmt"/>
      <line num="566" count="1" type="stmt"/>
      <line num="567" count="1" type="stmt"/>
      <line num="569" count="1" type="stmt"/>
      <line num="570" count="1" type="stmt"/>
      <line num="571" count="1" type="stmt"/>
      <line num="572" count="1" type="stmt"/>
      <line num="573" count="1" type="stmt"/>
      <line num="575" count="1" type="stmt"/>
      <line num="585" count="1" type="stmt"/>
      <line num="586" count="1" type="stmt"/>
      <line num="590" count="0" type="stmt"/>
      <line num="594" count="0" type="cond" truecount="0" falsecount="4"/>
      <line num="603" count="0" type="stmt"/>
      <line num="606" count="0" type="stmt"/>
      <line num="611" count="0" type="stmt"/>
      <line num="615" count="0" type="stmt"/>
      <line num="616" count="0" type="stmt"/>
      <line num="621" count="0" type="stmt"/>
      <line num="622" count="0" type="stmt"/>
      <line num="624" count="0" type="stmt"/>
      <line num="627" count="0" type="stmt"/>
      <line num="628" count="0" type="stmt"/>
      <line num="632" count="0" type="stmt"/>
      <line num="633" count="0" type="stmt"/>
      <line num="639" count="0" type="stmt"/>
      <line num="640" count="0" type="cond" truecount="0" falsecount="2"/>
      <line num="641" count="0" type="stmt"/>
      <line num="642" count="0" type="stmt"/>
      <line num="648" count="1" type="cond" truecount="1" falsecount="1"/>
      <line num="649" count="1" type="stmt"/>
      <line num="650" count="1" type="stmt"/>
      <line num="651" count="1" type="stmt"/>
      <line num="653" count="1" type="stmt"/>
      <line num="654" count="1249" type="stmt"/>
      <line num="655" count="1249" type="stmt"/>
      <line num="656" count="1249" type="stmt"/>
      <line num="657" count="1249" type="stmt"/>
      <line num="659" count="1" type="stmt"/>
      <line num="663" count="1" type="cond" truecount="3" falsecount="1"/>
      <line num="664" count="1" type="stmt"/>
      <line num="665" count="1" type="stmt"/>
      <line num="666" count="1" type="stmt"/>
      <line num="668" count="1" type="stmt"/>
      <line num="669" count="25000" type="stmt"/>
      <line num="671" count="25000" type="stmt"/>
      <line num="672" count="25000" type="stmt"/>
      <line num="673" count="25000" type="stmt"/>
      <line num="674" count="25000" type="stmt"/>
      <line num="676" count="1" type="stmt"/>
      <line num="680" count="1" type="cond" truecount="3" falsecount="1"/>
      <line num="681" count="1" type="stmt"/>
      <line num="682" count="1" type="stmt"/>
      <line num="683" count="1" type="stmt"/>
      <line num="684" count="1" type="stmt"/>
      <line num="685" count="1" type="stmt"/>
    </file>
  </project>
</coverage>
