<?xml version="1.0" encoding="UTF-8"?>
<coverage generated="1766575621568" clover="3.2.0">
  <project timestamp="1766575621568" name="All files">
    <metrics statements="341" coveredstatements="298" conditionals="75" coveredconditionals="50" methods="29" coveredmethods="20" elements="445" coveredelements="368" complexity="0" loc="341" ncloc="341" packages="2" files="19" classes="19"/>
    <package name="images.ornaments">
      <metrics statements="0" coveredstatements="0" conditionals="0" coveredconditionals="0" methods="0" coveredmethods="0"/>
      <file name="1762667587949.JPEG" path="/Users/horaoen/dev/repo/christmas-tree/images/ornaments/1762667587949.JPEG">
        <metrics statements="0" coveredstatements="0" conditionals="0" coveredconditionals="0" methods="0" coveredmethods="0"/>
      </file>
      <file name="IMG_0778.JPG" path="/Users/horaoen/dev/repo/christmas-tree/images/ornaments/IMG_0778.JPG">
        <metrics statements="0" coveredstatements="0" conditionals="0" coveredconditionals="0" methods="0" coveredmethods="0"/>
      </file>
      <file name="IMG_1937.JPG" path="/Users/horaoen/dev/repo/christmas-tree/images/ornaments/IMG_1937.JPG">
        <metrics statements="0" coveredstatements="0" conditionals="0" coveredconditionals="0" methods="0" coveredmethods="0"/>
      </file>
      <file name="IMG_6471.JPG" path="/Users/horaoen/dev/repo/christmas-tree/images/ornaments/IMG_6471.JPG">
        <metrics statements="0" coveredstatements="0" conditionals="0" coveredconditionals="0" methods="0" coveredmethods="0"/>
      </file>
      <file name="IMG_6964.jpg" path="/Users/horaoen/dev/repo/christmas-tree/images/ornaments/IMG_6964.jpg">
        <metrics statements="0" coveredstatements="0" conditionals="0" coveredconditionals="0" methods="0" coveredmethods="0"/>
      </file>
      <file name="IMG_6965.jpg" path="/Users/horaoen/dev/repo/christmas-tree/images/ornaments/IMG_6965.jpg">
        <metrics statements="0" coveredstatements="0" conditionals="0" coveredconditionals="0" methods="0" coveredmethods="0"/>
      </file>
      <file name="IMG_6972.jpg" path="/Users/horaoen/dev/repo/christmas-tree/images/ornaments/IMG_6972.jpg">
        <metrics statements="0" coveredstatements="0" conditionals="0" coveredconditionals="0" methods="0" coveredmethods="0"/>
      </file>
      <file name="IMG_7459.jpg" path="/Users/horaoen/dev/repo/christmas-tree/images/ornaments/IMG_7459.jpg">
        <metrics statements="0" coveredstatements="0" conditionals="0" coveredconditionals="0" methods="0" coveredmethods="0"/>
      </file>
      <file name="IMG_8714.JPG" path="/Users/horaoen/dev/repo/christmas-tree/images/ornaments/IMG_8714.JPG">
        <metrics statements="0" coveredstatements="0" conditionals="0" coveredconditionals="0" methods="0" coveredmethods="0"/>
      </file>
      <file name="IMG_8716.JPG" path="/Users/horaoen/dev/repo/christmas-tree/images/ornaments/IMG_8716.JPG">
        <metrics statements="0" coveredstatements="0" conditionals="0" coveredconditionals="0" methods="0" coveredmethods="0"/>
      </file>
      <file name="IMG_8717.JPG" path="/Users/horaoen/dev/repo/christmas-tree/images/ornaments/IMG_8717.JPG">
        <metrics statements="0" coveredstatements="0" conditionals="0" coveredconditionals="0" methods="0" coveredmethods="0"/>
      </file>
      <file name="IMG_8721.JPG" path="/Users/horaoen/dev/repo/christmas-tree/images/ornaments/IMG_8721.JPG">
        <metrics statements="0" coveredstatements="0" conditionals="0" coveredconditionals="0" methods="0" coveredmethods="0"/>
      </file>
      <file name="IMG_8935.JPG" path="/Users/horaoen/dev/repo/christmas-tree/images/ornaments/IMG_8935.JPG">
        <metrics statements="0" coveredstatements="0" conditionals="0" coveredconditionals="0" methods="0" coveredmethods="0"/>
      </file>
      <file name="IMG_8936.JPG" path="/Users/horaoen/dev/repo/christmas-tree/images/ornaments/IMG_8936.JPG">
        <metrics statements="0" coveredstatements="0" conditionals="0" coveredconditionals="0" methods="0" coveredmethods="0"/>
      </file>
      <file name="IMG_8938.JPG" path="/Users/horaoen/dev/repo/christmas-tree/images/ornaments/IMG_8938.JPG">
        <metrics statements="0" coveredstatements="0" conditionals="0" coveredconditionals="0" methods="0" coveredmethods="0"/>
      </file>
      <file name="IMG_9184.JPG" path="/Users/horaoen/dev/repo/christmas-tree/images/ornaments/IMG_9184.JPG">
        <metrics statements="0" coveredstatements="0" conditionals="0" coveredconditionals="0" methods="0" coveredmethods="0"/>
      </file>
      <file name="IMG_9431.JPG" path="/Users/horaoen/dev/repo/christmas-tree/images/ornaments/IMG_9431.JPG">
        <metrics statements="0" coveredstatements="0" conditionals="0" coveredconditionals="0" methods="0" coveredmethods="0"/>
      </file>
      <file name="quality_restoration_20250912201657150.jpg" path="/Users/horaoen/dev/repo/christmas-tree/images/ornaments/quality_restoration_20250912201657150.jpg">
        <metrics statements="0" coveredstatements="0" conditionals="0" coveredconditionals="0" methods="0" coveredmethods="0"/>
      </file>
    </package>
    <package name="src.webgl">
      <metrics statements="341" coveredstatements="298" conditionals="75" coveredconditionals="50" methods="29" coveredmethods="20"/>
      <file name="tree.js" path="/Users/horaoen/dev/repo/christmas-tree/src/webgl/tree.js">
        <metrics statements="341" coveredstatements="298" conditionals="75" coveredconditionals="50" methods="29" coveredmethods="20"/>
        <line num="3" count="1" type="stmt"/>
        <line num="42" count="1" type="stmt"/>
        <line num="64" count="1" type="stmt"/>
        <line num="121" count="25" type="stmt"/>
        <line num="122" count="25" type="stmt"/>
        <line num="123" count="25" type="stmt"/>
        <line num="124" count="25" type="stmt"/>
        <line num="125" count="25" type="stmt"/>
        <line num="126" count="25" type="stmt"/>
        <line num="127" count="25" type="stmt"/>
        <line num="128" count="25" type="stmt"/>
        <line num="131" count="25" type="stmt"/>
        <line num="132" count="25" type="stmt"/>
        <line num="133" count="25" type="stmt"/>
        <line num="134" count="25" type="stmt"/>
        <line num="136" count="25" type="stmt"/>
        <line num="144" count="25" type="stmt"/>
        <line num="155" count="25" type="stmt"/>
        <line num="156" count="0" type="stmt"/>
        <line num="157" count="0" type="stmt"/>
        <line num="158" count="0" type="stmt"/>
        <line num="159" count="0" type="stmt"/>
        <line num="160" count="0" type="stmt"/>
        <line num="161" count="0" type="stmt"/>
        <line num="162" count="0" type="stmt"/>
        <line num="163" count="0" type="stmt"/>
        <line num="172" count="2" type="cond" truecount="4" falsecount="0"/>
        <line num="174" count="1" type="stmt"/>
        <line num="177" count="2" type="stmt"/>
        <line num="179" count="2" type="cond" truecount="2" falsecount="0"/>
        <line num="181" count="1" type="stmt"/>
        <line num="186" count="142" type="stmt"/>
        <line num="187" count="142" type="stmt"/>
        <line num="188" count="142" type="stmt"/>
        <line num="190" count="142" type="stmt"/>
        <line num="198" count="142" type="stmt"/>
        <line num="199" count="142" type="stmt"/>
        <line num="203" count="142" type="stmt"/>
        <line num="204" count="142" type="stmt"/>
        <line num="207" count="142" type="stmt"/>
        <line num="210" count="142" type="stmt"/>
        <line num="212" count="142" type="stmt"/>
        <line num="215" count="142" type="stmt"/>
        <line num="216" count="142" type="stmt"/>
        <line num="217" count="142" type="stmt"/>
        <line num="218" count="142" type="stmt"/>
        <line num="220" count="142" type="stmt"/>
        <line num="221" count="1" type="stmt"/>
        <line num="222" count="1" type="stmt"/>
        <line num="223" count="1" type="stmt"/>
        <line num="224" count="1" type="stmt"/>
        <line num="226" count="1" type="stmt"/>
        <line num="227" count="1" type="stmt"/>
        <line num="231" count="142" type="stmt"/>
        <line num="232" count="142" type="stmt"/>
        <line num="234" count="142" type="stmt"/>
        <line num="242" count="18" type="stmt"/>
        <line num="243" count="142" type="stmt"/>
        <line num="246" count="142" type="cond" truecount="2" falsecount="0"/>
        <line num="247" count="134" type="stmt"/>
        <line num="251" count="142" type="cond" truecount="2" falsecount="0"/>
        <line num="252" count="129" type="stmt"/>
        <line num="255" count="142" type="stmt"/>
        <line num="256" count="142" type="stmt"/>
        <line num="257" count="142" type="stmt"/>
        <line num="259" count="142" type="stmt"/>
        <line num="260" count="142" type="stmt"/>
        <line num="270" count="0" type="cond" truecount="0" falsecount="2"/>
        <line num="272" count="0" type="stmt"/>
        <line num="274" count="0" type="stmt"/>
        <line num="275" count="0" type="stmt"/>
        <line num="276" count="0" type="cond" truecount="0" falsecount="2"/>
        <line num="277" count="0" type="stmt"/>
        <line num="279" count="0" type="stmt"/>
        <line num="283" count="0" type="stmt"/>
        <line num="291" count="5" type="stmt"/>
        <line num="300" count="1" type="stmt"/>
        <line num="301" count="3" type="stmt"/>
        <line num="302" count="3" type="stmt"/>
        <line num="305" count="3" type="cond" truecount="1" falsecount="1"/>
        <line num="306" count="3" type="cond" truecount="1" falsecount="1"/>
        <line num="308" count="3" type="stmt"/>
        <line num="318" count="5" type="cond" truecount="1" falsecount="1"/>
        <line num="320" count="5" type="cond" truecount="2" falsecount="0"/>
        <line num="321" count="5" type="stmt"/>
        <line num="324" count="5" type="stmt"/>
        <line num="333" count="2" type="stmt"/>
        <line num="335" count="2" type="stmt"/>
        <line num="336" count="2" type="stmt"/>
        <line num="337" count="2" type="stmt"/>
        <line num="339" count="2" type="stmt"/>
        <line num="343" count="2" type="cond" truecount="1" falsecount="1"/>
        <line num="346" count="0" type="stmt"/>
        <line num="347" count="0" type="stmt"/>
        <line num="348" count="0" type="stmt"/>
        <line num="350" count="0" type="stmt"/>
        <line num="351" count="0" type="stmt"/>
        <line num="358" count="2" type="stmt"/>
        <line num="359" count="2" type="stmt"/>
        <line num="361" count="2" type="stmt"/>
        <line num="362" count="2" type="cond" truecount="1" falsecount="1"/>
        <line num="364" count="2" type="cond" truecount="2" falsecount="0"/>
        <line num="365" count="1" type="stmt"/>
        <line num="370" count="2" type="stmt"/>
        <line num="371" count="2" type="stmt"/>
        <line num="372" count="2" type="cond" truecount="1" falsecount="1"/>
        <line num="373" count="2" type="stmt"/>
        <line num="381" count="7" type="stmt"/>
        <line num="382" count="7" type="stmt"/>
        <line num="383" count="7" type="stmt"/>
        <line num="384" count="7" type="stmt"/>
        <line num="386" count="7" type="stmt"/>
        <line num="387" count="7" type="stmt"/>
        <line num="388" count="7" type="stmt"/>
        <line num="391" count="7" type="stmt"/>
        <line num="392" count="7" type="stmt"/>
        <line num="393" count="7" type="stmt"/>
        <line num="395" count="7" type="stmt"/>
        <line num="400" count="7" type="stmt"/>
        <line num="401" count="7" type="stmt"/>
        <line num="435" count="7" type="stmt"/>
        <line num="437" count="7" type="stmt"/>
        <line num="438" count="7" type="stmt"/>
        <line num="441" count="7" type="stmt"/>
        <line num="445" count="7" type="stmt"/>
        <line num="447" count="7" type="stmt"/>
        <line num="452" count="7" type="cond" truecount="1" falsecount="1"/>
        <line num="453" count="7" type="cond" truecount="1" falsecount="1"/>
        <line num="454" count="7" type="cond" truecount="1" falsecount="1"/>
        <line num="455" count="7" type="cond" truecount="1" falsecount="1"/>
        <line num="458" count="7" type="stmt"/>
        <line num="460" count="7" type="stmt"/>
        <line num="462" count="7" type="stmt"/>
        <line num="463" count="7" type="stmt"/>
        <line num="464" count="7" type="stmt"/>
        <line num="465" count="7" type="stmt"/>
        <line num="467" count="7" type="stmt"/>
        <line num="468" count="7" type="stmt"/>
        <line num="469" count="7" type="stmt"/>
        <line num="470" count="7" type="stmt"/>
        <line num="472" count="7" type="stmt"/>
        <line num="473" count="7" type="stmt"/>
        <line num="474" count="7" type="stmt"/>
        <line num="475" count="7" type="stmt"/>
        <line num="477" count="7" type="stmt"/>
        <line num="480" count="7" type="stmt"/>
        <line num="481" count="7" type="stmt"/>
        <line num="482" count="7" type="stmt"/>
        <line num="484" count="7" type="stmt"/>
        <line num="485" count="14000" type="stmt"/>
        <line num="487" count="14000" type="stmt"/>
        <line num="488" count="14000" type="stmt"/>
        <line num="490" count="14000" type="stmt"/>
        <line num="491" count="14000" type="stmt"/>
        <line num="492" count="14000" type="stmt"/>
        <line num="494" count="14000" type="stmt"/>
        <line num="498" count="14000" type="stmt"/>
        <line num="500" count="14000" type="stmt"/>
        <line num="503" count="14000" type="stmt"/>
        <line num="504" count="14000" type="stmt"/>
        <line num="508" count="7" type="stmt"/>
        <line num="510" count="7" type="stmt"/>
        <line num="511" count="70" type="stmt"/>
        <line num="512" count="70" type="stmt"/>
        <line num="513" count="70" type="stmt"/>
        <line num="515" count="70" type="stmt"/>
        <line num="516" count="70" type="stmt"/>
        <line num="518" count="70" type="stmt"/>
        <line num="520" count="70" type="stmt"/>
        <line num="521" count="175000" type="stmt"/>
        <line num="522" count="175000" type="stmt"/>
        <line num="524" count="175000" type="stmt"/>
        <line num="525" count="175000" type="stmt"/>
        <line num="529" count="175000" type="stmt"/>
        <line num="530" count="175000" type="stmt"/>
        <line num="532" count="175000" type="stmt"/>
        <line num="535" count="175000" type="stmt"/>
        <line num="536" count="175000" type="stmt"/>
        <line num="539" count="175000" type="stmt"/>
        <line num="540" count="175000" type="stmt"/>
        <line num="541" count="175000" type="stmt"/>
        <line num="542" count="175000" type="stmt"/>
        <line num="544" count="175000" type="stmt"/>
        <line num="545" count="175000" type="stmt"/>
        <line num="546" count="175000" type="stmt"/>
        <line num="548" count="175000" type="stmt"/>
        <line num="549" count="175000" type="stmt"/>
        <line num="553" count="175000" type="stmt"/>
        <line num="554" count="175000" type="stmt"/>
        <line num="555" count="175000" type="cond" truecount="2" falsecount="0"/>
        <line num="556" count="52434" type="stmt"/>
        <line num="558" count="122566" type="stmt"/>
        <line num="560" count="175000" type="stmt"/>
        <line num="561" count="175000" type="stmt"/>
        <line num="564" count="175000" type="cond" truecount="4" falsecount="0"/>
        <line num="565" count="8767" type="stmt"/>
        <line num="566" count="8767" type="stmt"/>
        <line num="567" count="8767" type="stmt"/>
        <line num="568" count="8767" type="stmt"/>
        <line num="576" count="7" type="stmt"/>
        <line num="577" count="7" type="stmt"/>
        <line num="578" count="7" type="stmt"/>
        <line num="579" count="7" type="stmt"/>
        <line num="580" count="7" type="stmt"/>
        <line num="582" count="7" type="stmt"/>
        <line num="592" count="7" type="stmt"/>
        <line num="593" count="7" type="stmt"/>
        <line num="596" count="7" type="stmt"/>
        <line num="597" count="7" type="stmt"/>
        <line num="598" count="7" type="stmt"/>
        <line num="599" count="7" type="stmt"/>
        <line num="600" count="7" type="stmt"/>
        <line num="602" count="7" type="stmt"/>
        <line num="612" count="7" type="stmt"/>
        <line num="613" count="7" type="stmt"/>
        <line num="616" count="7" type="stmt"/>
        <line num="617" count="7" type="stmt"/>
        <line num="618" count="7" type="stmt"/>
        <line num="619" count="7" type="stmt"/>
        <line num="620" count="7" type="stmt"/>
        <line num="622" count="7" type="stmt"/>
        <line num="632" count="7" type="stmt"/>
        <line num="633" count="7" type="stmt"/>
        <line num="636" count="7" type="stmt"/>
        <line num="637" count="7" type="stmt"/>
        <line num="638" count="7" type="stmt"/>
        <line num="639" count="7" type="stmt"/>
        <line num="641" count="7" type="stmt"/>
        <line num="642" count="7" type="stmt"/>
        <line num="643" count="7" type="stmt"/>
        <line num="644" count="7" type="stmt"/>
        <line num="645" count="7" type="stmt"/>
        <line num="647" count="7" type="stmt"/>
        <line num="657" count="7" type="stmt"/>
        <line num="658" count="7" type="stmt"/>
        <line num="662" count="0" type="stmt"/>
        <line num="666" count="0" type="cond" truecount="0" falsecount="4"/>
        <line num="675" count="0" type="stmt"/>
        <line num="678" count="0" type="stmt"/>
        <line num="687" count="3" type="stmt"/>
        <line num="688" count="3" type="cond" truecount="3" falsecount="1"/>
        <line num="691" count="3" type="stmt"/>
        <line num="692" count="3" type="stmt"/>
        <line num="694" count="3" type="stmt"/>
        <line num="697" count="3" type="stmt"/>
        <line num="700" count="3" type="stmt"/>
        <line num="704" count="3" type="stmt"/>
        <line num="705" count="3" type="stmt"/>
        <line num="708" count="3" type="stmt"/>
        <line num="711" count="3" type="stmt"/>
        <line num="713" count="3" type="stmt"/>
        <line num="717" count="0" type="stmt"/>
        <line num="721" count="0" type="stmt"/>
        <line num="722" count="0" type="stmt"/>
        <line num="727" count="0" type="stmt"/>
        <line num="728" count="0" type="stmt"/>
        <line num="730" count="0" type="stmt"/>
        <line num="733" count="0" type="stmt"/>
        <line num="734" count="0" type="stmt"/>
        <line num="738" count="0" type="stmt"/>
        <line num="739" count="0" type="stmt"/>
        <line num="745" count="0" type="stmt"/>
        <line num="746" count="0" type="cond" truecount="0" falsecount="2"/>
        <line num="747" count="0" type="stmt"/>
        <line num="748" count="0" type="stmt"/>
        <line num="754" count="7" type="cond" truecount="1" falsecount="1"/>
        <line num="755" count="7" type="stmt"/>
        <line num="756" count="7" type="stmt"/>
        <line num="757" count="7" type="stmt"/>
        <line num="759" count="7" type="stmt"/>
        <line num="760" count="8767" type="stmt"/>
        <line num="761" count="8767" type="stmt"/>
        <line num="762" count="8767" type="stmt"/>
        <line num="763" count="8767" type="stmt"/>
        <line num="765" count="7" type="stmt"/>
        <line num="769" count="7" type="cond" truecount="3" falsecount="1"/>
        <line num="770" count="7" type="stmt"/>
        <line num="771" count="7" type="stmt"/>
        <line num="772" count="7" type="stmt"/>
        <line num="774" count="7" type="stmt"/>
        <line num="775" count="175000" type="stmt"/>
        <line num="777" count="175000" type="stmt"/>
        <line num="778" count="175000" type="stmt"/>
        <line num="779" count="175000" type="stmt"/>
        <line num="780" count="175000" type="stmt"/>
        <line num="782" count="7" type="stmt"/>
        <line num="786" count="7" type="cond" truecount="3" falsecount="1"/>
        <line num="787" count="7" type="stmt"/>
        <line num="788" count="7" type="stmt"/>
        <line num="789" count="7" type="stmt"/>
        <line num="790" count="7" type="stmt"/>
        <line num="791" count="7" type="stmt"/>
        <line num="800" count="8" type="stmt"/>
        <line num="801" count="8" type="stmt"/>
        <line num="803" count="8" type="stmt"/>
        <line num="804" count="8" type="stmt"/>
        <line num="805" count="129" type="stmt"/>
        <line num="808" count="129" type="stmt"/>
        <line num="809" count="129" type="stmt"/>
        <line num="812" count="129" type="stmt"/>
        <line num="815" count="129" type="stmt"/>
        <line num="816" count="129" type="stmt"/>
        <line num="817" count="129" type="stmt"/>
        <line num="819" count="129" type="stmt"/>
        <line num="827" count="8" type="stmt"/>
        <line num="838" count="638" type="stmt"/>
        <line num="843" count="638" type="stmt"/>
        <line num="845" count="638" type="stmt"/>
        <line num="846" count="638" type="stmt"/>
        <line num="848" count="638" type="stmt"/>
        <line num="867" count="131" type="stmt"/>
        <line num="872" count="131" type="stmt"/>
        <line num="873" count="131" type="stmt"/>
        <line num="875" count="131" type="stmt"/>
        <line num="876" count="131" type="stmt"/>
        <line num="885" count="9" type="stmt"/>
        <line num="886" count="9" type="stmt"/>
        <line num="887" count="9" type="stmt"/>
        <line num="889" count="9" type="stmt"/>
        <line num="890" count="156" type="stmt"/>
        <line num="891" count="156" type="stmt"/>
        <line num="893" count="156" type="stmt"/>
        <line num="896" count="635" type="stmt"/>
        <line num="897" count="635" type="stmt"/>
        <line num="899" count="635" type="stmt"/>
        <line num="902" count="635" type="stmt"/>
        <line num="903" count="635" type="stmt"/>
        <line num="904" count="4157" type="cond" truecount="2" falsecount="0"/>
        <line num="905" count="479" type="stmt"/>
        <line num="906" count="479" type="stmt"/>
        <line num="910" count="635" type="cond" truecount="2" falsecount="0"/>
        <line num="911" count="156" type="stmt"/>
        <line num="912" count="156" type="stmt"/>
        <line num="913" count="156" type="stmt"/>
        <line num="917" count="156" type="cond" truecount="1" falsecount="1"/>
        <line num="918" count="156" type="stmt"/>
        <line num="920" count="0" type="stmt"/>
        <line num="923" count="0" type="stmt"/>
        <line num="924" count="0" type="stmt"/>
        <line num="925" count="0" type="stmt"/>
        <line num="928" count="9" type="stmt"/>
      </file>
    </package>
  </project>
</coverage>
