{"/Users/horaoen/dev/repo/christmas-tree/src/webgl/tree.js": {"path":"/Users/horaoen/dev/repo/christmas-tree/src/webgl/tree.js","statementMap":{"0":{"start":{"line":3,"column":21},"end":{"line":40,"column":1}},"1":{"start":{"line":42,"column":23},"end":{"line":62,"column":1}},"2":{"start":{"line":64,"column":27},"end":{"line":117,"column":1}},"3":{"start":{"line":121,"column":8},"end":{"line":121,"column":null}},"4":{"start":{"line":122,"column":8},"end":{"line":122,"column":null}},"5":{"start":{"line":123,"column":8},"end":{"line":123,"column":null}},"6":{"start":{"line":124,"column":8},"end":{"line":124,"column":null}},"7":{"start":{"line":125,"column":8},"end":{"line":125,"column":null}},"8":{"start":{"line":126,"column":8},"end":{"line":126,"column":null}},"9":{"start":{"line":127,"column":8},"end":{"line":127,"column":null}},"10":{"start":{"line":136,"column":8},"end":{"line":139,"column":null}},"11":{"start":{"line":138,"column":12},"end":{"line":138,"column":null}},"12":{"start":{"line":141,"column":8},"end":{"line":141,"column":null}},"13":{"start":{"line":143,"column":8},"end":{"line":146,"column":null}},"14":{"start":{"line":145,"column":12},"end":{"line":145,"column":null}},"15":{"start":{"line":154,"column":27},"end":{"line":154,"column":31}},"16":{"start":{"line":155,"column":28},"end":{"line":155,"column":32}},"17":{"start":{"line":156,"column":29},"end":{"line":156,"column":33}},"18":{"start":{"line":157,"column":29},"end":{"line":157,"column":33}},"19":{"start":{"line":159,"column":8},"end":{"line":229,"column":null}},"20":{"start":{"line":160,"column":26},"end":{"line":160,"column":43}},"21":{"start":{"line":163,"column":34},"end":{"line":163,"column":82}},"22":{"start":{"line":165,"column":34},"end":{"line":169,"column":14}},"23":{"start":{"line":170,"column":30},"end":{"line":170,"column":74}},"24":{"start":{"line":171,"column":12},"end":{"line":171,"column":40}},"25":{"start":{"line":174,"column":34},"end":{"line":174,"column":112}},"26":{"start":{"line":175,"column":34},"end":{"line":175,"column":82}},"27":{"start":{"line":176,"column":30},"end":{"line":176,"column":74}},"28":{"start":{"line":177,"column":12},"end":{"line":177,"column":null}},"29":{"start":{"line":180,"column":34},"end":{"line":180,"column":116}},"30":{"start":{"line":181,"column":34},"end":{"line":185,"column":14}},"31":{"start":{"line":188,"column":12},"end":{"line":194,"column":null}},"32":{"start":{"line":189,"column":16},"end":{"line":189,"column":null}},"33":{"start":{"line":190,"column":16},"end":{"line":190,"column":null}},"34":{"start":{"line":191,"column":16},"end":{"line":191,"column":null}},"35":{"start":{"line":192,"column":16},"end":{"line":192,"column":null}},"36":{"start":{"line":193,"column":16},"end":{"line":193,"column":null}},"37":{"start":{"line":196,"column":30},"end":{"line":196,"column":74}},"38":{"start":{"line":199,"column":33},"end":{"line":199,"column":76}},"39":{"start":{"line":200,"column":33},"end":{"line":200,"column":116}},"40":{"start":{"line":201,"column":29},"end":{"line":201,"column":71}},"41":{"start":{"line":202,"column":12},"end":{"line":202,"column":null}},"42":{"start":{"line":204,"column":12},"end":{"line":204,"column":null}},"43":{"start":{"line":205,"column":12},"end":{"line":205,"column":null}},"44":{"start":{"line":206,"column":12},"end":{"line":206,"column":null}},"45":{"start":{"line":207,"column":12},"end":{"line":207,"column":null}},"46":{"start":{"line":210,"column":12},"end":{"line":213,"column":null}},"47":{"start":{"line":211,"column":16},"end":{"line":211,"column":null}},"48":{"start":{"line":212,"column":16},"end":{"line":212,"column":null}},"49":{"start":{"line":216,"column":12},"end":{"line":218,"column":null}},"50":{"start":{"line":217,"column":16},"end":{"line":217,"column":null}},"51":{"start":{"line":221,"column":12},"end":{"line":221,"column":null}},"52":{"start":{"line":222,"column":12},"end":{"line":222,"column":null}},"53":{"start":{"line":223,"column":12},"end":{"line":223,"column":null}},"54":{"start":{"line":224,"column":12},"end":{"line":224,"column":null}},"55":{"start":{"line":225,"column":12},"end":{"line":225,"column":null}},"56":{"start":{"line":227,"column":12},"end":{"line":227,"column":null}},"57":{"start":{"line":228,"column":12},"end":{"line":228,"column":null}},"58":{"start":{"line":238,"column":8},"end":{"line":250,"column":null}},"59":{"start":{"line":240,"column":12},"end":{"line":249,"column":null}},"60":{"start":{"line":242,"column":30},"end":{"line":242,"column":46}},"61":{"start":{"line":243,"column":16},"end":{"line":248,"column":null}},"62":{"start":{"line":244,"column":20},"end":{"line":246,"column":null}},"63":{"start":{"line":245,"column":24},"end":{"line":245,"column":null}},"64":{"start":{"line":247,"column":20},"end":{"line":247,"column":null}},"65":{"start":{"line":251,"column":8},"end":{"line":251,"column":null}},"66":{"start":{"line":259,"column":8},"end":{"line":259,"column":null}},"67":{"start":{"line":267,"column":8},"end":{"line":305,"column":null}},"68":{"start":{"line":268,"column":31},"end":{"line":268,"column":65}},"69":{"start":{"line":269,"column":30},"end":{"line":269,"column":63}},"70":{"start":{"line":271,"column":30},"end":{"line":271,"column":69}},"71":{"start":{"line":275,"column":12},"end":{"line":297,"column":null}},"72":{"start":{"line":278,"column":40},"end":{"line":278,"column":59}},"73":{"start":{"line":279,"column":16},"end":{"line":279,"column":null}},"74":{"start":{"line":280,"column":16},"end":{"line":280,"column":null}},"75":{"start":{"line":283,"column":16},"end":{"line":283,"column":null}},"76":{"start":{"line":286,"column":16},"end":{"line":286,"column":47}},"77":{"start":{"line":290,"column":16},"end":{"line":290,"column":null}},"78":{"start":{"line":291,"column":16},"end":{"line":291,"column":null}},"79":{"start":{"line":293,"column":16},"end":{"line":296,"column":null}},"80":{"start":{"line":295,"column":20},"end":{"line":295,"column":null}},"81":{"start":{"line":300,"column":12},"end":{"line":300,"column":null}},"82":{"start":{"line":301,"column":12},"end":{"line":301,"column":null}},"83":{"start":{"line":302,"column":12},"end":{"line":304,"column":null}},"84":{"start":{"line":303,"column":16},"end":{"line":303,"column":null}},"85":{"start":{"line":311,"column":8},"end":{"line":311,"column":43}},"86":{"start":{"line":312,"column":8},"end":{"line":312,"column":null}},"87":{"start":{"line":313,"column":8},"end":{"line":313,"column":null}},"88":{"start":{"line":314,"column":8},"end":{"line":314,"column":null}},"89":{"start":{"line":316,"column":8},"end":{"line":316,"column":null}},"90":{"start":{"line":317,"column":8},"end":{"line":317,"column":null}},"91":{"start":{"line":318,"column":8},"end":{"line":318,"column":null}},"92":{"start":{"line":321,"column":8},"end":{"line":321,"column":null}},"93":{"start":{"line":322,"column":8},"end":{"line":322,"column":null}},"94":{"start":{"line":323,"column":8},"end":{"line":323,"column":null}},"95":{"start":{"line":325,"column":8},"end":{"line":328,"column":null}},"96":{"start":{"line":330,"column":8},"end":{"line":330,"column":null}},"97":{"start":{"line":331,"column":8},"end":{"line":364,"column":null}},"98":{"start":{"line":365,"column":8},"end":{"line":365,"column":null}},"99":{"start":{"line":367,"column":8},"end":{"line":367,"column":null}},"100":{"start":{"line":368,"column":8},"end":{"line":368,"column":null}},"101":{"start":{"line":371,"column":8},"end":{"line":375,"column":null}},"102":{"start":{"line":380,"column":8},"end":{"line":380,"column":null}},"103":{"start":{"line":380,"column":32},"end":{"line":380,"column":null}},"104":{"start":{"line":381,"column":8},"end":{"line":381,"column":null}},"105":{"start":{"line":381,"column":33},"end":{"line":381,"column":null}},"106":{"start":{"line":382,"column":8},"end":{"line":382,"column":null}},"107":{"start":{"line":382,"column":28},"end":{"line":382,"column":null}},"108":{"start":{"line":383,"column":8},"end":{"line":383,"column":null}},"109":{"start":{"line":383,"column":30},"end":{"line":383,"column":null}},"110":{"start":{"line":386,"column":27},"end":{"line":386,"column":29}},"111":{"start":{"line":388,"column":28},"end":{"line":388,"column":56}},"112":{"start":{"line":390,"column":27},"end":{"line":390,"column":29}},"113":{"start":{"line":391,"column":30},"end":{"line":391,"column":32}},"114":{"start":{"line":392,"column":29},"end":{"line":392,"column":31}},"115":{"start":{"line":393,"column":30},"end":{"line":393,"column":32}},"116":{"start":{"line":395,"column":28},"end":{"line":395,"column":30}},"117":{"start":{"line":396,"column":31},"end":{"line":396,"column":33}},"118":{"start":{"line":397,"column":30},"end":{"line":397,"column":32}},"119":{"start":{"line":398,"column":31},"end":{"line":398,"column":33}},"120":{"start":{"line":400,"column":25},"end":{"line":400,"column":27}},"121":{"start":{"line":401,"column":28},"end":{"line":401,"column":30}},"122":{"start":{"line":402,"column":27},"end":{"line":402,"column":29}},"123":{"start":{"line":403,"column":28},"end":{"line":403,"column":30}},"124":{"start":{"line":405,"column":22},"end":{"line":405,"column":39}},"125":{"start":{"line":408,"column":31},"end":{"line":408,"column":68}},"126":{"start":{"line":409,"column":28},"end":{"line":409,"column":49}},"127":{"start":{"line":410,"column":28},"end":{"line":410,"column":31}},"128":{"start":{"line":412,"column":8},"end":{"line":433,"column":null}},"129":{"start":{"line":412,"column":21},"end":{"line":412,"column":22}},"130":{"start":{"line":413,"column":22},"end":{"line":413,"column":59}},"131":{"start":{"line":415,"column":22},"end":{"line":415,"column":94}},"132":{"start":{"line":416,"column":26},"end":{"line":416,"column":53}},"133":{"start":{"line":418,"column":22},"end":{"line":418,"column":41}},"134":{"start":{"line":419,"column":22},"end":{"line":419,"column":41}},"135":{"start":{"line":420,"column":22},"end":{"line":420,"column":45}},"136":{"start":{"line":422,"column":12},"end":{"line":422,"column":null}},"137":{"start":{"line":426,"column":30},"end":{"line":426,"column":75}},"138":{"start":{"line":428,"column":12},"end":{"line":428,"column":null}},"139":{"start":{"line":431,"column":12},"end":{"line":431,"column":null}},"140":{"start":{"line":432,"column":12},"end":{"line":432,"column":null}},"141":{"start":{"line":436,"column":38},"end":{"line":436,"column":56}},"142":{"start":{"line":438,"column":8},"end":{"line":499,"column":null}},"143":{"start":{"line":438,"column":21},"end":{"line":438,"column":22}},"144":{"start":{"line":439,"column":22},"end":{"line":439,"column":42}},"145":{"start":{"line":440,"column":27},"end":{"line":440,"column":55}},"146":{"start":{"line":441,"column":36},"end":{"line":441,"column":70}},"147":{"start":{"line":443,"column":32},"end":{"line":443,"column":53}},"148":{"start":{"line":444,"column":32},"end":{"line":444,"column":39}},"149":{"start":{"line":446,"column":38},"end":{"line":446,"column":84}},"150":{"start":{"line":448,"column":12},"end":{"line":498,"column":null}},"151":{"start":{"line":448,"column":25},"end":{"line":448,"column":26}},"152":{"start":{"line":449,"column":36},"end":{"line":449,"column":75}},"153":{"start":{"line":450,"column":40},"end":{"line":450,"column":95}},"154":{"start":{"line":452,"column":30},"end":{"line":452,"column":58}},"155":{"start":{"line":453,"column":26},"end":{"line":453,"column":49}},"156":{"start":{"line":457,"column":31},"end":{"line":457,"column":48}},"157":{"start":{"line":458,"column":30},"end":{"line":458,"column":78}},"158":{"start":{"line":460,"column":30},"end":{"line":460,"column":56}},"159":{"start":{"line":463,"column":40},"end":{"line":463,"column":57}},"160":{"start":{"line":464,"column":26},"end":{"line":464,"column":65}},"161":{"start":{"line":467,"column":31},"end":{"line":467,"column":35}},"162":{"start":{"line":468,"column":27},"end":{"line":468,"column":57}},"163":{"start":{"line":469,"column":27},"end":{"line":469,"column":57}},"164":{"start":{"line":470,"column":27},"end":{"line":470,"column":57}},"165":{"start":{"line":472,"column":26},"end":{"line":472,"column":50}},"166":{"start":{"line":473,"column":26},"end":{"line":473,"column":50}},"167":{"start":{"line":474,"column":26},"end":{"line":474,"column":71}},"168":{"start":{"line":476,"column":16},"end":{"line":476,"column":null}},"169":{"start":{"line":477,"column":16},"end":{"line":477,"column":44}},"170":{"start":{"line":481,"column":35},"end":{"line":481,"column":48}},"171":{"start":{"line":482,"column":28},"end":{"line":482,"column":31}},"172":{"start":{"line":483,"column":16},"end":{"line":487,"column":null}},"173":{"start":{"line":484,"column":20},"end":{"line":484,"column":71}},"174":{"start":{"line":486,"column":20},"end":{"line":486,"column":71}},"175":{"start":{"line":488,"column":16},"end":{"line":488,"column":null}},"176":{"start":{"line":489,"column":16},"end":{"line":489,"column":null}},"177":{"start":{"line":492,"column":16},"end":{"line":497,"column":null}},"178":{"start":{"line":493,"column":20},"end":{"line":493,"column":null}},"179":{"start":{"line":494,"column":20},"end":{"line":494,"column":null}},"180":{"start":{"line":495,"column":20},"end":{"line":495,"column":null}},"181":{"start":{"line":496,"column":20},"end":{"line":496,"column":null}},"182":{"start":{"line":504,"column":25},"end":{"line":504,"column":51}},"183":{"start":{"line":505,"column":8},"end":{"line":505,"column":null}},"184":{"start":{"line":506,"column":8},"end":{"line":506,"column":null}},"185":{"start":{"line":507,"column":8},"end":{"line":507,"column":null}},"186":{"start":{"line":508,"column":8},"end":{"line":508,"column":null}},"187":{"start":{"line":510,"column":30},"end":{"line":518,"column":10}},"188":{"start":{"line":520,"column":8},"end":{"line":520,"column":null}},"189":{"start":{"line":521,"column":8},"end":{"line":521,"column":null}},"190":{"start":{"line":524,"column":27},"end":{"line":524,"column":53}},"191":{"start":{"line":525,"column":8},"end":{"line":525,"column":null}},"192":{"start":{"line":526,"column":8},"end":{"line":526,"column":null}},"193":{"start":{"line":527,"column":8},"end":{"line":527,"column":null}},"194":{"start":{"line":528,"column":8},"end":{"line":528,"column":null}},"195":{"start":{"line":530,"column":32},"end":{"line":538,"column":10}},"196":{"start":{"line":540,"column":8},"end":{"line":540,"column":null}},"197":{"start":{"line":541,"column":8},"end":{"line":541,"column":null}},"198":{"start":{"line":544,"column":28},"end":{"line":544,"column":54}},"199":{"start":{"line":545,"column":8},"end":{"line":545,"column":null}},"200":{"start":{"line":546,"column":8},"end":{"line":546,"column":null}},"201":{"start":{"line":547,"column":8},"end":{"line":547,"column":null}},"202":{"start":{"line":548,"column":8},"end":{"line":548,"column":null}},"203":{"start":{"line":550,"column":33},"end":{"line":558,"column":10}},"204":{"start":{"line":560,"column":8},"end":{"line":560,"column":null}},"205":{"start":{"line":561,"column":8},"end":{"line":561,"column":null}},"206":{"start":{"line":564,"column":24},"end":{"line":564,"column":58}},"207":{"start":{"line":565,"column":27},"end":{"line":565,"column":42}},"208":{"start":{"line":566,"column":26},"end":{"line":566,"column":31}},"209":{"start":{"line":567,"column":27},"end":{"line":567,"column":32}},"210":{"start":{"line":569,"column":24},"end":{"line":569,"column":50}},"211":{"start":{"line":570,"column":8},"end":{"line":570,"column":null}},"212":{"start":{"line":571,"column":8},"end":{"line":571,"column":null}},"213":{"start":{"line":572,"column":8},"end":{"line":572,"column":null}},"214":{"start":{"line":573,"column":8},"end":{"line":573,"column":null}},"215":{"start":{"line":575,"column":29},"end":{"line":583,"column":10}},"216":{"start":{"line":585,"column":8},"end":{"line":585,"column":null}},"217":{"start":{"line":586,"column":8},"end":{"line":586,"column":null}},"218":{"start":{"line":590,"column":8},"end":{"line":590,"column":null}},"219":{"start":{"line":594,"column":8},"end":{"line":607,"column":null}},"220":{"start":{"line":603,"column":27},"end":{"line":603,"column":47}},"221":{"start":{"line":606,"column":12},"end":{"line":606,"column":null}},"222":{"start":{"line":611,"column":8},"end":{"line":611,"column":null}},"223":{"start":{"line":615,"column":8},"end":{"line":615,"column":null}},"224":{"start":{"line":616,"column":8},"end":{"line":616,"column":null}},"225":{"start":{"line":621,"column":24},"end":{"line":621,"column":70}},"226":{"start":{"line":622,"column":8},"end":{"line":622,"column":null}},"227":{"start":{"line":624,"column":8},"end":{"line":624,"column":null}},"228":{"start":{"line":627,"column":8},"end":{"line":627,"column":null}},"229":{"start":{"line":628,"column":8},"end":{"line":628,"column":null}},"230":{"start":{"line":632,"column":8},"end":{"line":632,"column":null}},"231":{"start":{"line":633,"column":8},"end":{"line":633,"column":null}},"232":{"start":{"line":639,"column":22},"end":{"line":639,"column":75}},"233":{"start":{"line":639,"column":54},"end":{"line":639,"column":74}},"234":{"start":{"line":640,"column":8},"end":{"line":643,"column":null}},"235":{"start":{"line":641,"column":12},"end":{"line":641,"column":null}},"236":{"start":{"line":642,"column":12},"end":{"line":642,"column":null}},"237":{"start":{"line":648,"column":8},"end":{"line":660,"column":null}},"238":{"start":{"line":649,"column":27},"end":{"line":649,"column":78}},"239":{"start":{"line":650,"column":33},"end":{"line":650,"column":51}},"240":{"start":{"line":651,"column":26},"end":{"line":651,"column":80}},"241":{"start":{"line":653,"column":12},"end":{"line":658,"column":null}},"242":{"start":{"line":653,"column":25},"end":{"line":653,"column":26}},"243":{"start":{"line":654,"column":36},"end":{"line":654,"column":73}},"244":{"start":{"line":655,"column":16},"end":{"line":655,"column":null}},"245":{"start":{"line":656,"column":16},"end":{"line":656,"column":null}},"246":{"start":{"line":657,"column":16},"end":{"line":657,"column":null}},"247":{"start":{"line":659,"column":12},"end":{"line":659,"column":null}},"248":{"start":{"line":663,"column":8},"end":{"line":677,"column":null}},"249":{"start":{"line":664,"column":27},"end":{"line":664,"column":77}},"250":{"start":{"line":665,"column":33},"end":{"line":665,"column":49}},"251":{"start":{"line":666,"column":26},"end":{"line":666,"column":79}},"252":{"start":{"line":668,"column":12},"end":{"line":675,"column":null}},"253":{"start":{"line":668,"column":25},"end":{"line":668,"column":26}},"254":{"start":{"line":669,"column":36},"end":{"line":669,"column":73}},"255":{"start":{"line":671,"column":33},"end":{"line":671,"column":59}},"256":{"start":{"line":672,"column":16},"end":{"line":672,"column":null}},"257":{"start":{"line":673,"column":16},"end":{"line":673,"column":null}},"258":{"start":{"line":674,"column":16},"end":{"line":674,"column":null}},"259":{"start":{"line":676,"column":12},"end":{"line":676,"column":null}},"260":{"start":{"line":680,"column":8},"end":{"line":686,"column":null}},"261":{"start":{"line":681,"column":27},"end":{"line":681,"column":73}},"262":{"start":{"line":682,"column":12},"end":{"line":682,"column":null}},"263":{"start":{"line":683,"column":12},"end":{"line":683,"column":null}},"264":{"start":{"line":684,"column":12},"end":{"line":684,"column":null}},"265":{"start":{"line":685,"column":12},"end":{"line":685,"column":null}}},"fnMap":{"0":{"name":"(anonymous_0)","decl":{"start":{"line":120,"column":4},"end":{"line":120,"column":15}},"loc":{"start":{"line":120,"column":43},"end":{"line":128,"column":null}},"line":120},"1":{"name":"(anonymous_1)","decl":{"start":{"line":134,"column":4},"end":{"line":134,"column":10}},"loc":{"start":{"line":134,"column":21},"end":{"line":147,"column":null}},"line":134},"2":{"name":"(anonymous_2)","decl":{"start":{"line":153,"column":4},"end":{"line":153,"column":17}},"loc":{"start":{"line":153,"column":26},"end":{"line":230,"column":null}},"line":153},"3":{"name":"(anonymous_3)","decl":{"start":{"line":159,"column":23},"end":{"line":159,"column":27}},"loc":{"start":{"line":159,"column":31},"end":{"line":229,"column":9}},"line":159},"4":{"name":"(anonymous_4)","decl":{"start":{"line":188,"column":56},"end":{"line":188,"column":57}},"loc":{"start":{"line":188,"column":69},"end":{"line":194,"column":13}},"line":188},"5":{"name":"(anonymous_5)","decl":{"start":{"line":210,"column":40},"end":{"line":210,"column":41}},"loc":{"start":{"line":210,"column":53},"end":{"line":213,"column":13}},"line":210},"6":{"name":"(anonymous_6)","decl":{"start":{"line":237,"column":4},"end":{"line":237,"column":14}},"loc":{"start":{"line":237,"column":27},"end":{"line":252,"column":null}},"line":237},"7":{"name":"(anonymous_7)","decl":{"start":{"line":258,"column":4},"end":{"line":258,"column":13}},"loc":{"start":{"line":258,"column":30},"end":{"line":260,"column":null}},"line":258},"8":{"name":"(anonymous_8)","decl":{"start":{"line":266,"column":4},"end":{"line":266,"column":10}},"loc":{"start":{"line":266,"column":22},"end":{"line":306,"column":null}},"line":266},"9":{"name":"(anonymous_9)","decl":{"start":{"line":267,"column":31},"end":{"line":267,"column":39}},"loc":{"start":{"line":267,"column":43},"end":{"line":305,"column":9}},"line":267},"10":{"name":"(anonymous_10)","decl":{"start":{"line":310,"column":4},"end":{"line":310,"column":15}},"loc":{"start":{"line":310,"column":88},"end":{"line":376,"column":null}},"line":310},"11":{"name":"(anonymous_11)","decl":{"start":{"line":378,"column":4},"end":{"line":378,"column":16}},"loc":{"start":{"line":378,"column":19},"end":{"line":587,"column":null}},"line":378},"12":{"name":"(anonymous_12)","decl":{"start":{"line":589,"column":4},"end":{"line":589,"column":24}},"loc":{"start":{"line":589,"column":32},"end":{"line":591,"column":null}},"line":589},"13":{"name":"(anonymous_13)","decl":{"start":{"line":593,"column":4},"end":{"line":593,"column":21}},"loc":{"start":{"line":593,"column":30},"end":{"line":608,"column":null}},"line":593},"14":{"name":"(anonymous_14)","decl":{"start":{"line":610,"column":4},"end":{"line":610,"column":17}},"loc":{"start":{"line":610,"column":20},"end":{"line":612,"column":null}},"line":610},"15":{"name":"(anonymous_15)","decl":{"start":{"line":614,"column":4},"end":{"line":614,"column":11}},"loc":{"start":{"line":614,"column":23},"end":{"line":629,"column":null}},"line":614},"16":{"name":"(anonymous_16)","decl":{"start":{"line":631,"column":4},"end":{"line":631,"column":9}},"loc":{"start":{"line":631,"column":12},"end":{"line":636,"column":null}},"line":631},"17":{"name":"(anonymous_17)","decl":{"start":{"line":638,"column":4},"end":{"line":638,"column":12}},"loc":{"start":{"line":638,"column":24},"end":{"line":644,"column":null}},"line":638},"18":{"name":"(anonymous_18)","decl":{"start":{"line":639,"column":49},"end":{"line":639,"column":50}},"loc":{"start":{"line":639,"column":54},"end":{"line":639,"column":74}},"line":639},"19":{"name":"(anonymous_19)","decl":{"start":{"line":646,"column":4},"end":{"line":646,"column":15}},"loc":{"start":{"line":646,"column":26},"end":{"line":687,"column":null}},"line":646}},"branchMap":{"0":{"loc":{"start":{"line":136,"column":8},"end":{"line":139,"column":null}},"type":"if","locations":[{"start":{"line":136,"column":8},"end":{"line":139,"column":null}},{"start":{},"end":{}}],"line":136},"1":{"loc":{"start":{"line":136,"column":12},"end":{"line":136,"column":71}},"type":"binary-expr","locations":[{"start":{"line":136,"column":12},"end":{"line":136,"column":33}},{"start":{"line":136,"column":37},"end":{"line":136,"column":71}}],"line":136},"2":{"loc":{"start":{"line":143,"column":8},"end":{"line":146,"column":null}},"type":"if","locations":[{"start":{"line":143,"column":8},"end":{"line":146,"column":null}},{"start":{},"end":{}}],"line":143},"3":{"loc":{"start":{"line":216,"column":12},"end":{"line":218,"column":null}},"type":"if","locations":[{"start":{"line":216,"column":12},"end":{"line":218,"column":null}},{"start":{},"end":{}}],"line":216},"4":{"loc":{"start":{"line":238,"column":8},"end":{"line":250,"column":null}},"type":"if","locations":[{"start":{"line":238,"column":8},"end":{"line":250,"column":null}},{"start":{},"end":{}}],"line":238},"5":{"loc":{"start":{"line":244,"column":20},"end":{"line":246,"column":null}},"type":"if","locations":[{"start":{"line":244,"column":20},"end":{"line":246,"column":null}},{"start":{},"end":{}}],"line":244},"6":{"loc":{"start":{"line":275,"column":12},"end":{"line":297,"column":null}},"type":"if","locations":[{"start":{"line":275,"column":12},"end":{"line":297,"column":null}},{"start":{"line":288,"column":19},"end":{"line":297,"column":null}}],"line":275},"7":{"loc":{"start":{"line":291,"column":29},"end":{"line":291,"column":91}},"type":"binary-expr","locations":[{"start":{"line":291,"column":29},"end":{"line":291,"column":65}},{"start":{"line":291,"column":69},"end":{"line":291,"column":91}}],"line":291},"8":{"loc":{"start":{"line":293,"column":16},"end":{"line":296,"column":null}},"type":"if","locations":[{"start":{"line":293,"column":16},"end":{"line":296,"column":null}},{"start":{},"end":{}}],"line":293},"9":{"loc":{"start":{"line":302,"column":12},"end":{"line":304,"column":null}},"type":"if","locations":[{"start":{"line":302,"column":12},"end":{"line":304,"column":null}},{"start":{},"end":{}}],"line":302},"10":{"loc":{"start":{"line":310,"column":31},"end":{"line":310,"column":52}},"type":"default-arg","locations":[{"start":{"line":310,"column":47},"end":{"line":310,"column":52}}],"line":310},"11":{"loc":{"start":{"line":310,"column":54},"end":{"line":310,"column":68}},"type":"default-arg","locations":[{"start":{"line":310,"column":67},"end":{"line":310,"column":68}}],"line":310},"12":{"loc":{"start":{"line":310,"column":70},"end":{"line":310,"column":86}},"type":"default-arg","locations":[{"start":{"line":310,"column":83},"end":{"line":310,"column":86}}],"line":310},"13":{"loc":{"start":{"line":380,"column":8},"end":{"line":380,"column":null}},"type":"if","locations":[{"start":{"line":380,"column":8},"end":{"line":380,"column":null}},{"start":{},"end":{}}],"line":380},"14":{"loc":{"start":{"line":381,"column":8},"end":{"line":381,"column":null}},"type":"if","locations":[{"start":{"line":381,"column":8},"end":{"line":381,"column":null}},{"start":{},"end":{}}],"line":381},"15":{"loc":{"start":{"line":382,"column":8},"end":{"line":382,"column":null}},"type":"if","locations":[{"start":{"line":382,"column":8},"end":{"line":382,"column":null}},{"start":{},"end":{}}],"line":382},"16":{"loc":{"start":{"line":383,"column":8},"end":{"line":383,"column":null}},"type":"if","locations":[{"start":{"line":383,"column":8},"end":{"line":383,"column":null}},{"start":{},"end":{}}],"line":383},"17":{"loc":{"start":{"line":483,"column":16},"end":{"line":487,"column":null}},"type":"if","locations":[{"start":{"line":483,"column":16},"end":{"line":487,"column":null}},{"start":{"line":485,"column":23},"end":{"line":487,"column":null}}],"line":483},"18":{"loc":{"start":{"line":492,"column":16},"end":{"line":497,"column":null}},"type":"if","locations":[{"start":{"line":492,"column":16},"end":{"line":497,"column":null}},{"start":{},"end":{}}],"line":492},"19":{"loc":{"start":{"line":492,"column":20},"end":{"line":492,"column":55}},"type":"binary-expr","locations":[{"start":{"line":492,"column":20},"end":{"line":492,"column":40}},{"start":{"line":492,"column":44},"end":{"line":492,"column":55}}],"line":492},"20":{"loc":{"start":{"line":594,"column":8},"end":{"line":607,"column":null}},"type":"if","locations":[{"start":{"line":594,"column":8},"end":{"line":607,"column":null}},{"start":{},"end":{}}],"line":594},"21":{"loc":{"start":{"line":594,"column":12},"end":{"line":594,"column":51}},"type":"binary-expr","locations":[{"start":{"line":594,"column":12},"end":{"line":594,"column":27}},{"start":{"line":594,"column":31},"end":{"line":594,"column":51}}],"line":594},"22":{"loc":{"start":{"line":640,"column":8},"end":{"line":643,"column":null}},"type":"if","locations":[{"start":{"line":640,"column":8},"end":{"line":643,"column":null}},{"start":{},"end":{}}],"line":640},"23":{"loc":{"start":{"line":648,"column":8},"end":{"line":660,"column":null}},"type":"if","locations":[{"start":{"line":648,"column":8},"end":{"line":660,"column":null}},{"start":{},"end":{}}],"line":648},"24":{"loc":{"start":{"line":663,"column":8},"end":{"line":677,"column":null}},"type":"if","locations":[{"start":{"line":663,"column":8},"end":{"line":677,"column":null}},{"start":{},"end":{}}],"line":663},"25":{"loc":{"start":{"line":663,"column":12},"end":{"line":663,"column":50}},"type":"binary-expr","locations":[{"start":{"line":663,"column":12},"end":{"line":663,"column":30}},{"start":{"line":663,"column":34},"end":{"line":663,"column":50}}],"line":663},"26":{"loc":{"start":{"line":680,"column":8},"end":{"line":686,"column":null}},"type":"if","locations":[{"start":{"line":680,"column":8},"end":{"line":686,"column":null}},{"start":{},"end":{}}],"line":680},"27":{"loc":{"start":{"line":680,"column":12},"end":{"line":680,"column":43}},"type":"binary-expr","locations":[{"start":{"line":680,"column":12},"end":{"line":680,"column":26}},{"start":{"line":680,"column":30},"end":{"line":680,"column":43}}],"line":680}},"s":{"0":1,"1":1,"2":1,"3":8,"4":8,"5":8,"6":8,"7":8,"8":8,"9":8,"10":2,"11":1,"12":2,"13":2,"14":1,"15":6,"16":6,"17":6,"18":6,"19":6,"20":8,"21":8,"22":8,"23":8,"24":8,"25":8,"26":8,"27":8,"28":8,"29":8,"30":8,"31":8,"32":1,"33":1,"34":1,"35":1,"36":1,"37":8,"38":8,"39":8,"40":8,"41":8,"42":8,"43":8,"44":8,"45":8,"46":8,"47":1,"48":1,"49":8,"50":5,"51":8,"52":8,"53":8,"54":8,"55":8,"56":8,"57":8,"58":0,"59":0,"60":0,"61":0,"62":0,"63":0,"64":0,"65":0,"66":2,"67":2,"68":1,"69":1,"70":1,"71":1,"72":0,"73":0,"74":0,"75":0,"76":0,"77":1,"78":1,"79":1,"80":1,"81":1,"82":1,"83":1,"84":1,"85":1,"86":1,"87":1,"88":1,"89":1,"90":1,"91":1,"92":1,"93":1,"94":1,"95":1,"96":1,"97":1,"98":1,"99":1,"100":1,"101":1,"102":1,"103":0,"104":1,"105":0,"106":1,"107":0,"108":1,"109":0,"110":1,"111":1,"112":1,"113":1,"114":1,"115":1,"116":1,"117":1,"118":1,"119":1,"120":1,"121":1,"122":1,"123":1,"124":1,"125":1,"126":1,"127":1,"128":1,"129":1,"130":2000,"131":2000,"132":2000,"133":2000,"134":2000,"135":2000,"136":2000,"137":2000,"138":2000,"139":2000,"140":2000,"141":1,"142":1,"143":1,"144":10,"145":10,"146":10,"147":10,"148":10,"149":10,"150":10,"151":10,"152":25000,"153":25000,"154":25000,"155":25000,"156":25000,"157":25000,"158":25000,"159":25000,"160":25000,"161":25000,"162":25000,"163":25000,"164":25000,"165":25000,"166":25000,"167":25000,"168":25000,"169":25000,"170":25000,"171":25000,"172":25000,"173":7470,"174":17530,"175":25000,"176":25000,"177":25000,"178":1249,"179":1249,"180":1249,"181":1249,"182":1,"183":1,"184":1,"185":1,"186":1,"187":1,"188":1,"189":1,"190":1,"191":1,"192":1,"193":1,"194":1,"195":1,"196":1,"197":1,"198":1,"199":1,"200":1,"201":1,"202":1,"203":1,"204":1,"205":1,"206":1,"207":1,"208":1,"209":1,"210":1,"211":1,"212":1,"213":1,"214":1,"215":1,"216":1,"217":1,"218":0,"219":0,"220":0,"221":0,"222":0,"223":0,"224":0,"225":0,"226":0,"227":0,"228":0,"229":0,"230":0,"231":0,"232":0,"233":0,"234":0,"235":0,"236":0,"237":1,"238":1,"239":1,"240":1,"241":1,"242":1,"243":1249,"244":1249,"245":1249,"246":1249,"247":1,"248":1,"249":1,"250":1,"251":1,"252":1,"253":1,"254":25000,"255":25000,"256":25000,"257":25000,"258":25000,"259":1,"260":1,"261":1,"262":1,"263":1,"264":1,"265":1},"f":{"0":8,"1":2,"2":6,"3":8,"4":1,"5":1,"6":0,"7":2,"8":2,"9":1,"10":1,"11":1,"12":0,"13":0,"14":0,"15":0,"16":0,"17":0,"18":0,"19":1},"b":{"0":[1,1],"1":[2,1],"2":[1,1],"3":[5,3],"4":[0,0],"5":[0,0],"6":[0,1],"7":[1,0],"8":[1,0],"9":[1,0],"10":[1],"11":[1],"12":[1],"13":[0,1],"14":[0,1],"15":[0,1],"16":[0,1],"17":[7470,17530],"18":[1249,23751],"19":[25000,1970],"20":[0,0],"21":[0,0],"22":[0,0],"23":[1,0],"24":[1,0],"25":[1,1],"26":[1,0],"27":[1,1]},"meta":{"lastBranch":28,"lastFunction":20,"lastStatement":266,"seen":{"s:3:21:40:1":0,"s:42:23:62:1":1,"s:64:27:117:1":2,"f:120:4:120:15":0,"s:121:8:121:Infinity":3,"s:122:8:122:Infinity":4,"s:123:8:123:Infinity":5,"s:124:8:124:Infinity":6,"s:125:8:125:Infinity":7,"s:126:8:126:Infinity":8,"s:127:8:127:Infinity":9,"f:134:4:134:10":1,"b:136:8:139:Infinity:undefined:undefined:undefined:undefined":0,"s:136:8:139:Infinity":10,"b:136:12:136:33:136:37:136:71":1,"s:138:12:138:Infinity":11,"s:141:8:141:Infinity":12,"b:143:8:146:Infinity:undefined:undefined:undefined:undefined":2,"s:143:8:146:Infinity":13,"s:145:12:145:Infinity":14,"f:153:4:153:17":2,"s:154:27:154:31":15,"s:155:28:155:32":16,"s:156:29:156:33":17,"s:157:29:157:33":18,"s:159:8:229:Infinity":19,"f:159:23:159:27":3,"s:160:26:160:43":20,"s:163:34:163:82":21,"s:165:34:169:14":22,"s:170:30:170:74":23,"s:171:12:171:40":24,"s:174:34:174:112":25,"s:175:34:175:82":26,"s:176:30:176:74":27,"s:177:12:177:Infinity":28,"s:180:34:180:116":29,"s:181:34:185:14":30,"s:188:12:194:Infinity":31,"f:188:56:188:57":4,"s:189:16:189:Infinity":32,"s:190:16:190:Infinity":33,"s:191:16:191:Infinity":34,"s:192:16:192:Infinity":35,"s:193:16:193:Infinity":36,"s:196:30:196:74":37,"s:199:33:199:76":38,"s:200:33:200:116":39,"s:201:29:201:71":40,"s:202:12:202:Infinity":41,"s:204:12:204:Infinity":42,"s:205:12:205:Infinity":43,"s:206:12:206:Infinity":44,"s:207:12:207:Infinity":45,"s:210:12:213:Infinity":46,"f:210:40:210:41":5,"s:211:16:211:Infinity":47,"s:212:16:212:Infinity":48,"b:216:12:218:Infinity:undefined:undefined:undefined:undefined":3,"s:216:12:218:Infinity":49,"s:217:16:217:Infinity":50,"s:221:12:221:Infinity":51,"s:222:12:222:Infinity":52,"s:223:12:223:Infinity":53,"s:224:12:224:Infinity":54,"s:225:12:225:Infinity":55,"s:227:12:227:Infinity":56,"s:228:12:228:Infinity":57,"f:237:4:237:14":6,"b:238:8:250:Infinity:undefined:undefined:undefined:undefined":4,"s:238:8:250:Infinity":58,"s:240:12:249:Infinity":59,"s:242:30:242:46":60,"s:243:16:248:Infinity":61,"b:244:20:246:Infinity:undefined:undefined:undefined:undefined":5,"s:244:20:246:Infinity":62,"s:245:24:245:Infinity":63,"s:247:20:247:Infinity":64,"s:251:8:251:Infinity":65,"f:258:4:258:13":7,"s:259:8:259:Infinity":66,"f:266:4:266:10":8,"s:267:8:305:Infinity":67,"f:267:31:267:39":9,"s:268:31:268:65":68,"s:269:30:269:63":69,"s:271:30:271:69":70,"b:275:12:297:Infinity:288:19:297:Infinity":6,"s:275:12:297:Infinity":71,"s:278:40:278:59":72,"s:279:16:279:Infinity":73,"s:280:16:280:Infinity":74,"s:283:16:283:Infinity":75,"s:286:16:286:47":76,"s:290:16:290:Infinity":77,"s:291:16:291:Infinity":78,"b:291:29:291:65:291:69:291:91":7,"b:293:16:296:Infinity:undefined:undefined:undefined:undefined":8,"s:293:16:296:Infinity":79,"s:295:20:295:Infinity":80,"s:300:12:300:Infinity":81,"s:301:12:301:Infinity":82,"b:302:12:304:Infinity:undefined:undefined:undefined:undefined":9,"s:302:12:304:Infinity":83,"s:303:16:303:Infinity":84,"f:310:4:310:15":10,"b:310:47:310:52":10,"b:310:67:310:68":11,"b:310:83:310:86":12,"s:311:8:311:43":85,"s:312:8:312:Infinity":86,"s:313:8:313:Infinity":87,"s:314:8:314:Infinity":88,"s:316:8:316:Infinity":89,"s:317:8:317:Infinity":90,"s:318:8:318:Infinity":91,"s:321:8:321:Infinity":92,"s:322:8:322:Infinity":93,"s:323:8:323:Infinity":94,"s:325:8:328:Infinity":95,"s:330:8:330:Infinity":96,"s:331:8:364:Infinity":97,"s:365:8:365:Infinity":98,"s:367:8:367:Infinity":99,"s:368:8:368:Infinity":100,"s:371:8:375:Infinity":101,"f:378:4:378:16":11,"b:380:8:380:Infinity:undefined:undefined:undefined:undefined":13,"s:380:8:380:Infinity":102,"s:380:32:380:Infinity":103,"b:381:8:381:Infinity:undefined:undefined:undefined:undefined":14,"s:381:8:381:Infinity":104,"s:381:33:381:Infinity":105,"b:382:8:382:Infinity:undefined:undefined:undefined:undefined":15,"s:382:8:382:Infinity":106,"s:382:28:382:Infinity":107,"b:383:8:383:Infinity:undefined:undefined:undefined:undefined":16,"s:383:8:383:Infinity":108,"s:383:30:383:Infinity":109,"s:386:27:386:29":110,"s:388:28:388:56":111,"s:390:27:390:29":112,"s:391:30:391:32":113,"s:392:29:392:31":114,"s:393:30:393:32":115,"s:395:28:395:30":116,"s:396:31:396:33":117,"s:397:30:397:32":118,"s:398:31:398:33":119,"s:400:25:400:27":120,"s:401:28:401:30":121,"s:402:27:402:29":122,"s:403:28:403:30":123,"s:405:22:405:39":124,"s:408:31:408:68":125,"s:409:28:409:49":126,"s:410:28:410:31":127,"s:412:8:433:Infinity":128,"s:412:21:412:22":129,"s:413:22:413:59":130,"s:415:22:415:94":131,"s:416:26:416:53":132,"s:418:22:418:41":133,"s:419:22:419:41":134,"s:420:22:420:45":135,"s:422:12:422:Infinity":136,"s:426:30:426:75":137,"s:428:12:428:Infinity":138,"s:431:12:431:Infinity":139,"s:432:12:432:Infinity":140,"s:436:38:436:56":141,"s:438:8:499:Infinity":142,"s:438:21:438:22":143,"s:439:22:439:42":144,"s:440:27:440:55":145,"s:441:36:441:70":146,"s:443:32:443:53":147,"s:444:32:444:39":148,"s:446:38:446:84":149,"s:448:12:498:Infinity":150,"s:448:25:448:26":151,"s:449:36:449:75":152,"s:450:40:450:95":153,"s:452:30:452:58":154,"s:453:26:453:49":155,"s:457:31:457:48":156,"s:458:30:458:78":157,"s:460:30:460:56":158,"s:463:40:463:57":159,"s:464:26:464:65":160,"s:467:31:467:35":161,"s:468:27:468:57":162,"s:469:27:469:57":163,"s:470:27:470:57":164,"s:472:26:472:50":165,"s:473:26:473:50":166,"s:474:26:474:71":167,"s:476:16:476:Infinity":168,"s:477:16:477:44":169,"s:481:35:481:48":170,"s:482:28:482:31":171,"b:483:16:487:Infinity:485:23:487:Infinity":17,"s:483:16:487:Infinity":172,"s:484:20:484:71":173,"s:486:20:486:71":174,"s:488:16:488:Infinity":175,"s:489:16:489:Infinity":176,"b:492:16:497:Infinity:undefined:undefined:undefined:undefined":18,"s:492:16:497:Infinity":177,"b:492:20:492:40:492:44:492:55":19,"s:493:20:493:Infinity":178,"s:494:20:494:Infinity":179,"s:495:20:495:Infinity":180,"s:496:20:496:Infinity":181,"s:504:25:504:51":182,"s:505:8:505:Infinity":183,"s:506:8:506:Infinity":184,"s:507:8:507:Infinity":185,"s:508:8:508:Infinity":186,"s:510:30:518:10":187,"s:520:8:520:Infinity":188,"s:521:8:521:Infinity":189,"s:524:27:524:53":190,"s:525:8:525:Infinity":191,"s:526:8:526:Infinity":192,"s:527:8:527:Infinity":193,"s:528:8:528:Infinity":194,"s:530:32:538:10":195,"s:540:8:540:Infinity":196,"s:541:8:541:Infinity":197,"s:544:28:544:54":198,"s:545:8:545:Infinity":199,"s:546:8:546:Infinity":200,"s:547:8:547:Infinity":201,"s:548:8:548:Infinity":202,"s:550:33:558:10":203,"s:560:8:560:Infinity":204,"s:561:8:561:Infinity":205,"s:564:24:564:58":206,"s:565:27:565:42":207,"s:566:26:566:31":208,"s:567:27:567:32":209,"s:569:24:569:50":210,"s:570:8:570:Infinity":211,"s:571:8:571:Infinity":212,"s:572:8:572:Infinity":213,"s:573:8:573:Infinity":214,"s:575:29:583:10":215,"s:585:8:585:Infinity":216,"s:586:8:586:Infinity":217,"f:589:4:589:24":12,"s:590:8:590:Infinity":218,"f:593:4:593:21":13,"b:594:8:607:Infinity:undefined:undefined:undefined:undefined":20,"s:594:8:607:Infinity":219,"b:594:12:594:27:594:31:594:51":21,"s:603:27:603:47":220,"s:606:12:606:Infinity":221,"f:610:4:610:17":14,"s:611:8:611:Infinity":222,"f:614:4:614:11":15,"s:615:8:615:Infinity":223,"s:616:8:616:Infinity":224,"s:621:24:621:70":225,"s:622:8:622:Infinity":226,"s:624:8:624:Infinity":227,"s:627:8:627:Infinity":228,"s:628:8:628:Infinity":229,"f:631:4:631:9":16,"s:632:8:632:Infinity":230,"s:633:8:633:Infinity":231,"f:638:4:638:12":17,"s:639:22:639:75":232,"f:639:49:639:50":18,"s:639:54:639:74":233,"b:640:8:643:Infinity:undefined:undefined:undefined:undefined":22,"s:640:8:643:Infinity":234,"s:641:12:641:Infinity":235,"s:642:12:642:Infinity":236,"f:646:4:646:15":19,"b:648:8:660:Infinity:undefined:undefined:undefined:undefined":23,"s:648:8:660:Infinity":237,"s:649:27:649:78":238,"s:650:33:650:51":239,"s:651:26:651:80":240,"s:653:12:658:Infinity":241,"s:653:25:653:26":242,"s:654:36:654:73":243,"s:655:16:655:Infinity":244,"s:656:16:656:Infinity":245,"s:657:16:657:Infinity":246,"s:659:12:659:Infinity":247,"b:663:8:677:Infinity:undefined:undefined:undefined:undefined":24,"s:663:8:677:Infinity":248,"b:663:12:663:30:663:34:663:50":25,"s:664:27:664:77":249,"s:665:33:665:49":250,"s:666:26:666:79":251,"s:668:12:675:Infinity":252,"s:668:25:668:26":253,"s:669:36:669:73":254,"s:671:33:671:59":255,"s:672:16:672:Infinity":256,"s:673:16:673:Infinity":257,"s:674:16:674:Infinity":258,"s:676:12:676:Infinity":259,"b:680:8:686:Infinity:undefined:undefined:undefined:undefined":26,"s:680:8:686:Infinity":260,"b:680:12:680:26:680:30:680:43":27,"s:681:27:681:73":261,"s:682:12:682:Infinity":262,"s:683:12:683:Infinity":263,"s:684:12:684:Infinity":264,"s:685:12:685:Infinity":265}}}
}
