{"/Users/horaoen/dev/repo/christmas-tree/images/ornaments/1762667587949.JPEG": {"path":"/Users/horaoen/dev/repo/christmas-tree/images/ornaments/1762667587949.JPEG","statementMap":{},"fnMap":{},"branchMap":{},"s":{},"f":{},"b":{},"meta":{"lastBranch":0,"lastFunction":0,"lastStatement":0,"seen":{}}}
,"/Users/horaoen/dev/repo/christmas-tree/images/ornaments/IMG_0778.JPG": {"path":"/Users/horaoen/dev/repo/christmas-tree/images/ornaments/IMG_0778.JPG","statementMap":{},"fnMap":{},"branchMap":{},"s":{},"f":{},"b":{},"meta":{"lastBranch":0,"lastFunction":0,"lastStatement":0,"seen":{}}}
,"/Users/horaoen/dev/repo/christmas-tree/images/ornaments/IMG_1937.JPG": {"path":"/Users/horaoen/dev/repo/christmas-tree/images/ornaments/IMG_1937.JPG","statementMap":{},"fnMap":{},"branchMap":{},"s":{},"f":{},"b":{},"meta":{"lastBranch":0,"lastFunction":0,"lastStatement":0,"seen":{}}}
,"/Users/horaoen/dev/repo/christmas-tree/images/ornaments/IMG_6471.JPG": {"path":"/Users/horaoen/dev/repo/christmas-tree/images/ornaments/IMG_6471.JPG","statementMap":{},"fnMap":{},"branchMap":{},"s":{},"f":{},"b":{},"meta":{"lastBranch":0,"lastFunction":0,"lastStatement":0,"seen":{}}}
,"/Users/horaoen/dev/repo/christmas-tree/images/ornaments/IMG_6964.jpg": {"path":"/Users/horaoen/dev/repo/christmas-tree/images/ornaments/IMG_6964.jpg","statementMap":{},"fnMap":{},"branchMap":{},"s":{},"f":{},"b":{},"meta":{"lastBranch":0,"lastFunction":0,"lastStatement":0,"seen":{}}}
,"/Users/horaoen/dev/repo/christmas-tree/images/ornaments/IMG_6965.jpg": {"path":"/Users/horaoen/dev/repo/christmas-tree/images/ornaments/IMG_6965.jpg","statementMap":{},"fnMap":{},"branchMap":{},"s":{},"f":{},"b":{},"meta":{"lastBranch":0,"lastFunction":0,"lastStatement":0,"seen":{}}}
,"/Users/horaoen/dev/repo/christmas-tree/images/ornaments/IMG_6972.jpg": {"path":"/Users/horaoen/dev/repo/christmas-tree/images/ornaments/IMG_6972.jpg","statementMap":{},"fnMap":{},"branchMap":{},"s":{},"f":{},"b":{},"meta":{"lastBranch":0,"lastFunction":0,"lastStatement":0,"seen":{}}}
,"/Users/horaoen/dev/repo/christmas-tree/images/ornaments/IMG_7459.jpg": {"path":"/Users/horaoen/dev/repo/christmas-tree/images/ornaments/IMG_7459.jpg","statementMap":{},"fnMap":{},"branchMap":{},"s":{},"f":{},"b":{},"meta":{"lastBranch":0,"lastFunction":0,"lastStatement":0,"seen":{}}}
,"/Users/horaoen/dev/repo/christmas-tree/images/ornaments/IMG_8714.JPG": {"path":"/Users/horaoen/dev/repo/christmas-tree/images/ornaments/IMG_8714.JPG","statementMap":{},"fnMap":{},"branchMap":{},"s":{},"f":{},"b":{},"meta":{"lastBranch":0,"lastFunction":0,"lastStatement":0,"seen":{}}}
,"/Users/horaoen/dev/repo/christmas-tree/images/ornaments/IMG_8716.JPG": {"path":"/Users/horaoen/dev/repo/christmas-tree/images/ornaments/IMG_8716.JPG","statementMap":{},"fnMap":{},"branchMap":{},"s":{},"f":{},"b":{},"meta":{"lastBranch":0,"lastFunction":0,"lastStatement":0,"seen":{}}}
,"/Users/horaoen/dev/repo/christmas-tree/images/ornaments/IMG_8717.JPG": {"path":"/Users/horaoen/dev/repo/christmas-tree/images/ornaments/IMG_8717.JPG","statementMap":{},"fnMap":{},"branchMap":{},"s":{},"f":{},"b":{},"meta":{"lastBranch":0,"lastFunction":0,"lastStatement":0,"seen":{}}}
,"/Users/horaoen/dev/repo/christmas-tree/images/ornaments/IMG_8721.JPG": {"path":"/Users/horaoen/dev/repo/christmas-tree/images/ornaments/IMG_8721.JPG","statementMap":{},"fnMap":{},"branchMap":{},"s":{},"f":{},"b":{},"meta":{"lastBranch":0,"lastFunction":0,"lastStatement":0,"seen":{}}}
,"/Users/horaoen/dev/repo/christmas-tree/images/ornaments/IMG_8935.JPG": {"path":"/Users/horaoen/dev/repo/christmas-tree/images/ornaments/IMG_8935.JPG","statementMap":{},"fnMap":{},"branchMap":{},"s":{},"f":{},"b":{},"meta":{"lastBranch":0,"lastFunction":0,"lastStatement":0,"seen":{}}}
,"/Users/horaoen/dev/repo/christmas-tree/images/ornaments/IMG_8936.JPG": {"path":"/Users/horaoen/dev/repo/christmas-tree/images/ornaments/IMG_8936.JPG","statementMap":{},"fnMap":{},"branchMap":{},"s":{},"f":{},"b":{},"meta":{"lastBranch":0,"lastFunction":0,"lastStatement":0,"seen":{}}}
,"/Users/horaoen/dev/repo/christmas-tree/images/ornaments/IMG_8938.JPG": {"path":"/Users/horaoen/dev/repo/christmas-tree/images/ornaments/IMG_8938.JPG","statementMap":{},"fnMap":{},"branchMap":{},"s":{},"f":{},"b":{},"meta":{"lastBranch":0,"lastFunction":0,"lastStatement":0,"seen":{}}}
,"/Users/horaoen/dev/repo/christmas-tree/images/ornaments/IMG_9184.JPG": {"path":"/Users/horaoen/dev/repo/christmas-tree/images/ornaments/IMG_9184.JPG","statementMap":{},"fnMap":{},"branchMap":{},"s":{},"f":{},"b":{},"meta":{"lastBranch":0,"lastFunction":0,"lastStatement":0,"seen":{}}}
,"/Users/horaoen/dev/repo/christmas-tree/images/ornaments/IMG_9431.JPG": {"path":"/Users/horaoen/dev/repo/christmas-tree/images/ornaments/IMG_9431.JPG","statementMap":{},"fnMap":{},"branchMap":{},"s":{},"f":{},"b":{},"meta":{"lastBranch":0,"lastFunction":0,"lastStatement":0,"seen":{}}}
,"/Users/horaoen/dev/repo/christmas-tree/images/ornaments/quality_restoration_20250912201657150.jpg": {"path":"/Users/horaoen/dev/repo/christmas-tree/images/ornaments/quality_restoration_20250912201657150.jpg","statementMap":{},"fnMap":{},"branchMap":{},"s":{},"f":{},"b":{},"meta":{"lastBranch":0,"lastFunction":0,"lastStatement":0,"seen":{}}}
,"/Users/horaoen/dev/repo/christmas-tree/src/gesture/gesture-controller.jsx": {"path":"/Users/horaoen/dev/repo/christmas-tree/src/gesture/gesture-controller.jsx","statementMap":{"0":{"start":{"line":3,"column":8},"end":{"line":3,"column":null}},"1":{"start":{"line":4,"column":8},"end":{"line":4,"column":null}},"2":{"start":{"line":6,"column":8},"end":{"line":6,"column":null}},"3":{"start":{"line":7,"column":8},"end":{"line":7,"column":null}},"4":{"start":{"line":8,"column":8},"end":{"line":13,"column":null}},"5":{"start":{"line":14,"column":8},"end":{"line":14,"column":null}},"6":{"start":{"line":17,"column":8},"end":{"line":17,"column":null}},"7":{"start":{"line":19,"column":8},"end":{"line":19,"column":null}},"8":{"start":{"line":23,"column":8},"end":{"line":25,"column":null}},"9":{"start":{"line":24,"column":12},"end":{"line":24,"column":null}},"10":{"start":{"line":26,"column":8},"end":{"line":26,"column":null}},"11":{"start":{"line":30,"column":8},"end":{"line":30,"column":null}},"12":{"start":{"line":30,"column":35},"end":{"line":30,"column":null}},"13":{"start":{"line":31,"column":8},"end":{"line":31,"column":null}},"14":{"start":{"line":31,"column":65},"end":{"line":31,"column":80}},"15":{"start":{"line":35,"column":8},"end":{"line":35,"column":null}},"16":{"start":{"line":35,"column":41},"end":{"line":35,"column":null}},"17":{"start":{"line":36,"column":8},"end":{"line":36,"column":null}},"18":{"start":{"line":36,"column":55},"end":{"line":36,"column":70}},"19":{"start":{"line":40,"column":8},"end":{"line":44,"column":null}},"20":{"start":{"line":41,"column":12},"end":{"line":41,"column":null}},"21":{"start":{"line":43,"column":12},"end":{"line":43,"column":null}},"22":{"start":{"line":46,"column":26},"end":{"line":46,"column":null}},"23":{"start":{"line":47,"column":29},"end":{"line":47,"column":null}},"24":{"start":{"line":48,"column":28},"end":{"line":48,"column":null}},"25":{"start":{"line":49,"column":26},"end":{"line":49,"column":null}},"26":{"start":{"line":50,"column":25},"end":{"line":50,"column":null}},"27":{"start":{"line":52,"column":20},"end":{"line":52,"column":null}},"28":{"start":{"line":54,"column":8},"end":{"line":103,"column":null}},"29":{"start":{"line":54,"column":21},"end":{"line":54,"column":24}},"30":{"start":{"line":55,"column":34},"end":{"line":55,"column":null}},"31":{"start":{"line":56,"column":33},"end":{"line":56,"column":null}},"32":{"start":{"line":57,"column":29},"end":{"line":57,"column":null}},"33":{"start":{"line":62,"column":12},"end":{"line":102,"column":null}},"34":{"start":{"line":63,"column":16},"end":{"line":96,"column":null}},"35":{"start":{"line":65,"column":37},"end":{"line":65,"column":null}},"36":{"start":{"line":66,"column":20},"end":{"line":92,"column":null}},"37":{"start":{"line":68,"column":24},"end":{"line":68,"column":null}},"38":{"start":{"line":73,"column":24},"end":{"line":83,"column":null}},"39":{"start":{"line":74,"column":42},"end":{"line":74,"column":null}},"40":{"start":{"line":75,"column":45},"end":{"line":75,"column":null}},"41":{"start":{"line":76,"column":28},"end":{"line":76,"column":null}},"42":{"start":{"line":76,"column":50},"end":{"line":76,"column":null}},"43":{"start":{"line":77,"column":28},"end":{"line":77,"column":null}},"44":{"start":{"line":77,"column":51},"end":{"line":77,"column":null}},"45":{"start":{"line":79,"column":28},"end":{"line":82,"column":null}},"46":{"start":{"line":80,"column":32},"end":{"line":80,"column":null}},"47":{"start":{"line":81,"column":32},"end":{"line":81,"column":null}},"48":{"start":{"line":87,"column":24},"end":{"line":91,"column":null}},"49":{"start":{"line":88,"column":28},"end":{"line":88,"column":null}},"50":{"start":{"line":89,"column":28},"end":{"line":89,"column":null}},"51":{"start":{"line":90,"column":28},"end":{"line":90,"column":null}},"52":{"start":{"line":95,"column":20},"end":{"line":95,"column":null}},"53":{"start":{"line":99,"column":16},"end":{"line":101,"column":null}},"54":{"start":{"line":100,"column":20},"end":{"line":100,"column":null}},"55":{"start":{"line":107,"column":21},"end":{"line":107,"column":null}},"56":{"start":{"line":108,"column":8},"end":{"line":111,"column":null}},"57":{"start":{"line":110,"column":12},"end":{"line":110,"column":null}},"58":{"start":{"line":112,"column":21},"end":{"line":112,"column":null}},"59":{"start":{"line":114,"column":8},"end":{"line":118,"column":null}},"60":{"start":{"line":115,"column":27},"end":{"line":115,"column":null}},"61":{"start":{"line":117,"column":12},"end":{"line":117,"column":null}},"62":{"start":{"line":119,"column":8},"end":{"line":119,"column":null}},"63":{"start":{"line":124,"column":8},"end":{"line":173,"column":null}},"64":{"start":{"line":125,"column":25},"end":{"line":125,"column":null}},"65":{"start":{"line":126,"column":26},"end":{"line":126,"column":null}},"66":{"start":{"line":127,"column":30},"end":{"line":127,"column":null}},"67":{"start":{"line":130,"column":29},"end":{"line":133,"column":null}},"68":{"start":{"line":134,"column":33},"end":{"line":134,"column":null}},"69":{"start":{"line":137,"column":28},"end":{"line":137,"column":null}},"70":{"start":{"line":138,"column":31},"end":{"line":138,"column":null}},"71":{"start":{"line":139,"column":12},"end":{"line":145,"column":null}},"72":{"start":{"line":140,"column":28},"end":{"line":140,"column":null}},"73":{"start":{"line":141,"column":16},"end":{"line":144,"column":null}},"74":{"start":{"line":149,"column":26},"end":{"line":149,"column":null}},"75":{"start":{"line":154,"column":34},"end":{"line":154,"column":null}},"76":{"start":{"line":159,"column":35},"end":{"line":159,"column":null}},"77":{"start":{"line":162,"column":12},"end":{"line":167,"column":null}},"78":{"start":{"line":163,"column":16},"end":{"line":163,"column":null}},"79":{"start":{"line":166,"column":16},"end":{"line":166,"column":null}},"80":{"start":{"line":169,"column":12},"end":{"line":169,"column":null}},"81":{"start":{"line":171,"column":12},"end":{"line":171,"column":null}},"82":{"start":{"line":172,"column":12},"end":{"line":172,"column":null}},"83":{"start":{"line":175,"column":8},"end":{"line":175,"column":null}},"84":{"start":{"line":181,"column":22},"end":{"line":181,"column":null}},"85":{"start":{"line":182,"column":20},"end":{"line":182,"column":null}},"86":{"start":{"line":183,"column":20},"end":{"line":183,"column":null}},"87":{"start":{"line":186,"column":14},"end":{"line":186,"column":null}},"88":{"start":{"line":187,"column":14},"end":{"line":187,"column":null}},"89":{"start":{"line":191,"column":8},"end":{"line":191,"column":null}},"90":{"start":{"line":196,"column":22},"end":{"line":196,"column":null}},"91":{"start":{"line":197,"column":20},"end":{"line":197,"column":null}},"92":{"start":{"line":198,"column":19},"end":{"line":198,"column":null}},"93":{"start":{"line":199,"column":20},"end":{"line":199,"column":null}},"94":{"start":{"line":200,"column":25},"end":{"line":200,"column":null}},"95":{"start":{"line":204,"column":14},"end":{"line":204,"column":null}},"96":{"start":{"line":205,"column":14},"end":{"line":205,"column":null}},"97":{"start":{"line":208,"column":8},"end":{"line":208,"column":null}},"98":{"start":{"line":208,"column":45},"end":{"line":208,"column":null}},"99":{"start":{"line":213,"column":8},"end":{"line":213,"column":null}},"100":{"start":{"line":218,"column":8},"end":{"line":218,"column":null}},"101":{"start":{"line":218,"column":49},"end":{"line":218,"column":null}},"102":{"start":{"line":221,"column":28},"end":{"line":221,"column":null}},"103":{"start":{"line":222,"column":29},"end":{"line":222,"column":null}},"104":{"start":{"line":223,"column":27},"end":{"line":223,"column":null}},"105":{"start":{"line":224,"column":28},"end":{"line":224,"column":null}},"106":{"start":{"line":225,"column":28},"end":{"line":225,"column":null}},"107":{"start":{"line":228,"column":8},"end":{"line":228,"column":null}},"108":{"start":{"line":231,"column":30},"end":{"line":231,"column":null}},"109":{"start":{"line":232,"column":31},"end":{"line":232,"column":null}},"110":{"start":{"line":233,"column":29},"end":{"line":233,"column":null}},"111":{"start":{"line":234,"column":30},"end":{"line":234,"column":null}},"112":{"start":{"line":235,"column":30},"end":{"line":235,"column":null}},"113":{"start":{"line":239,"column":8},"end":{"line":241,"column":null}},"114":{"start":{"line":240,"column":12},"end":{"line":240,"column":null}},"115":{"start":{"line":245,"column":8},"end":{"line":247,"column":null}},"116":{"start":{"line":246,"column":12},"end":{"line":246,"column":null}},"117":{"start":{"line":251,"column":8},"end":{"line":253,"column":null}},"118":{"start":{"line":252,"column":12},"end":{"line":252,"column":null}},"119":{"start":{"line":255,"column":8},"end":{"line":255,"column":null}}},"fnMap":{"0":{"name":"(anonymous_0)","decl":{"start":{"line":2,"column":4},"end":{"line":2,"column":18}},"loc":{"start":{"line":2,"column":18},"end":{"line":20,"column":null}},"line":2},"1":{"name":"(anonymous_1)","decl":{"start":{"line":22,"column":4},"end":{"line":22,"column":21}},"loc":{"start":{"line":22,"column":37},"end":{"line":27,"column":null}},"line":22},"2":{"name":"(anonymous_2)","decl":{"start":{"line":29,"column":4},"end":{"line":29,"column":24}},"loc":{"start":{"line":29,"column":40},"end":{"line":32,"column":null}},"line":29},"3":{"name":"(anonymous_3)","decl":{"start":{"line":31,"column":59},"end":{"line":31,"column":65}},"loc":{"start":{"line":31,"column":65},"end":{"line":31,"column":80}},"line":31},"4":{"name":"(anonymous_4)","decl":{"start":{"line":34,"column":4},"end":{"line":34,"column":18}},"loc":{"start":{"line":34,"column":25},"end":{"line":37,"column":null}},"line":34},"5":{"name":"(anonymous_5)","decl":{"start":{"line":36,"column":43},"end":{"line":36,"column":55}},"loc":{"start":{"line":36,"column":55},"end":{"line":36,"column":70}},"line":36},"6":{"name":"(anonymous_6)","decl":{"start":{"line":39,"column":4},"end":{"line":39,"column":12}},"loc":{"start":{"line":39,"column":21},"end":{"line":176,"column":null}},"line":39},"7":{"name":"(anonymous_7)","decl":{"start":{"line":180,"column":4},"end":{"line":180,"column":20}},"loc":{"start":{"line":180,"column":55},"end":{"line":192,"column":null}},"line":180},"8":{"name":"(anonymous_8)","decl":{"start":{"line":195,"column":4},"end":{"line":195,"column":19}},"loc":{"start":{"line":195,"column":30},"end":{"line":214,"column":null}},"line":195},"9":{"name":"(anonymous_9)","decl":{"start":{"line":217,"column":4},"end":{"line":217,"column":15}},"loc":{"start":{"line":217,"column":26},"end":{"line":256,"column":null}},"line":217}},"branchMap":{"0":{"loc":{"start":{"line":23,"column":8},"end":{"line":25,"column":null}},"type":"if","locations":[{"start":{"line":23,"column":8},"end":{"line":25,"column":null}},{"start":{},"end":{}}],"line":23},"1":{"loc":{"start":{"line":30,"column":8},"end":{"line":30,"column":null}},"type":"if","locations":[{"start":{"line":30,"column":8},"end":{"line":30,"column":null}},{"start":{},"end":{}}],"line":30},"2":{"loc":{"start":{"line":35,"column":8},"end":{"line":35,"column":null}},"type":"if","locations":[{"start":{"line":35,"column":8},"end":{"line":35,"column":null}},{"start":{},"end":{}}],"line":35},"3":{"loc":{"start":{"line":40,"column":8},"end":{"line":44,"column":null}},"type":"if","locations":[{"start":{"line":40,"column":8},"end":{"line":44,"column":null}},{"start":{},"end":{}}],"line":40},"4":{"loc":{"start":{"line":40,"column":12},"end":{"line":40,"column":96}},"type":"binary-expr","locations":[{"start":{"line":40,"column":12},"end":{"line":40,"column":24}},{"start":{"line":40,"column":24},"end":{"line":40,"column":55}},{"start":{"line":40,"column":55},"end":{"line":40,"column":96}}],"line":40},"5":{"loc":{"start":{"line":47,"column":29},"end":{"line":47,"column":null}},"type":"binary-expr","locations":[{"start":{"line":47,"column":29},"end":{"line":47,"column":56}},{"start":{"line":47,"column":56},"end":{"line":47,"column":null}}],"line":47},"6":{"loc":{"start":{"line":62,"column":12},"end":{"line":102,"column":null}},"type":"if","locations":[{"start":{"line":62,"column":12},"end":{"line":102,"column":null}},{"start":{"line":97,"column":19},"end":{"line":102,"column":null}}],"line":62},"7":{"loc":{"start":{"line":63,"column":16},"end":{"line":96,"column":null}},"type":"if","locations":[{"start":{"line":63,"column":16},"end":{"line":96,"column":null}},{"start":{"line":93,"column":23},"end":{"line":96,"column":null}}],"line":63},"8":{"loc":{"start":{"line":66,"column":20},"end":{"line":92,"column":null}},"type":"if","locations":[{"start":{"line":66,"column":20},"end":{"line":92,"column":null}},{"start":{},"end":{}}],"line":66},"9":{"loc":{"start":{"line":73,"column":24},"end":{"line":83,"column":null}},"type":"if","locations":[{"start":{"line":73,"column":24},"end":{"line":83,"column":null}},{"start":{},"end":{}}],"line":73},"10":{"loc":{"start":{"line":73,"column":28},"end":{"line":73,"column":66}},"type":"binary-expr","locations":[{"start":{"line":73,"column":28},"end":{"line":73,"column":56}},{"start":{"line":73,"column":56},"end":{"line":73,"column":66}}],"line":73},"11":{"loc":{"start":{"line":76,"column":28},"end":{"line":76,"column":null}},"type":"if","locations":[{"start":{"line":76,"column":28},"end":{"line":76,"column":null}},{"start":{},"end":{}}],"line":76},"12":{"loc":{"start":{"line":77,"column":28},"end":{"line":77,"column":null}},"type":"if","locations":[{"start":{"line":77,"column":28},"end":{"line":77,"column":null}},{"start":{},"end":{}}],"line":77},"13":{"loc":{"start":{"line":79,"column":28},"end":{"line":82,"column":null}},"type":"if","locations":[{"start":{"line":79,"column":28},"end":{"line":82,"column":null}},{"start":{},"end":{}}],"line":79},"14":{"loc":{"start":{"line":79,"column":32},"end":{"line":79,"column":119}},"type":"binary-expr","locations":[{"start":{"line":79,"column":32},"end":{"line":79,"column":46}},{"start":{"line":79,"column":46},"end":{"line":79,"column":119}}],"line":79},"15":{"loc":{"start":{"line":79,"column":53},"end":{"line":79,"column":94}},"type":"binary-expr","locations":[{"start":{"line":79,"column":53},"end":{"line":79,"column":89}},{"start":{"line":79,"column":89},"end":{"line":79,"column":94}}],"line":79},"16":{"loc":{"start":{"line":87,"column":24},"end":{"line":91,"column":null}},"type":"if","locations":[{"start":{"line":87,"column":24},"end":{"line":91,"column":null}},{"start":{},"end":{}}],"line":87},"17":{"loc":{"start":{"line":87,"column":28},"end":{"line":87,"column":128}},"type":"binary-expr","locations":[{"start":{"line":87,"column":28},"end":{"line":87,"column":56}},{"start":{"line":87,"column":56},"end":{"line":87,"column":128}}],"line":87},"18":{"loc":{"start":{"line":87,"column":63},"end":{"line":87,"column":106}},"type":"binary-expr","locations":[{"start":{"line":87,"column":63},"end":{"line":87,"column":101}},{"start":{"line":87,"column":101},"end":{"line":87,"column":106}}],"line":87},"19":{"loc":{"start":{"line":99,"column":16},"end":{"line":101,"column":null}},"type":"if","locations":[{"start":{"line":99,"column":16},"end":{"line":101,"column":null}},{"start":{},"end":{}}],"line":99},"20":{"loc":{"start":{"line":114,"column":8},"end":{"line":118,"column":null}},"type":"if","locations":[{"start":{"line":114,"column":8},"end":{"line":118,"column":null}},{"start":{},"end":{}}],"line":114},"21":{"loc":{"start":{"line":124,"column":8},"end":{"line":173,"column":null}},"type":"if","locations":[{"start":{"line":124,"column":8},"end":{"line":173,"column":null}},{"start":{"line":170,"column":15},"end":{"line":173,"column":null}}],"line":124},"22":{"loc":{"start":{"line":162,"column":12},"end":{"line":167,"column":null}},"type":"if","locations":[{"start":{"line":162,"column":12},"end":{"line":167,"column":null}},{"start":{"line":164,"column":19},"end":{"line":167,"column":null}}],"line":162},"23":{"loc":{"start":{"line":208,"column":8},"end":{"line":208,"column":null}},"type":"if","locations":[{"start":{"line":208,"column":8},"end":{"line":208,"column":null}},{"start":{},"end":{}}],"line":208},"24":{"loc":{"start":{"line":218,"column":8},"end":{"line":218,"column":null}},"type":"if","locations":[{"start":{"line":218,"column":8},"end":{"line":218,"column":null}},{"start":{},"end":{}}],"line":218},"25":{"loc":{"start":{"line":218,"column":12},"end":{"line":218,"column":49}},"type":"binary-expr","locations":[{"start":{"line":218,"column":12},"end":{"line":218,"column":26}},{"start":{"line":218,"column":26},"end":{"line":218,"column":49}}],"line":218},"26":{"loc":{"start":{"line":239,"column":8},"end":{"line":241,"column":null}},"type":"if","locations":[{"start":{"line":239,"column":8},"end":{"line":241,"column":null}},{"start":{},"end":{}}],"line":239},"27":{"loc":{"start":{"line":239,"column":12},"end":{"line":239,"column":89}},"type":"binary-expr","locations":[{"start":{"line":239,"column":12},"end":{"line":239,"column":29}},{"start":{"line":239,"column":29},"end":{"line":239,"column":46}},{"start":{"line":239,"column":46},"end":{"line":239,"column":62}},{"start":{"line":239,"column":62},"end":{"line":239,"column":76}},{"start":{"line":239,"column":76},"end":{"line":239,"column":89}}],"line":239},"28":{"loc":{"start":{"line":245,"column":8},"end":{"line":247,"column":null}},"type":"if","locations":[{"start":{"line":245,"column":8},"end":{"line":247,"column":null}},{"start":{},"end":{}}],"line":245},"29":{"loc":{"start":{"line":245,"column":12},"end":{"line":245,"column":87}},"type":"binary-expr","locations":[{"start":{"line":245,"column":12},"end":{"line":245,"column":29}},{"start":{"line":245,"column":29},"end":{"line":245,"column":44}},{"start":{"line":245,"column":44},"end":{"line":245,"column":60}},{"start":{"line":245,"column":60},"end":{"line":245,"column":74}},{"start":{"line":245,"column":74},"end":{"line":245,"column":87}}],"line":245},"30":{"loc":{"start":{"line":251,"column":8},"end":{"line":253,"column":null}},"type":"if","locations":[{"start":{"line":251,"column":8},"end":{"line":253,"column":null}},{"start":{},"end":{}}],"line":251},"31":{"loc":{"start":{"line":251,"column":12},"end":{"line":251,"column":74}},"type":"binary-expr","locations":[{"start":{"line":251,"column":12},"end":{"line":251,"column":29}},{"start":{"line":251,"column":29},"end":{"line":251,"column":47}},{"start":{"line":251,"column":47},"end":{"line":251,"column":61}},{"start":{"line":251,"column":61},"end":{"line":251,"column":74}}],"line":251}},"s":{"0":9,"1":9,"2":9,"3":9,"4":9,"5":9,"6":9,"7":9,"8":3,"9":3,"10":3,"11":1,"12":0,"13":1,"14":1,"15":3,"16":0,"17":3,"18":3,"19":8,"20":1,"21":1,"22":7,"23":7,"24":8,"25":8,"26":8,"27":8,"28":8,"29":8,"30":7,"31":7,"32":7,"33":7,"34":5,"35":4,"36":4,"37":4,"38":4,"39":4,"40":4,"41":4,"42":1,"43":4,"44":3,"45":4,"46":2,"47":2,"48":4,"49":0,"50":0,"51":0,"52":1,"53":2,"54":0,"55":7,"56":7,"57":7,"58":7,"59":7,"60":4,"61":4,"62":7,"63":7,"64":7,"65":7,"66":7,"67":7,"68":7,"69":7,"70":7,"71":7,"72":35,"73":35,"74":7,"75":7,"76":7,"77":7,"78":2,"79":5,"80":7,"81":0,"82":0,"83":7,"84":44,"85":44,"86":44,"87":44,"88":44,"89":44,"90":11,"91":11,"92":11,"93":11,"94":11,"95":11,"96":11,"97":11,"98":2,"99":9,"100":11,"101":0,"102":11,"103":11,"104":11,"105":11,"106":11,"107":11,"108":11,"109":11,"110":11,"111":11,"112":11,"113":11,"114":7,"115":4,"116":1,"117":3,"118":1,"119":2},"f":{"0":9,"1":3,"2":1,"3":1,"4":3,"5":3,"6":8,"7":44,"8":11,"9":11},"b":{"0":[3,0],"1":[0,1],"2":[0,3],"3":[1,7],"4":[8,8,8],"5":[7,2],"6":[5,2],"7":[4,1],"8":[4,0],"9":[4,0],"10":[4,4],"11":[1,3],"12":[3,1],"13":[2,2],"14":[4,4],"15":[4,2],"16":[0,4],"17":[4,0],"18":[0,0],"19":[0,2],"20":[4,3],"21":[7,0],"22":[2,5],"23":[2,9],"24":[0,11],"25":[11,11],"26":[7,4],"27":[11,11,9,7,7],"28":[1,3],"29":[4,4,2,1,1],"30":[1,2],"31":[3,3,3,1]},"meta":{"lastBranch":32,"lastFunction":10,"lastStatement":120,"seen":{"f:2:4:2:18":0,"s:3:8:3:Infinity":0,"s:4:8:4:Infinity":1,"s:6:8:6:Infinity":2,"s:7:8:7:Infinity":3,"s:8:8:13:Infinity":4,"s:14:8:14:Infinity":5,"s:17:8:17:Infinity":6,"s:19:8:19:Infinity":7,"f:22:4:22:21":1,"b:23:8:25:Infinity:undefined:undefined:undefined:undefined":0,"s:23:8:25:Infinity":8,"s:24:12:24:Infinity":9,"s:26:8:26:Infinity":10,"f:29:4:29:24":2,"b:30:8:30:Infinity:undefined:undefined:undefined:undefined":1,"s:30:8:30:Infinity":11,"s:30:35:30:Infinity":12,"s:31:8:31:Infinity":13,"f:31:59:31:65":3,"s:31:65:31:80":14,"f:34:4:34:18":4,"b:35:8:35:Infinity:undefined:undefined:undefined:undefined":2,"s:35:8:35:Infinity":15,"s:35:41:35:Infinity":16,"s:36:8:36:Infinity":17,"f:36:43:36:55":5,"s:36:55:36:70":18,"f:39:4:39:12":6,"b:40:8:44:Infinity:undefined:undefined:undefined:undefined":3,"s:40:8:44:Infinity":19,"b:40:12:40:24:40:24:40:55:40:55:40:96":4,"s:41:12:41:Infinity":20,"s:43:12:43:Infinity":21,"s:46:26:46:Infinity":22,"s:47:29:47:Infinity":23,"b:47:29:47:56:47:56:47:Infinity":5,"s:48:28:48:Infinity":24,"s:49:26:49:Infinity":25,"s:50:25:50:Infinity":26,"s:52:20:52:Infinity":27,"s:54:8:103:Infinity":28,"s:54:21:54:24":29,"s:55:34:55:Infinity":30,"s:56:33:56:Infinity":31,"s:57:29:57:Infinity":32,"b:62:12:102:Infinity:97:19:102:Infinity":6,"s:62:12:102:Infinity":33,"b:63:16:96:Infinity:93:23:96:Infinity":7,"s:63:16:96:Infinity":34,"s:65:37:65:Infinity":35,"b:66:20:92:Infinity:undefined:undefined:undefined:undefined":8,"s:66:20:92:Infinity":36,"s:68:24:68:Infinity":37,"b:73:24:83:Infinity:undefined:undefined:undefined:undefined":9,"s:73:24:83:Infinity":38,"b:73:28:73:56:73:56:73:66":10,"s:74:42:74:Infinity":39,"s:75:45:75:Infinity":40,"b:76:28:76:Infinity:undefined:undefined:undefined:undefined":11,"s:76:28:76:Infinity":41,"s:76:50:76:Infinity":42,"b:77:28:77:Infinity:undefined:undefined:undefined:undefined":12,"s:77:28:77:Infinity":43,"s:77:51:77:Infinity":44,"b:79:28:82:Infinity:undefined:undefined:undefined:undefined":13,"s:79:28:82:Infinity":45,"b:79:32:79:46:79:46:79:119":14,"b:79:53:79:89:79:89:79:94":15,"s:80:32:80:Infinity":46,"s:81:32:81:Infinity":47,"b:87:24:91:Infinity:undefined:undefined:undefined:undefined":16,"s:87:24:91:Infinity":48,"b:87:28:87:56:87:56:87:128":17,"b:87:63:87:101:87:101:87:106":18,"s:88:28:88:Infinity":49,"s:89:28:89:Infinity":50,"s:90:28:90:Infinity":51,"s:95:20:95:Infinity":52,"b:99:16:101:Infinity:undefined:undefined:undefined:undefined":19,"s:99:16:101:Infinity":53,"s:100:20:100:Infinity":54,"s:107:21:107:Infinity":55,"s:108:8:111:Infinity":56,"s:110:12:110:Infinity":57,"s:112:21:112:Infinity":58,"b:114:8:118:Infinity:undefined:undefined:undefined:undefined":20,"s:114:8:118:Infinity":59,"s:115:27:115:Infinity":60,"s:117:12:117:Infinity":61,"s:119:8:119:Infinity":62,"b:124:8:173:Infinity:170:15:173:Infinity":21,"s:124:8:173:Infinity":63,"s:125:25:125:Infinity":64,"s:126:26:126:Infinity":65,"s:127:30:127:Infinity":66,"s:130:29:133:Infinity":67,"s:134:33:134:Infinity":68,"s:137:28:137:Infinity":69,"s:138:31:138:Infinity":70,"s:139:12:145:Infinity":71,"s:140:28:140:Infinity":72,"s:141:16:144:Infinity":73,"s:149:26:149:Infinity":74,"s:154:34:154:Infinity":75,"s:159:35:159:Infinity":76,"b:162:12:167:Infinity:164:19:167:Infinity":22,"s:162:12:167:Infinity":77,"s:163:16:163:Infinity":78,"s:166:16:166:Infinity":79,"s:169:12:169:Infinity":80,"s:171:12:171:Infinity":81,"s:172:12:172:Infinity":82,"s:175:8:175:Infinity":83,"f:180:4:180:20":7,"s:181:22:181:Infinity":84,"s:182:20:182:Infinity":85,"s:183:20:183:Infinity":86,"s:186:14:186:Infinity":87,"s:187:14:187:Infinity":88,"s:191:8:191:Infinity":89,"f:195:4:195:19":8,"s:196:22:196:Infinity":90,"s:197:20:197:Infinity":91,"s:198:19:198:Infinity":92,"s:199:20:199:Infinity":93,"s:200:25:200:Infinity":94,"s:204:14:204:Infinity":95,"s:205:14:205:Infinity":96,"b:208:8:208:Infinity:undefined:undefined:undefined:undefined":23,"s:208:8:208:Infinity":97,"s:208:45:208:Infinity":98,"s:213:8:213:Infinity":99,"f:217:4:217:15":9,"b:218:8:218:Infinity:undefined:undefined:undefined:undefined":24,"s:218:8:218:Infinity":100,"b:218:12:218:26:218:26:218:49":25,"s:218:49:218:Infinity":101,"s:221:28:221:Infinity":102,"s:222:29:222:Infinity":103,"s:223:27:223:Infinity":104,"s:224:28:224:Infinity":105,"s:225:28:225:Infinity":106,"s:228:8:228:Infinity":107,"s:231:30:231:Infinity":108,"s:232:31:232:Infinity":109,"s:233:29:233:Infinity":110,"s:234:30:234:Infinity":111,"s:235:30:235:Infinity":112,"b:239:8:241:Infinity:undefined:undefined:undefined:undefined":26,"s:239:8:241:Infinity":113,"b:239:12:239:29:239:29:239:46:239:46:239:62:239:62:239:76:239:76:239:89":27,"s:240:12:240:Infinity":114,"b:245:8:247:Infinity:undefined:undefined:undefined:undefined":28,"s:245:8:247:Infinity":115,"b:245:12:245:29:245:29:245:44:245:44:245:60:245:60:245:74:245:74:245:87":29,"s:246:12:246:Infinity":116,"b:251:8:253:Infinity:undefined:undefined:undefined:undefined":30,"s:251:8:253:Infinity":117,"b:251:12:251:29:251:29:251:47:251:47:251:61:251:61:251:74":31,"s:252:12:252:Infinity":118,"s:255:8:255:Infinity":119}}}
,"/Users/horaoen/dev/repo/christmas-tree/src/webgl/scene.js": {"path":"/Users/horaoen/dev/repo/christmas-tree/src/webgl/scene.js","statementMap":{"0":{"start":{"line":9,"column":18},"end":{"line":9,"column":35}},"1":{"start":{"line":10,"column":19},"end":{"line":10,"column":101}},"2":{"start":{"line":11,"column":21},"end":{"line":11,"column":74}},"3":{"start":{"line":13,"column":4},"end":{"line":13,"column":null}},"4":{"start":{"line":14,"column":4},"end":{"line":14,"column":65}},"5":{"start":{"line":16,"column":4},"end":{"line":16,"column":null}},"6":{"start":{"line":19,"column":25},"end":{"line":19,"column":62}},"7":{"start":{"line":20,"column":4},"end":{"line":20,"column":null}},"8":{"start":{"line":22,"column":23},"end":{"line":22,"column":58}},"9":{"start":{"line":23,"column":4},"end":{"line":23,"column":37}},"10":{"start":{"line":24,"column":4},"end":{"line":24,"column":null}},"11":{"start":{"line":27,"column":23},"end":{"line":27,"column":64}},"12":{"start":{"line":28,"column":4},"end":{"line":28,"column":null}},"13":{"start":{"line":29,"column":4},"end":{"line":29,"column":null}},"14":{"start":{"line":32,"column":26},"end":{"line":32,"column":100}},"15":{"start":{"line":33,"column":4},"end":{"line":33,"column":null}},"16":{"start":{"line":35,"column":23},"end":{"line":35,"column":52}},"17":{"start":{"line":38,"column":29},"end":{"line":57,"column":5}},"18":{"start":{"line":59,"column":31},"end":{"line":73,"column":5}},"19":{"start":{"line":76,"column":26},"end":{"line":76,"column":30}},"20":{"start":{"line":77,"column":21},"end":{"line":77,"column":47}},"21":{"start":{"line":78,"column":20},"end":{"line":78,"column":22}},"22":{"start":{"line":79,"column":22},"end":{"line":79,"column":24}},"23":{"start":{"line":80,"column":23},"end":{"line":80,"column":25}},"24":{"start":{"line":82,"column":8},"end":{"line":102,"column":null}},"25":{"start":{"line":82,"column":18},"end":{"line":82,"column":19}},"26":{"start":{"line":84,"column":22},"end":{"line":84,"column":45}},"27":{"start":{"line":85,"column":26},"end":{"line":85,"column":53}},"28":{"start":{"line":86,"column":24},"end":{"line":86,"column":56}},"29":{"start":{"line":88,"column":12},"end":{"line":92,"column":null}},"30":{"start":{"line":98,"column":29},"end":{"line":98,"column":69}},"31":{"start":{"line":100,"column":12},"end":{"line":100,"column":null}},"32":{"start":{"line":101,"column":12},"end":{"line":101,"column":null}},"33":{"start":{"line":104,"column":8},"end":{"line":104,"column":null}},"34":{"start":{"line":105,"column":8},"end":{"line":105,"column":null}},"35":{"start":{"line":106,"column":8},"end":{"line":106,"column":null}},"36":{"start":{"line":108,"column":20},"end":{"line":115,"column":10}},"37":{"start":{"line":117,"column":22},"end":{"line":117,"column":49}},"38":{"start":{"line":118,"column":8},"end":{"line":118,"column":null}},"39":{"start":{"line":121,"column":22},"end":{"line":121,"column":39}},"40":{"start":{"line":122,"column":4},"end":{"line":122,"column":null}},"41":{"start":{"line":126,"column":24},"end":{"line":126,"column":53}},"42":{"start":{"line":128,"column":22},"end":{"line":133,"column":5}},"43":{"start":{"line":135,"column":21},"end":{"line":135,"column":49}},"44":{"start":{"line":136,"column":4},"end":{"line":136,"column":null}},"45":{"start":{"line":137,"column":4},"end":{"line":137,"column":null}},"46":{"start":{"line":142,"column":23},"end":{"line":142,"column":55}},"47":{"start":{"line":143,"column":8},"end":{"line":143,"column":null}},"48":{"start":{"line":144,"column":8},"end":{"line":144,"column":null}},"49":{"start":{"line":145,"column":20},"end":{"line":145,"column":43}},"50":{"start":{"line":148,"column":25},"end":{"line":148,"column":78}},"51":{"start":{"line":150,"column":8},"end":{"line":150,"column":46}},"52":{"start":{"line":151,"column":8},"end":{"line":151,"column":46}},"53":{"start":{"line":152,"column":8},"end":{"line":152,"column":46}},"54":{"start":{"line":154,"column":8},"end":{"line":154,"column":null}},"55":{"start":{"line":155,"column":8},"end":{"line":155,"column":null}},"56":{"start":{"line":157,"column":24},"end":{"line":157,"column":55}},"57":{"start":{"line":158,"column":8},"end":{"line":158,"column":null}},"58":{"start":{"line":159,"column":8},"end":{"line":159,"column":null}},"59":{"start":{"line":161,"column":4},"end":{"line":161,"column":null}},"60":{"start":{"line":164,"column":18},"end":{"line":164,"column":35}},"61":{"start":{"line":167,"column":8},"end":{"line":167,"column":null}},"62":{"start":{"line":169,"column":22},"end":{"line":169,"column":38}},"63":{"start":{"line":170,"column":21},"end":{"line":170,"column":43}},"64":{"start":{"line":172,"column":8},"end":{"line":172,"column":null}},"65":{"start":{"line":173,"column":8},"end":{"line":173,"column":null}},"66":{"start":{"line":176,"column":8},"end":{"line":178,"column":null}},"67":{"start":{"line":177,"column":12},"end":{"line":177,"column":null}},"68":{"start":{"line":180,"column":8},"end":{"line":180,"column":null}},"69":{"start":{"line":183,"column":4},"end":{"line":183,"column":null}},"70":{"start":{"line":185,"column":4},"end":{"line":194,"column":null}},"71":{"start":{"line":186,"column":22},"end":{"line":186,"column":39}},"72":{"start":{"line":187,"column":23},"end":{"line":187,"column":41}},"73":{"start":{"line":189,"column":8},"end":{"line":189,"column":null}},"74":{"start":{"line":190,"column":8},"end":{"line":190,"column":null}},"75":{"start":{"line":192,"column":8},"end":{"line":192,"column":null}},"76":{"start":{"line":193,"column":8},"end":{"line":193,"column":null}},"77":{"start":{"line":196,"column":4},"end":{"line":196,"column":null}}},"fnMap":{"0":{"name":"setupScene","decl":{"start":{"line":8,"column":16},"end":{"line":8,"column":26}},"loc":{"start":{"line":8,"column":35},"end":{"line":197,"column":null}},"line":8},"1":{"name":"createStarfield","decl":{"start":{"line":75,"column":13},"end":{"line":75,"column":28}},"loc":{"start":{"line":75,"column":31},"end":{"line":119,"column":null}},"line":75},"2":{"name":"createNightSkyTexture","decl":{"start":{"line":141,"column":13},"end":{"line":141,"column":34}},"loc":{"start":{"line":141,"column":37},"end":{"line":160,"column":null}},"line":141},"3":{"name":"animate","decl":{"start":{"line":166,"column":13},"end":{"line":166,"column":20}},"loc":{"start":{"line":166,"column":23},"end":{"line":181,"column":null}},"line":166},"4":{"name":"(anonymous_4)","decl":{"start":{"line":185,"column":38},"end":{"line":185,"column":39}},"loc":{"start":{"line":185,"column":44},"end":{"line":194,"column":5}},"line":185}},"branchMap":{"0":{"loc":{"start":{"line":176,"column":8},"end":{"line":178,"column":null}},"type":"if","locations":[{"start":{"line":176,"column":8},"end":{"line":178,"column":null}},{"start":{},"end":{}}],"line":176}},"s":{"0":1,"1":1,"2":1,"3":1,"4":1,"5":1,"6":1,"7":1,"8":1,"9":1,"10":1,"11":1,"12":1,"13":1,"14":1,"15":1,"16":1,"17":1,"18":1,"19":1,"20":1,"21":1,"22":1,"23":1,"24":1,"25":1,"26":2500,"27":2500,"28":2500,"29":2500,"30":2500,"31":2500,"32":2500,"33":1,"34":1,"35":1,"36":1,"37":1,"38":1,"39":1,"40":1,"41":1,"42":1,"43":1,"44":1,"45":1,"46":1,"47":1,"48":1,"49":1,"50":1,"51":1,"52":1,"53":1,"54":1,"55":1,"56":1,"57":1,"58":1,"59":1,"60":1,"61":1,"62":1,"63":1,"64":1,"65":1,"66":1,"67":1,"68":1,"69":1,"70":1,"71":0,"72":0,"73":0,"74":0,"75":0,"76":0,"77":1},"f":{"0":1,"1":1,"2":1,"3":1,"4":0},"b":{"0":[1,0]},"meta":{"lastBranch":1,"lastFunction":5,"lastStatement":78,"seen":{"f:8:16:8:26":0,"s:9:18:9:35":0,"s:10:19:10:101":1,"s:11:21:11:74":2,"s:13:4:13:Infinity":3,"s:14:4:14:65":4,"s:16:4:16:Infinity":5,"s:19:25:19:62":6,"s:20:4:20:Infinity":7,"s:22:23:22:58":8,"s:23:4:23:37":9,"s:24:4:24:Infinity":10,"s:27:23:27:64":11,"s:28:4:28:Infinity":12,"s:29:4:29:Infinity":13,"s:32:26:32:100":14,"s:33:4:33:Infinity":15,"s:35:23:35:52":16,"s:38:29:57:5":17,"s:59:31:73:5":18,"f:75:13:75:28":1,"s:76:26:76:30":19,"s:77:21:77:47":20,"s:78:20:78:22":21,"s:79:22:79:24":22,"s:80:23:80:25":23,"s:82:8:102:Infinity":24,"s:82:18:82:19":25,"s:84:22:84:45":26,"s:85:26:85:53":27,"s:86:24:86:56":28,"s:88:12:92:Infinity":29,"s:98:29:98:69":30,"s:100:12:100:Infinity":31,"s:101:12:101:Infinity":32,"s:104:8:104:Infinity":33,"s:105:8:105:Infinity":34,"s:106:8:106:Infinity":35,"s:108:20:115:10":36,"s:117:22:117:49":37,"s:118:8:118:Infinity":38,"s:121:22:121:39":39,"s:122:4:122:Infinity":40,"s:126:24:126:53":41,"s:128:22:133:5":42,"s:135:21:135:49":43,"s:136:4:136:Infinity":44,"s:137:4:137:Infinity":45,"f:141:13:141:34":2,"s:142:23:142:55":46,"s:143:8:143:Infinity":47,"s:144:8:144:Infinity":48,"s:145:20:145:43":49,"s:148:25:148:78":50,"s:150:8:150:46":51,"s:151:8:151:46":52,"s:152:8:152:46":53,"s:154:8:154:Infinity":54,"s:155:8:155:Infinity":55,"s:157:24:157:55":56,"s:158:8:158:Infinity":57,"s:159:8:159:Infinity":58,"s:161:4:161:Infinity":59,"s:164:18:164:35":60,"f:166:13:166:20":3,"s:167:8:167:Infinity":61,"s:169:22:169:38":62,"s:170:21:170:43":63,"s:172:8:172:Infinity":64,"s:173:8:173:Infinity":65,"b:176:8:178:Infinity:undefined:undefined:undefined:undefined":0,"s:176:8:178:Infinity":66,"s:177:12:177:Infinity":67,"s:180:8:180:Infinity":68,"s:183:4:183:Infinity":69,"s:185:4:194:Infinity":70,"f:185:38:185:39":4,"s:186:22:186:39":71,"s:187:23:187:41":72,"s:189:8:189:Infinity":73,"s:190:8:190:Infinity":74,"s:192:8:192:Infinity":75,"s:193:8:193:Infinity":76,"s:196:4:196:Infinity":77}}}
,"/Users/horaoen/dev/repo/christmas-tree/src/webgl/snow.js": {"path":"/Users/horaoen/dev/repo/christmas-tree/src/webgl/snow.js","statementMap":{"0":{"start":{"line":5,"column":8},"end":{"line":5,"column":null}},"1":{"start":{"line":6,"column":8},"end":{"line":6,"column":null}},"2":{"start":{"line":7,"column":8},"end":{"line":7,"column":null}},"3":{"start":{"line":8,"column":8},"end":{"line":8,"column":null}},"4":{"start":{"line":9,"column":8},"end":{"line":9,"column":null}},"5":{"start":{"line":10,"column":8},"end":{"line":10,"column":null}},"6":{"start":{"line":12,"column":8},"end":{"line":12,"column":null}},"7":{"start":{"line":17,"column":25},"end":{"line":17,"column":55}},"8":{"start":{"line":19,"column":21},"end":{"line":19,"column":52}},"9":{"start":{"line":21,"column":23},"end":{"line":21,"column":56}},"10":{"start":{"line":23,"column":22},"end":{"line":23,"column":49}},"11":{"start":{"line":24,"column":8},"end":{"line":24,"column":null}},"12":{"start":{"line":28,"column":25},"end":{"line":28,"column":51}},"13":{"start":{"line":29,"column":26},"end":{"line":29,"column":28}},"14":{"start":{"line":30,"column":22},"end":{"line":30,"column":24}},"15":{"start":{"line":31,"column":27},"end":{"line":31,"column":29}},"16":{"start":{"line":33,"column":8},"end":{"line":48,"column":null}},"17":{"start":{"line":33,"column":21},"end":{"line":33,"column":22}},"18":{"start":{"line":35,"column":22},"end":{"line":35,"column":45}},"19":{"start":{"line":37,"column":38},"end":{"line":37,"column":63}},"20":{"start":{"line":40,"column":22},"end":{"line":40,"column":57}},"21":{"start":{"line":41,"column":22},"end":{"line":41,"column":62}},"22":{"start":{"line":43,"column":12},"end":{"line":43,"column":null}},"23":{"start":{"line":45,"column":28},"end":{"line":45,"column":70}},"24":{"start":{"line":46,"column":12},"end":{"line":46,"column":null}},"25":{"start":{"line":47,"column":12},"end":{"line":47,"column":null}},"26":{"start":{"line":50,"column":8},"end":{"line":50,"column":null}},"27":{"start":{"line":51,"column":8},"end":{"line":51,"column":null}},"28":{"start":{"line":52,"column":8},"end":{"line":52,"column":null}},"29":{"start":{"line":54,"column":30},"end":{"line":54,"column":55}},"30":{"start":{"line":55,"column":28},"end":{"line":55,"column":66}},"31":{"start":{"line":57,"column":25},"end":{"line":65,"column":10}},"32":{"start":{"line":68,"column":8},"end":{"line":74,"column":null}},"33":{"start":{"line":69,"column":12},"end":{"line":69,"column":null}},"34":{"start":{"line":70,"column":12},"end":{"line":73,"column":null}},"35":{"start":{"line":76,"column":8},"end":{"line":76,"column":null}},"36":{"start":{"line":77,"column":8},"end":{"line":77,"column":null}},"37":{"start":{"line":79,"column":8},"end":{"line":79,"column":null}},"38":{"start":{"line":83,"column":12},"end":{"line":83,"column":null}},"39":{"start":{"line":83,"column":55},"end":{"line":83,"column":null}},"40":{"start":{"line":85,"column":30},"end":{"line":85,"column":83}},"41":{"start":{"line":86,"column":31},"end":{"line":86,"column":84}},"42":{"start":{"line":87,"column":26},"end":{"line":87,"column":76}},"43":{"start":{"line":89,"column":25},"end":{"line":89,"column":50}},"44":{"start":{"line":92,"column":26},"end":{"line":92,"column":81}},"45":{"start":{"line":93,"column":26},"end":{"line":93,"column":83}},"46":{"start":{"line":95,"column":12},"end":{"line":129,"column":null}},"47":{"start":{"line":95,"column":25},"end":{"line":95,"column":26}},"48":{"start":{"line":96,"column":31},"end":{"line":96,"column":36}},"49":{"start":{"line":98,"column":37},"end":{"line":98,"column":49}},"50":{"start":{"line":101,"column":30},"end":{"line":101,"column":71}},"51":{"start":{"line":102,"column":30},"end":{"line":102,"column":71}},"52":{"start":{"line":105,"column":16},"end":{"line":105,"column":null}},"53":{"start":{"line":106,"column":16},"end":{"line":106,"column":null}},"54":{"start":{"line":109,"column":35},"end":{"line":109,"column":80}},"55":{"start":{"line":110,"column":16},"end":{"line":110,"column":null}},"56":{"start":{"line":113,"column":16},"end":{"line":128,"column":null}},"57":{"start":{"line":115,"column":30},"end":{"line":115,"column":53}},"58":{"start":{"line":118,"column":46},"end":{"line":118,"column":71}},"59":{"start":{"line":120,"column":20},"end":{"line":120,"column":41}},"60":{"start":{"line":123,"column":20},"end":{"line":123,"column":85}},"61":{"start":{"line":124,"column":20},"end":{"line":124,"column":70}},"62":{"start":{"line":127,"column":20},"end":{"line":127,"column":null}},"63":{"start":{"line":130,"column":12},"end":{"line":130,"column":null}},"64":{"start":{"line":131,"column":12},"end":{"line":131,"column":null}},"65":{"start":{"line":134,"column":8},"end":{"line":134,"column":null}},"66":{"start":{"line":135,"column":8},"end":{"line":137,"column":null}},"67":{"start":{"line":136,"column":12},"end":{"line":136,"column":null}}},"fnMap":{"0":{"name":"(anonymous_0)","decl":{"start":{"line":4,"column":4},"end":{"line":4,"column":15}},"loc":{"start":{"line":4,"column":49},"end":{"line":13,"column":null}},"line":4},"1":{"name":"(anonymous_1)","decl":{"start":{"line":16,"column":4},"end":{"line":16,"column":21}},"loc":{"start":{"line":16,"column":29},"end":{"line":25,"column":null}},"line":16},"2":{"name":"(anonymous_2)","decl":{"start":{"line":27,"column":4},"end":{"line":27,"column":12}},"loc":{"start":{"line":27,"column":15},"end":{"line":80,"column":null}},"line":27},"3":{"name":"(anonymous_3)","decl":{"start":{"line":68,"column":35},"end":{"line":68,"column":36}},"loc":{"start":{"line":68,"column":47},"end":{"line":74,"column":9}},"line":68},"4":{"name":"(anonymous_4)","decl":{"start":{"line":82,"column":8},"end":{"line":82,"column":15}},"loc":{"start":{"line":82,"column":27},"end":{"line":132,"column":null}},"line":82},"5":{"name":"(anonymous_5)","decl":{"start":{"line":133,"column":4},"end":{"line":133,"column":10}},"loc":{"start":{"line":133,"column":13},"end":{"line":138,"column":null}},"line":133}},"branchMap":{"0":{"loc":{"start":{"line":4,"column":31},"end":{"line":4,"column":47}},"type":"default-arg","locations":[{"start":{"line":4,"column":43},"end":{"line":4,"column":47}}],"line":4},"1":{"loc":{"start":{"line":83,"column":12},"end":{"line":83,"column":null}},"type":"if","locations":[{"start":{"line":83,"column":12},"end":{"line":83,"column":null}},{"start":{},"end":{}}],"line":83},"2":{"loc":{"start":{"line":83,"column":16},"end":{"line":83,"column":53}},"type":"binary-expr","locations":[{"start":{"line":83,"column":16},"end":{"line":83,"column":30}},{"start":{"line":83,"column":34},"end":{"line":83,"column":53}}],"line":83},"3":{"loc":{"start":{"line":113,"column":16},"end":{"line":128,"column":null}},"type":"if","locations":[{"start":{"line":113,"column":16},"end":{"line":128,"column":null}},{"start":{},"end":{}}],"line":113},"4":{"loc":{"start":{"line":135,"column":8},"end":{"line":137,"column":null}},"type":"if","locations":[{"start":{"line":135,"column":8},"end":{"line":137,"column":null}},{"start":{},"end":{}}],"line":135}},"s":{"0":1,"1":1,"2":1,"3":1,"4":1,"5":1,"6":1,"7":1342,"8":1342,"9":1342,"10":1342,"11":1342,"12":1,"13":1,"14":1,"15":1,"16":1,"17":1,"18":1333,"19":1333,"20":1333,"21":1333,"22":1333,"23":1333,"24":1333,"25":1333,"26":1,"27":1,"28":1,"29":1,"30":1,"31":1,"32":1,"33":0,"34":0,"35":1,"36":1,"37":1,"38":1,"39":0,"40":1,"41":1,"42":1,"43":1,"44":1,"45":1,"46":1,"47":1,"48":1333,"49":1333,"50":1333,"51":1333,"52":1333,"53":1333,"54":1333,"55":1333,"56":1333,"57":9,"58":9,"59":9,"60":9,"61":9,"62":9,"63":1,"64":1,"65":0,"66":0,"67":0},"f":{"0":1,"1":1342,"2":1,"3":0,"4":1,"5":0},"b":{"0":[1],"1":[0,1],"2":[1,1],"3":[9,1324],"4":[0,0]},"meta":{"lastBranch":5,"lastFunction":6,"lastStatement":68,"seen":{"f:4:4:4:15":0,"b:4:43:4:47":0,"s:5:8:5:Infinity":0,"s:6:8:6:Infinity":1,"s:7:8:7:Infinity":2,"s:8:8:8:Infinity":3,"s:9:8:9:Infinity":4,"s:10:8:10:Infinity":5,"s:12:8:12:Infinity":6,"f:16:4:16:21":1,"s:17:25:17:55":7,"s:19:21:19:52":8,"s:21:23:21:56":9,"s:23:22:23:49":10,"s:24:8:24:Infinity":11,"f:27:4:27:12":2,"s:28:25:28:51":12,"s:29:26:29:28":13,"s:30:22:30:24":14,"s:31:27:31:29":15,"s:33:8:48:Infinity":16,"s:33:21:33:22":17,"s:35:22:35:45":18,"s:37:38:37:63":19,"s:40:22:40:57":20,"s:41:22:41:62":21,"s:43:12:43:Infinity":22,"s:45:28:45:70":23,"s:46:12:46:Infinity":24,"s:47:12:47:Infinity":25,"s:50:8:50:Infinity":26,"s:51:8:51:Infinity":27,"s:52:8:52:Infinity":28,"s:54:30:54:55":29,"s:55:28:55:66":30,"s:57:25:65:10":31,"s:68:8:74:Infinity":32,"f:68:35:68:36":3,"s:69:12:69:Infinity":33,"s:70:12:73:Infinity":34,"s:76:8:76:Infinity":35,"s:77:8:77:Infinity":36,"s:79:8:79:Infinity":37,"f:82:8:82:15":4,"b:83:12:83:Infinity:undefined:undefined:undefined:undefined":1,"s:83:12:83:Infinity":38,"b:83:16:83:30:83:34:83:53":2,"s:83:55:83:Infinity":39,"s:85:30:85:83":40,"s:86:31:86:84":41,"s:87:26:87:76":42,"s:89:25:89:50":43,"s:92:26:92:81":44,"s:93:26:93:83":45,"s:95:12:129:Infinity":46,"s:95:25:95:26":47,"s:96:31:96:36":48,"s:98:37:98:49":49,"s:101:30:101:71":50,"s:102:30:102:71":51,"s:105:16:105:Infinity":52,"s:106:16:106:Infinity":53,"s:109:35:109:80":54,"s:110:16:110:Infinity":55,"b:113:16:128:Infinity:undefined:undefined:undefined:undefined":3,"s:113:16:128:Infinity":56,"s:115:30:115:53":57,"s:118:46:118:71":58,"s:120:20:120:41":59,"s:123:20:123:85":60,"s:124:20:124:70":61,"s:127:20:127:Infinity":62,"s:130:12:130:Infinity":63,"s:131:12:131:Infinity":64,"f:133:4:133:10":5,"s:134:8:134:Infinity":65,"b:135:8:137:Infinity:undefined:undefined:undefined:undefined":4,"s:135:8:137:Infinity":66,"s:136:12:136:Infinity":67}}}
,"/Users/horaoen/dev/repo/christmas-tree/src/webgl/tree.js": {"path":"/Users/horaoen/dev/repo/christmas-tree/src/webgl/tree.js","statementMap":{"0":{"start":{"line":3,"column":21},"end":{"line":40,"column":1}},"1":{"start":{"line":42,"column":23},"end":{"line":62,"column":1}},"2":{"start":{"line":64,"column":27},"end":{"line":117,"column":1}},"3":{"start":{"line":121,"column":8},"end":{"line":121,"column":null}},"4":{"start":{"line":122,"column":8},"end":{"line":122,"column":null}},"5":{"start":{"line":123,"column":8},"end":{"line":123,"column":null}},"6":{"start":{"line":124,"column":8},"end":{"line":124,"column":null}},"7":{"start":{"line":125,"column":8},"end":{"line":125,"column":null}},"8":{"start":{"line":126,"column":8},"end":{"line":126,"column":null}},"9":{"start":{"line":127,"column":8},"end":{"line":127,"column":null}},"10":{"start":{"line":128,"column":8},"end":{"line":128,"column":null}},"11":{"start":{"line":131,"column":27},"end":{"line":131,"column":31}},"12":{"start":{"line":132,"column":28},"end":{"line":132,"column":32}},"13":{"start":{"line":133,"column":29},"end":{"line":133,"column":33}},"14":{"start":{"line":134,"column":29},"end":{"line":134,"column":33}},"15":{"start":{"line":136,"column":8},"end":{"line":142,"column":null}},"16":{"start":{"line":144,"column":8},"end":{"line":152,"column":null}},"17":{"start":{"line":155,"column":8},"end":{"line":164,"column":null}},"18":{"start":{"line":156,"column":12},"end":{"line":156,"column":null}},"19":{"start":{"line":157,"column":12},"end":{"line":157,"column":null}},"20":{"start":{"line":158,"column":12},"end":{"line":158,"column":null}},"21":{"start":{"line":159,"column":12},"end":{"line":159,"column":54}},"22":{"start":{"line":160,"column":12},"end":{"line":160,"column":null}},"23":{"start":{"line":161,"column":12},"end":{"line":161,"column":null}},"24":{"start":{"line":162,"column":12},"end":{"line":162,"column":null}},"25":{"start":{"line":163,"column":12},"end":{"line":163,"column":null}},"26":{"start":{"line":172,"column":8},"end":{"line":175,"column":null}},"27":{"start":{"line":174,"column":12},"end":{"line":174,"column":null}},"28":{"start":{"line":177,"column":8},"end":{"line":177,"column":null}},"29":{"start":{"line":179,"column":8},"end":{"line":182,"column":null}},"30":{"start":{"line":181,"column":12},"end":{"line":181,"column":null}},"31":{"start":{"line":186,"column":22},"end":{"line":186,"column":39}},"32":{"start":{"line":187,"column":28},"end":{"line":187,"column":32}},"33":{"start":{"line":188,"column":29},"end":{"line":188,"column":33}},"34":{"start":{"line":190,"column":30},"end":{"line":194,"column":10}},"35":{"start":{"line":198,"column":26},"end":{"line":198,"column":82}},"36":{"start":{"line":199,"column":8},"end":{"line":199,"column":38}},"37":{"start":{"line":203,"column":26},"end":{"line":203,"column":94}},"38":{"start":{"line":204,"column":8},"end":{"line":204,"column":null}},"39":{"start":{"line":207,"column":26},"end":{"line":207,"column":94}},"40":{"start":{"line":210,"column":25},"end":{"line":210,"column":91}},"41":{"start":{"line":212,"column":8},"end":{"line":212,"column":77}},"42":{"start":{"line":215,"column":8},"end":{"line":215,"column":null}},"43":{"start":{"line":216,"column":8},"end":{"line":216,"column":null}},"44":{"start":{"line":217,"column":8},"end":{"line":217,"column":null}},"45":{"start":{"line":218,"column":8},"end":{"line":218,"column":null}},"46":{"start":{"line":220,"column":8},"end":{"line":228,"column":null}},"47":{"start":{"line":221,"column":12},"end":{"line":221,"column":null}},"48":{"start":{"line":222,"column":12},"end":{"line":222,"column":null}},"49":{"start":{"line":223,"column":12},"end":{"line":223,"column":null}},"50":{"start":{"line":224,"column":12},"end":{"line":224,"column":null}},"51":{"start":{"line":226,"column":12},"end":{"line":226,"column":null}},"52":{"start":{"line":227,"column":12},"end":{"line":227,"column":null}},"53":{"start":{"line":231,"column":8},"end":{"line":231,"column":null}},"54":{"start":{"line":232,"column":8},"end":{"line":232,"column":null}},"55":{"start":{"line":234,"column":8},"end":{"line":234,"column":null}},"56":{"start":{"line":242,"column":8},"end":{"line":261,"column":null}},"57":{"start":{"line":243,"column":26},"end":{"line":243,"column":51}},"58":{"start":{"line":246,"column":12},"end":{"line":248,"column":null}},"59":{"start":{"line":247,"column":16},"end":{"line":247,"column":null}},"60":{"start":{"line":251,"column":12},"end":{"line":253,"column":null}},"61":{"start":{"line":252,"column":16},"end":{"line":252,"column":null}},"62":{"start":{"line":255,"column":12},"end":{"line":255,"column":null}},"63":{"start":{"line":256,"column":12},"end":{"line":256,"column":null}},"64":{"start":{"line":257,"column":12},"end":{"line":257,"column":null}},"65":{"start":{"line":259,"column":12},"end":{"line":259,"column":null}},"66":{"start":{"line":260,"column":12},"end":{"line":260,"column":null}},"67":{"start":{"line":270,"column":8},"end":{"line":282,"column":null}},"68":{"start":{"line":272,"column":12},"end":{"line":281,"column":null}},"69":{"start":{"line":274,"column":30},"end":{"line":274,"column":46}},"70":{"start":{"line":275,"column":16},"end":{"line":280,"column":null}},"71":{"start":{"line":276,"column":20},"end":{"line":278,"column":null}},"72":{"start":{"line":277,"column":24},"end":{"line":277,"column":null}},"73":{"start":{"line":279,"column":20},"end":{"line":279,"column":null}},"74":{"start":{"line":283,"column":8},"end":{"line":283,"column":null}},"75":{"start":{"line":291,"column":8},"end":{"line":291,"column":null}},"76":{"start":{"line":300,"column":8},"end":{"line":309,"column":null}},"77":{"start":{"line":301,"column":27},"end":{"line":301,"column":65}},"78":{"start":{"line":302,"column":27},"end":{"line":302,"column":65}},"79":{"start":{"line":305,"column":26},"end":{"line":305,"column":69}},"80":{"start":{"line":306,"column":26},"end":{"line":306,"column":69}},"81":{"start":{"line":308,"column":12},"end":{"line":308,"column":null}},"82":{"start":{"line":318,"column":8},"end":{"line":318,"column":null}},"83":{"start":{"line":318,"column":23},"end":{"line":318,"column":null}},"84":{"start":{"line":320,"column":20},"end":{"line":320,"column":75}},"85":{"start":{"line":321,"column":22},"end":{"line":321,"column":46}},"86":{"start":{"line":324,"column":8},"end":{"line":324,"column":null}},"87":{"start":{"line":333,"column":26},"end":{"line":333,"column":49}},"88":{"start":{"line":335,"column":8},"end":{"line":384,"column":null}},"89":{"start":{"line":336,"column":31},"end":{"line":336,"column":65}},"90":{"start":{"line":337,"column":30},"end":{"line":337,"column":63}},"91":{"start":{"line":339,"column":30},"end":{"line":339,"column":69}},"92":{"start":{"line":343,"column":12},"end":{"line":376,"column":null}},"93":{"start":{"line":345,"column":40},"end":{"line":345,"column":59}},"94":{"start":{"line":346,"column":16},"end":{"line":346,"column":null}},"95":{"start":{"line":347,"column":16},"end":{"line":347,"column":null}},"96":{"start":{"line":349,"column":16},"end":{"line":349,"column":null}},"97":{"start":{"line":350,"column":16},"end":{"line":350,"column":47}},"98":{"start":{"line":354,"column":37},"end":{"line":354,"column":73}},"99":{"start":{"line":355,"column":16},"end":{"line":355,"column":null}},"100":{"start":{"line":357,"column":16},"end":{"line":357,"column":null}},"101":{"start":{"line":358,"column":16},"end":{"line":358,"column":null}},"102":{"start":{"line":360,"column":16},"end":{"line":375,"column":null}},"103":{"start":{"line":361,"column":20},"end":{"line":361,"column":null}},"104":{"start":{"line":364,"column":38},"end":{"line":364,"column":58}},"105":{"start":{"line":365,"column":20},"end":{"line":368,"column":null}},"106":{"start":{"line":366,"column":38},"end":{"line":366,"column":85}},"107":{"start":{"line":367,"column":24},"end":{"line":367,"column":null}},"108":{"start":{"line":371,"column":38},"end":{"line":371,"column":58}},"109":{"start":{"line":372,"column":20},"end":{"line":374,"column":null}},"110":{"start":{"line":373,"column":24},"end":{"line":373,"column":null}},"111":{"start":{"line":379,"column":12},"end":{"line":379,"column":null}},"112":{"start":{"line":380,"column":12},"end":{"line":380,"column":null}},"113":{"start":{"line":381,"column":12},"end":{"line":383,"column":null}},"114":{"start":{"line":382,"column":16},"end":{"line":382,"column":null}},"115":{"start":{"line":390,"column":8},"end":{"line":390,"column":43}},"116":{"start":{"line":391,"column":8},"end":{"line":391,"column":null}},"117":{"start":{"line":392,"column":8},"end":{"line":392,"column":null}},"118":{"start":{"line":393,"column":8},"end":{"line":393,"column":null}},"119":{"start":{"line":395,"column":8},"end":{"line":395,"column":null}},"120":{"start":{"line":396,"column":8},"end":{"line":396,"column":null}},"121":{"start":{"line":397,"column":8},"end":{"line":397,"column":null}},"122":{"start":{"line":400,"column":8},"end":{"line":400,"column":null}},"123":{"start":{"line":401,"column":8},"end":{"line":401,"column":null}},"124":{"start":{"line":402,"column":8},"end":{"line":402,"column":null}},"125":{"start":{"line":404,"column":8},"end":{"line":407,"column":null}},"126":{"start":{"line":409,"column":8},"end":{"line":409,"column":null}},"127":{"start":{"line":410,"column":8},"end":{"line":443,"column":null}},"128":{"start":{"line":444,"column":8},"end":{"line":444,"column":null}},"129":{"start":{"line":446,"column":8},"end":{"line":446,"column":null}},"130":{"start":{"line":447,"column":8},"end":{"line":447,"column":null}},"131":{"start":{"line":450,"column":45},"end":{"line":453,"column":2}},"132":{"start":{"line":454,"column":23},"end":{"line":454,"column":50}},"133":{"start":{"line":456,"column":8},"end":{"line":456,"column":null}},"134":{"start":{"line":461,"column":8},"end":{"line":461,"column":null}},"135":{"start":{"line":461,"column":32},"end":{"line":461,"column":null}},"136":{"start":{"line":462,"column":8},"end":{"line":462,"column":null}},"137":{"start":{"line":462,"column":33},"end":{"line":462,"column":null}},"138":{"start":{"line":463,"column":8},"end":{"line":463,"column":null}},"139":{"start":{"line":463,"column":28},"end":{"line":463,"column":null}},"140":{"start":{"line":464,"column":8},"end":{"line":464,"column":null}},"141":{"start":{"line":464,"column":30},"end":{"line":464,"column":null}},"142":{"start":{"line":467,"column":27},"end":{"line":467,"column":29}},"143":{"start":{"line":469,"column":28},"end":{"line":469,"column":56}},"144":{"start":{"line":471,"column":27},"end":{"line":471,"column":29}},"145":{"start":{"line":472,"column":30},"end":{"line":472,"column":32}},"146":{"start":{"line":473,"column":29},"end":{"line":473,"column":31}},"147":{"start":{"line":474,"column":30},"end":{"line":474,"column":32}},"148":{"start":{"line":476,"column":28},"end":{"line":476,"column":30}},"149":{"start":{"line":477,"column":31},"end":{"line":477,"column":33}},"150":{"start":{"line":478,"column":30},"end":{"line":478,"column":32}},"151":{"start":{"line":479,"column":31},"end":{"line":479,"column":33}},"152":{"start":{"line":481,"column":25},"end":{"line":481,"column":27}},"153":{"start":{"line":482,"column":28},"end":{"line":482,"column":30}},"154":{"start":{"line":483,"column":27},"end":{"line":483,"column":29}},"155":{"start":{"line":484,"column":28},"end":{"line":484,"column":30}},"156":{"start":{"line":486,"column":22},"end":{"line":486,"column":39}},"157":{"start":{"line":489,"column":31},"end":{"line":489,"column":68}},"158":{"start":{"line":490,"column":28},"end":{"line":490,"column":49}},"159":{"start":{"line":491,"column":28},"end":{"line":491,"column":31}},"160":{"start":{"line":493,"column":8},"end":{"line":514,"column":null}},"161":{"start":{"line":493,"column":21},"end":{"line":493,"column":22}},"162":{"start":{"line":494,"column":22},"end":{"line":494,"column":59}},"163":{"start":{"line":496,"column":22},"end":{"line":496,"column":94}},"164":{"start":{"line":497,"column":26},"end":{"line":497,"column":53}},"165":{"start":{"line":499,"column":22},"end":{"line":499,"column":41}},"166":{"start":{"line":500,"column":22},"end":{"line":500,"column":41}},"167":{"start":{"line":501,"column":22},"end":{"line":501,"column":45}},"168":{"start":{"line":503,"column":12},"end":{"line":503,"column":null}},"169":{"start":{"line":507,"column":30},"end":{"line":507,"column":75}},"170":{"start":{"line":509,"column":12},"end":{"line":509,"column":null}},"171":{"start":{"line":512,"column":12},"end":{"line":512,"column":null}},"172":{"start":{"line":513,"column":12},"end":{"line":513,"column":null}},"173":{"start":{"line":517,"column":38},"end":{"line":517,"column":56}},"174":{"start":{"line":519,"column":8},"end":{"line":580,"column":null}},"175":{"start":{"line":519,"column":21},"end":{"line":519,"column":22}},"176":{"start":{"line":520,"column":22},"end":{"line":520,"column":42}},"177":{"start":{"line":521,"column":27},"end":{"line":521,"column":55}},"178":{"start":{"line":522,"column":36},"end":{"line":522,"column":70}},"179":{"start":{"line":524,"column":32},"end":{"line":524,"column":53}},"180":{"start":{"line":525,"column":32},"end":{"line":525,"column":39}},"181":{"start":{"line":527,"column":38},"end":{"line":527,"column":84}},"182":{"start":{"line":529,"column":12},"end":{"line":579,"column":null}},"183":{"start":{"line":529,"column":25},"end":{"line":529,"column":26}},"184":{"start":{"line":530,"column":36},"end":{"line":530,"column":75}},"185":{"start":{"line":531,"column":40},"end":{"line":531,"column":95}},"186":{"start":{"line":533,"column":30},"end":{"line":533,"column":58}},"187":{"start":{"line":534,"column":26},"end":{"line":534,"column":49}},"188":{"start":{"line":538,"column":31},"end":{"line":538,"column":48}},"189":{"start":{"line":539,"column":30},"end":{"line":539,"column":78}},"190":{"start":{"line":541,"column":30},"end":{"line":541,"column":56}},"191":{"start":{"line":544,"column":40},"end":{"line":544,"column":57}},"192":{"start":{"line":545,"column":26},"end":{"line":545,"column":65}},"193":{"start":{"line":548,"column":31},"end":{"line":548,"column":35}},"194":{"start":{"line":549,"column":27},"end":{"line":549,"column":57}},"195":{"start":{"line":550,"column":27},"end":{"line":550,"column":57}},"196":{"start":{"line":551,"column":27},"end":{"line":551,"column":57}},"197":{"start":{"line":553,"column":26},"end":{"line":553,"column":50}},"198":{"start":{"line":554,"column":26},"end":{"line":554,"column":50}},"199":{"start":{"line":555,"column":26},"end":{"line":555,"column":71}},"200":{"start":{"line":557,"column":16},"end":{"line":557,"column":null}},"201":{"start":{"line":558,"column":16},"end":{"line":558,"column":44}},"202":{"start":{"line":562,"column":35},"end":{"line":562,"column":48}},"203":{"start":{"line":563,"column":28},"end":{"line":563,"column":31}},"204":{"start":{"line":564,"column":16},"end":{"line":568,"column":null}},"205":{"start":{"line":565,"column":20},"end":{"line":565,"column":71}},"206":{"start":{"line":567,"column":20},"end":{"line":567,"column":71}},"207":{"start":{"line":569,"column":16},"end":{"line":569,"column":null}},"208":{"start":{"line":570,"column":16},"end":{"line":570,"column":null}},"209":{"start":{"line":573,"column":16},"end":{"line":578,"column":null}},"210":{"start":{"line":574,"column":20},"end":{"line":574,"column":null}},"211":{"start":{"line":575,"column":20},"end":{"line":575,"column":null}},"212":{"start":{"line":576,"column":20},"end":{"line":576,"column":null}},"213":{"start":{"line":577,"column":20},"end":{"line":577,"column":null}},"214":{"start":{"line":585,"column":25},"end":{"line":585,"column":51}},"215":{"start":{"line":586,"column":8},"end":{"line":586,"column":null}},"216":{"start":{"line":587,"column":8},"end":{"line":587,"column":null}},"217":{"start":{"line":588,"column":8},"end":{"line":588,"column":null}},"218":{"start":{"line":589,"column":8},"end":{"line":589,"column":null}},"219":{"start":{"line":591,"column":30},"end":{"line":599,"column":10}},"220":{"start":{"line":601,"column":8},"end":{"line":601,"column":null}},"221":{"start":{"line":602,"column":8},"end":{"line":602,"column":null}},"222":{"start":{"line":605,"column":27},"end":{"line":605,"column":53}},"223":{"start":{"line":606,"column":8},"end":{"line":606,"column":null}},"224":{"start":{"line":607,"column":8},"end":{"line":607,"column":null}},"225":{"start":{"line":608,"column":8},"end":{"line":608,"column":null}},"226":{"start":{"line":609,"column":8},"end":{"line":609,"column":null}},"227":{"start":{"line":611,"column":32},"end":{"line":619,"column":10}},"228":{"start":{"line":621,"column":8},"end":{"line":621,"column":null}},"229":{"start":{"line":622,"column":8},"end":{"line":622,"column":null}},"230":{"start":{"line":625,"column":28},"end":{"line":625,"column":54}},"231":{"start":{"line":626,"column":8},"end":{"line":626,"column":null}},"232":{"start":{"line":627,"column":8},"end":{"line":627,"column":null}},"233":{"start":{"line":628,"column":8},"end":{"line":628,"column":null}},"234":{"start":{"line":629,"column":8},"end":{"line":629,"column":null}},"235":{"start":{"line":631,"column":33},"end":{"line":639,"column":10}},"236":{"start":{"line":641,"column":8},"end":{"line":641,"column":null}},"237":{"start":{"line":642,"column":8},"end":{"line":642,"column":null}},"238":{"start":{"line":645,"column":24},"end":{"line":645,"column":58}},"239":{"start":{"line":646,"column":27},"end":{"line":646,"column":42}},"240":{"start":{"line":647,"column":26},"end":{"line":647,"column":31}},"241":{"start":{"line":648,"column":27},"end":{"line":648,"column":32}},"242":{"start":{"line":650,"column":24},"end":{"line":650,"column":50}},"243":{"start":{"line":651,"column":8},"end":{"line":651,"column":null}},"244":{"start":{"line":652,"column":8},"end":{"line":652,"column":null}},"245":{"start":{"line":653,"column":8},"end":{"line":653,"column":null}},"246":{"start":{"line":654,"column":8},"end":{"line":654,"column":null}},"247":{"start":{"line":656,"column":29},"end":{"line":664,"column":10}},"248":{"start":{"line":666,"column":8},"end":{"line":666,"column":null}},"249":{"start":{"line":667,"column":8},"end":{"line":667,"column":null}},"250":{"start":{"line":671,"column":8},"end":{"line":671,"column":null}},"251":{"start":{"line":675,"column":8},"end":{"line":688,"column":null}},"252":{"start":{"line":684,"column":27},"end":{"line":684,"column":47}},"253":{"start":{"line":687,"column":12},"end":{"line":687,"column":null}},"254":{"start":{"line":696,"column":23},"end":{"line":696,"column":64}},"255":{"start":{"line":697,"column":8},"end":{"line":697,"column":null}},"256":{"start":{"line":697,"column":44},"end":{"line":697,"column":null}},"257":{"start":{"line":700,"column":22},"end":{"line":700,"column":35}},"258":{"start":{"line":701,"column":27},"end":{"line":701,"column":58}},"259":{"start":{"line":703,"column":31},"end":{"line":703,"column":49}},"260":{"start":{"line":706,"column":34},"end":{"line":706,"column":93}},"261":{"start":{"line":709,"column":27},"end":{"line":709,"column":53}},"262":{"start":{"line":713,"column":20},"end":{"line":713,"column":50}},"263":{"start":{"line":714,"column":8},"end":{"line":714,"column":null}},"264":{"start":{"line":717,"column":8},"end":{"line":717,"column":null}},"265":{"start":{"line":720,"column":8},"end":{"line":720,"column":null}},"266":{"start":{"line":722,"column":8},"end":{"line":722,"column":26}},"267":{"start":{"line":726,"column":8},"end":{"line":726,"column":null}},"268":{"start":{"line":730,"column":8},"end":{"line":730,"column":null}},"269":{"start":{"line":731,"column":8},"end":{"line":731,"column":null}},"270":{"start":{"line":736,"column":24},"end":{"line":736,"column":70}},"271":{"start":{"line":737,"column":8},"end":{"line":737,"column":null}},"272":{"start":{"line":739,"column":8},"end":{"line":739,"column":null}},"273":{"start":{"line":742,"column":8},"end":{"line":742,"column":null}},"274":{"start":{"line":743,"column":8},"end":{"line":743,"column":null}},"275":{"start":{"line":747,"column":8},"end":{"line":747,"column":null}},"276":{"start":{"line":748,"column":8},"end":{"line":748,"column":null}},"277":{"start":{"line":754,"column":22},"end":{"line":754,"column":75}},"278":{"start":{"line":754,"column":54},"end":{"line":754,"column":74}},"279":{"start":{"line":755,"column":8},"end":{"line":758,"column":null}},"280":{"start":{"line":756,"column":12},"end":{"line":756,"column":null}},"281":{"start":{"line":757,"column":12},"end":{"line":757,"column":null}},"282":{"start":{"line":763,"column":8},"end":{"line":775,"column":null}},"283":{"start":{"line":764,"column":27},"end":{"line":764,"column":78}},"284":{"start":{"line":765,"column":33},"end":{"line":765,"column":51}},"285":{"start":{"line":766,"column":26},"end":{"line":766,"column":80}},"286":{"start":{"line":768,"column":12},"end":{"line":773,"column":null}},"287":{"start":{"line":768,"column":25},"end":{"line":768,"column":26}},"288":{"start":{"line":769,"column":36},"end":{"line":769,"column":73}},"289":{"start":{"line":770,"column":16},"end":{"line":770,"column":null}},"290":{"start":{"line":771,"column":16},"end":{"line":771,"column":null}},"291":{"start":{"line":772,"column":16},"end":{"line":772,"column":null}},"292":{"start":{"line":774,"column":12},"end":{"line":774,"column":null}},"293":{"start":{"line":778,"column":8},"end":{"line":792,"column":null}},"294":{"start":{"line":779,"column":27},"end":{"line":779,"column":77}},"295":{"start":{"line":780,"column":33},"end":{"line":780,"column":49}},"296":{"start":{"line":781,"column":26},"end":{"line":781,"column":79}},"297":{"start":{"line":783,"column":12},"end":{"line":790,"column":null}},"298":{"start":{"line":783,"column":25},"end":{"line":783,"column":26}},"299":{"start":{"line":784,"column":36},"end":{"line":784,"column":73}},"300":{"start":{"line":786,"column":33},"end":{"line":786,"column":59}},"301":{"start":{"line":787,"column":16},"end":{"line":787,"column":null}},"302":{"start":{"line":788,"column":16},"end":{"line":788,"column":null}},"303":{"start":{"line":789,"column":16},"end":{"line":789,"column":null}},"304":{"start":{"line":791,"column":12},"end":{"line":791,"column":null}},"305":{"start":{"line":795,"column":8},"end":{"line":801,"column":null}},"306":{"start":{"line":796,"column":27},"end":{"line":796,"column":73}},"307":{"start":{"line":797,"column":12},"end":{"line":797,"column":null}},"308":{"start":{"line":798,"column":12},"end":{"line":798,"column":null}},"309":{"start":{"line":799,"column":12},"end":{"line":799,"column":null}},"310":{"start":{"line":800,"column":12},"end":{"line":800,"column":null}},"311":{"start":{"line":809,"column":22},"end":{"line":809,"column":39}},"312":{"start":{"line":810,"column":26},"end":{"line":810,"column":64}},"313":{"start":{"line":812,"column":23},"end":{"line":812,"column":25}},"314":{"start":{"line":813,"column":8},"end":{"line":834,"column":null}},"315":{"start":{"line":813,"column":21},"end":{"line":813,"column":22}},"316":{"start":{"line":814,"column":24},"end":{"line":814,"column":36}},"317":{"start":{"line":817,"column":26},"end":{"line":817,"column":50}},"318":{"start":{"line":818,"column":27},"end":{"line":818,"column":55}},"319":{"start":{"line":821,"column":30},"end":{"line":821,"column":82}},"320":{"start":{"line":824,"column":26},"end":{"line":824,"column":46}},"321":{"start":{"line":825,"column":12},"end":{"line":825,"column":null}},"322":{"start":{"line":826,"column":12},"end":{"line":826,"column":56}},"323":{"start":{"line":828,"column":12},"end":{"line":833,"column":null}},"324":{"start":{"line":836,"column":8},"end":{"line":836,"column":null}},"325":{"start":{"line":847,"column":18},"end":{"line":847,"column":50}},"326":{"start":{"line":852,"column":23},"end":{"line":852,"column":55}},"327":{"start":{"line":854,"column":18},"end":{"line":854,"column":42}},"328":{"start":{"line":855,"column":18},"end":{"line":855,"column":42}},"329":{"start":{"line":857,"column":8},"end":{"line":857,"column":null}},"330":{"start":{"line":876,"column":22},"end":{"line":876,"column":55}},"331":{"start":{"line":881,"column":19},"end":{"line":881,"column":34}},"332":{"start":{"line":882,"column":19},"end":{"line":882,"column":34}},"333":{"start":{"line":884,"column":23},"end":{"line":884,"column":67}},"334":{"start":{"line":885,"column":8},"end":{"line":885,"column":null}},"335":{"start":{"line":894,"column":26},"end":{"line":894,"column":28}},"336":{"start":{"line":895,"column":28},"end":{"line":895,"column":31}},"337":{"start":{"line":896,"column":28},"end":{"line":896,"column":31}},"338":{"start":{"line":898,"column":8},"end":{"line":936,"column":null}},"339":{"start":{"line":898,"column":21},"end":{"line":898,"column":22}},"340":{"start":{"line":899,"column":32},"end":{"line":899,"column":36}},"341":{"start":{"line":900,"column":24},"end":{"line":900,"column":29}},"342":{"start":{"line":902,"column":12},"end":{"line":924,"column":null}},"343":{"start":{"line":902,"column":31},"end":{"line":902,"column":32}},"344":{"start":{"line":905,"column":31},"end":{"line":905,"column":56}},"345":{"start":{"line":906,"column":30},"end":{"line":906,"column":57}},"346":{"start":{"line":908,"column":34},"end":{"line":908,"column":69}},"347":{"start":{"line":911,"column":31},"end":{"line":911,"column":36}},"348":{"start":{"line":912,"column":16},"end":{"line":917,"column":null}},"349":{"start":{"line":913,"column":20},"end":{"line":916,"column":null}},"350":{"start":{"line":914,"column":24},"end":{"line":914,"column":null}},"351":{"start":{"line":915,"column":24},"end":{"line":915,"column":null}},"352":{"start":{"line":919,"column":16},"end":{"line":923,"column":null}},"353":{"start":{"line":920,"column":20},"end":{"line":920,"column":null}},"354":{"start":{"line":921,"column":20},"end":{"line":921,"column":null}},"355":{"start":{"line":922,"column":20},"end":{"line":922,"column":null}},"356":{"start":{"line":926,"column":12},"end":{"line":935,"column":null}},"357":{"start":{"line":927,"column":16},"end":{"line":927,"column":null}},"358":{"start":{"line":929,"column":16},"end":{"line":929,"column":null}},"359":{"start":{"line":932,"column":32},"end":{"line":932,"column":57}},"360":{"start":{"line":933,"column":31},"end":{"line":933,"column":58}},"361":{"start":{"line":934,"column":17},"end":{"line":934,"column":null}},"362":{"start":{"line":937,"column":8},"end":{"line":937,"column":null}}},"fnMap":{"0":{"name":"(anonymous_0)","decl":{"start":{"line":120,"column":4},"end":{"line":120,"column":15}},"loc":{"start":{"line":120,"column":62},"end":{"line":165,"column":null}},"line":120},"1":{"name":"(anonymous_1)","decl":{"start":{"line":155,"column":52},"end":{"line":155,"column":53}},"loc":{"start":{"line":155,"column":65},"end":{"line":164,"column":9}},"line":155},"2":{"name":"(anonymous_2)","decl":{"start":{"line":170,"column":4},"end":{"line":170,"column":10}},"loc":{"start":{"line":170,"column":21},"end":{"line":183,"column":null}},"line":170},"3":{"name":"(anonymous_3)","decl":{"start":{"line":185,"column":4},"end":{"line":185,"column":18}},"loc":{"start":{"line":185,"column":25},"end":{"line":235,"column":null}},"line":185},"4":{"name":"(anonymous_4)","decl":{"start":{"line":220,"column":36},"end":{"line":220,"column":37}},"loc":{"start":{"line":220,"column":49},"end":{"line":228,"column":9}},"line":220},"5":{"name":"(anonymous_5)","decl":{"start":{"line":241,"column":4},"end":{"line":241,"column":17}},"loc":{"start":{"line":241,"column":26},"end":{"line":262,"column":null}},"line":241},"6":{"name":"(anonymous_6)","decl":{"start":{"line":242,"column":23},"end":{"line":242,"column":27}},"loc":{"start":{"line":242,"column":31},"end":{"line":261,"column":9}},"line":242},"7":{"name":"(anonymous_7)","decl":{"start":{"line":269,"column":4},"end":{"line":269,"column":14}},"loc":{"start":{"line":269,"column":27},"end":{"line":284,"column":null}},"line":269},"8":{"name":"(anonymous_8)","decl":{"start":{"line":290,"column":4},"end":{"line":290,"column":13}},"loc":{"start":{"line":290,"column":30},"end":{"line":292,"column":null}},"line":290},"9":{"name":"(anonymous_9)","decl":{"start":{"line":299,"column":4},"end":{"line":299,"column":22}},"loc":{"start":{"line":299,"column":25},"end":{"line":310,"column":null}},"line":299},"10":{"name":"(anonymous_10)","decl":{"start":{"line":300,"column":40},"end":{"line":300,"column":41}},"loc":{"start":{"line":300,"column":50},"end":{"line":309,"column":9}},"line":300},"11":{"name":"(anonymous_11)","decl":{"start":{"line":317,"column":4},"end":{"line":317,"column":26}},"loc":{"start":{"line":317,"column":37},"end":{"line":325,"column":null}},"line":317},"12":{"name":"(anonymous_12)","decl":{"start":{"line":331,"column":4},"end":{"line":331,"column":10}},"loc":{"start":{"line":331,"column":22},"end":{"line":385,"column":null}},"line":331},"13":{"name":"(anonymous_13)","decl":{"start":{"line":335,"column":31},"end":{"line":335,"column":39}},"loc":{"start":{"line":335,"column":43},"end":{"line":384,"column":9}},"line":335},"14":{"name":"(anonymous_14)","decl":{"start":{"line":389,"column":4},"end":{"line":389,"column":15}},"loc":{"start":{"line":389,"column":107},"end":{"line":457,"column":null}},"line":389},"15":{"name":"(anonymous_15)","decl":{"start":{"line":459,"column":4},"end":{"line":459,"column":16}},"loc":{"start":{"line":459,"column":19},"end":{"line":668,"column":null}},"line":459},"16":{"name":"(anonymous_16)","decl":{"start":{"line":670,"column":4},"end":{"line":670,"column":24}},"loc":{"start":{"line":670,"column":32},"end":{"line":672,"column":null}},"line":670},"17":{"name":"(anonymous_17)","decl":{"start":{"line":674,"column":4},"end":{"line":674,"column":21}},"loc":{"start":{"line":674,"column":30},"end":{"line":689,"column":null}},"line":674},"18":{"name":"(anonymous_18)","decl":{"start":{"line":695,"column":4},"end":{"line":695,"column":19}},"loc":{"start":{"line":695,"column":27},"end":{"line":723,"column":null}},"line":695},"19":{"name":"(anonymous_19)","decl":{"start":{"line":725,"column":4},"end":{"line":725,"column":17}},"loc":{"start":{"line":725,"column":20},"end":{"line":727,"column":null}},"line":725},"20":{"name":"(anonymous_20)","decl":{"start":{"line":729,"column":4},"end":{"line":729,"column":11}},"loc":{"start":{"line":729,"column":23},"end":{"line":744,"column":null}},"line":729},"21":{"name":"(anonymous_21)","decl":{"start":{"line":746,"column":4},"end":{"line":746,"column":9}},"loc":{"start":{"line":746,"column":12},"end":{"line":751,"column":null}},"line":746},"22":{"name":"(anonymous_22)","decl":{"start":{"line":753,"column":4},"end":{"line":753,"column":12}},"loc":{"start":{"line":753,"column":24},"end":{"line":759,"column":null}},"line":753},"23":{"name":"(anonymous_23)","decl":{"start":{"line":754,"column":49},"end":{"line":754,
[...]
":null}},{"start":{},"end":{}}],"line":461},"23":{"loc":{"start":{"line":462,"column":8},"end":{"line":462,"column":null}},"type":"if","locations":[{"start":{"line":462,"column":8},"end":{"line":462,"column":null}},{"start":{},"end":{}}],"line":462},"24":{"loc":{"start":{"line":463,"column":8},"end":{"line":463,"column":null}},"type":"if","locations":[{"start":{"line":463,"column":8},"end":{"line":463,"column":null}},{"start":{},"end":{}}],"line":463},"25":{"loc":{"start":{"line":464,"column":8},"end":{"line":464,"column":null}},"type":"if","locations":[{"start":{"line":464,"column":8},"end":{"line":464,"column":null}},{"start":{},"end":{}}],"line":464},"26":{"loc":{"start":{"line":564,"column":16},"end":{"line":568,"column":null}},"type":"if","locations":[{"start":{"line":564,"column":16},"end":{"line":568,"column":null}},{"start":{"line":566,"column":23},"end":{"line":568,"column":null}}],"line":564},"27":{"loc":{"start":{"line":573,"column":16},"end":{"line":578,"column":null}},"type":"if","locations":[{"start":{"line":573,"column":16},"end":{"line":578,"column":null}},{"start":{},"end":{}}],"line":573},"28":{"loc":{"start":{"line":573,"column":20},"end":{"line":573,"column":55}},"type":"binary-expr","locations":[{"start":{"line":573,"column":20},"end":{"line":573,"column":40}},{"start":{"line":573,"column":44},"end":{"line":573,"column":55}}],"line":573},"29":{"loc":{"start":{"line":675,"column":8},"end":{"line":688,"column":null}},"type":"if","locations":[{"start":{"line":675,"column":8},"end":{"line":688,"column":null}},{"start":{},"end":{}}],"line":675},"30":{"loc":{"start":{"line":675,"column":12},"end":{"line":675,"column":51}},"type":"binary-expr","locations":[{"start":{"line":675,"column":12},"end":{"line":675,"column":27}},{"start":{"line":675,"column":31},"end":{"line":675,"column":51}}],"line":675},"31":{"loc":{"start":{"line":697,"column":8},"end":{"line":697,"column":null}},"type":"if","locations":[{"start":{"line":697,"column":8},"end":{"line":697,"column":null}},{"start":{},"end":{}}],"line":697},"32":{"loc":{"start":{"line":697,"column":12},"end":{"line":697,"column":42}},"type":"binary-expr","locations":[{"start":{"line":697,"column":12},"end":{"line":697,"column":19}},{"start":{"line":697,"column":23},"end":{"line":697,"column":42}}],"line":697},"33":{"loc":{"start":{"line":755,"column":8},"end":{"line":758,"column":null}},"type":"if","locations":[{"start":{"line":755,"column":8},"end":{"line":758,"column":null}},{"start":{},"end":{}}],"line":755},"34":{"loc":{"start":{"line":763,"column":8},"end":{"line":775,"column":null}},"type":"if","locations":[{"start":{"line":763,"column":8},"end":{"line":775,"column":null}},{"start":{},"end":{}}],"line":763},"35":{"loc":{"start":{"line":778,"column":8},"end":{"line":792,"column":null}},"type":"if","locations":[{"start":{"line":778,"column":8},"end":{"line":792,"column":null}},{"start":{},"end":{}}],"line":778},"36":{"loc":{"start":{"line":778,"column":12},"end":{"line":778,"column":50}},"type":"binary-expr","locations":[{"start":{"line":778,"column":12},"end":{"line":778,"column":30}},{"start":{"line":778,"column":34},"end":{"line":778,"column":50}}],"line":778},"37":{"loc":{"start":{"line":795,"column":8},"end":{"line":801,"column":null}},"type":"if","locations":[{"start":{"line":795,"column":8},"end":{"line":801,"column":null}},{"start":{},"end":{}}],"line":795},"38":{"loc":{"start":{"line":795,"column":12},"end":{"line":795,"column":43}},"type":"binary-expr","locations":[{"start":{"line":795,"column":12},"end":{"line":795,"column":26}},{"start":{"line":795,"column":30},"end":{"line":795,"column":43}}],"line":795},"39":{"loc":{"start":{"line":913,"column":20},"end":{"line":916,"column":null}},"type":"if","locations":[{"start":{"line":913,"column":20},"end":{"line":916,"column":null}},{"start":{},"end":{}}],"line":913},"40":{"loc":{"start":{"line":919,"column":16},"end":{"line":923,"column":null}},"type":"if","locations":[{"start":{"line":919,"column":16},"end":{"line":923,"column":null}},{"start":{},"end":{}}],"line":919},"41":{"loc":{"start":{"line":926,"column":12},"end":{"line":935,"column":null}},"type":"if","locations":[{"start":{"line":926,"column":12},"end":{"line":935,"column":null}},{"start":{"line":928,"column":19},"end":{"line":935,"column":null}}],"line":926}},"s":{"0":3,"1":3,"2":3,"3":31,"4":31,"5":31,"6":31,"7":31,"8":31,"9":31,"10":31,"11":31,"12":31,"13":31,"14":31,"15":31,"16":31,"17":31,"18":2,"19":2,"20":2,"21":2,"22":2,"23":2,"24":2,"25":2,"26":2,"27":1,"28":2,"29":2,"30":1,"31":160,"32":160,"33":160,"34":160,"35":160,"36":160,"37":160,"38":160,"39":160,"40":160,"41":160,"42":160,"43":160,"44":160,"45":160,"46":160,"47":1,"48":1,"49":1,"50":1,"51":1,"52":1,"53":160,"54":160,"55":160,"56":19,"57":160,"58":160,"59":152,"60":160,"61":147,"62":160,"63":160,"64":160,"65":160,"66":160,"67":0,"68":0,"69":0,"70":0,"71":0,"72":0,"73":0,"74":0,"75":5,"76":1,"77":3,"78":3,"79":3,"80":3,"81":3,"82":5,"83":0,"84":5,"85":5,"86":5,"87":3,"88":3,"89":20,"90":20,"91":20,"92":20,"93":0,"94":0,"95":0,"96":0,"97":0,"98":20,"99":20,"100":20,"101":20,"102":20,"103":1,"104":1,"105":1,"106":1,"107":1,"108":19,"109":19,"110":19,"111":20,"112":20,"113":20,"114":20,"115":8,"116":8,"117":8,"118":8,"119":8,"120":8,"121":8,"122":8,"123":8,"124":8,"125":8,"126":8,"127":8,"128":8,"129":8,"130":8,"131":8,"132":8,"133":8,"134":8,"135":0,"136":8,"137":0,"138":8,"139":0,"140":8,"141":0,"142":8,"143":8,"144":8,"145":8,"146":8,"147":8,"148":8,"149":8,"150":8,"151":8,"152":8,"153":8,"154":8,"155":8,"156":8,"157":8,"158":8,"159":8,"160":8,"161":8,"162":16000,"163":16000,"164":16000,"165":16000,"166":16000,"167":16000,"168":16000,"169":16000,"170":16000,"171":16000,"172":16000,"173":8,"174":8,"175":8,"176":80,"177":80,"178":80,"179":80,"180":80,"181":80,"182":80,"183":80,"184":200000,"185":200000,"186":200000,"187":200000,"188":200000,"189":200000,"190":200000,"191":200000,"192":200000,"193":200000,"194":200000,"195":200000,"196":200000,"197":200000,"198":200000,"199":200000,"200":200000,"201":200000,"202":200000,"203":200000,"204":200000,"205":59799,"206":140201,"207":200000,"208":200000,"209":200000,"210":9946,"211":9946,"212":9946,"213":9946,"214":8,"215":8,"216":8,"217":8,"218":8,"219":8,"220":8,"221":8,"222":8,"223":8,"224":8,"225":8,"226":8,"227":8,"228":8,"229":8,"230":8,"231":8,"232":8,"233":8,"234":8,"235":8,"236":8,"237":8,"238":8,"239":8,"240":8,"241":8,"242":8,"243":8,"244":8,"245":8,"246":8,"247":8,"248":8,"249":8,"250":0,"251":0,"252":0,"253":0,"254":3,"255":3,"256":0,"257":3,"258":3,"259":3,"260":3,"261":3,"262":3,"263":3,"264":3,"265":3,"266":3,"267":1,"268":1,"269":1,"270":1,"271":1,"272":1,"273":1,"274":1,"275":0,"276":0,"277":0,"278":0,"279":0,"280":0,"281":0,"282":8,"283":8,"284":8,"285":8,"286":8,"287":8,"288":9946,"289":9946,"290":9946,"291":9946,"292":8,"293":8,"294":8,"295":8,"296":8,"297":8,"298":8,"299":200000,"300":200000,"301":200000,"302":200000,"303":200000,"304":8,"305":8,"306":8,"307":8,"308":8,"309":8,"310":8,"311":9,"312":9,"313":9,"314":9,"315":9,"316":147,"317":147,"318":147,"319":147,"320":147,"321":147,"322":147,"323":147,"324":9,"325":632,"326":632,"327":632,"328":632,"329":632,"330":149,"331":149,"332":149,"333":149,"334":149,"335":10,"336":10,"337":10,"338":10,"339":10,"340":174,"341":174,"342":174,"343":174,"344":629,"345":629,"346":629,"347":629,"348":629,"349":4153,"350":455,"351":455,"352":629,"353":174,"354":174,"355":174,"356":174,"357":174,"358":0,"359":0,"360":0,"361":0,"362":10},"f":{"0":31,"1":2,"2":2,"3":160,"4":1,"5":19,"6":160,"7":0,"8":5,"9":1,"10":3,"11":5,"12":3,"13":20,"14":8,"15":8,"16":0,"17":0,"18":3,"19":1,"20":1,"21":0,"22":0,"23":0,"24":8,"25":9,"26":632,"27":149,"28":10},"b":{"0":[31],"1":[1,1],"2":[2,1],"3":[1,1],"4":[152,8],"5":[147,13],"6":[0,0],"7":[0,0],"8":[3,0],"9":[3,0],"10":[0,5],"11":[5,5],"12":[0,20],"13":[20,0],"14":[1,19],"15":[1,0],"16":[19,0],"17":[20,0],"18":[8],"19":[8],"20":[8],"21":[8],"22":[0,8],"23":[0,8],"24":[0,8],"25":[0,8],"26":[59799,140201],"27":[9946,190054],"28":[200000,15904],"29":[0,0],"30":[0,0],"31":[0,3],"32":[3,3],"33":[0,0],"34":[8,0],"35":[8,0],"36":[8,8],"37":[8,0],"38":[8,8],"39":[455,3698],"40":[174,455],"41":[174,0]},"meta":{"lastBranch":42,"lastFunction":29,"lastStatement":363,"seen":{"s:3:21:40:1":0,"s:42:23:62:1":1,"s:64:27:117:1":2,"f:120:4:120:15":0,"b:120:59:120:60":0,"s:121:8:121:Infinity":3,"s:122:8:122:Infinity":4,"s:123:8:123:Infinity":5,"s:124:8:124:Infinity":6,"s:125:8:125:Infinity":7,"s:126:8:126:Infinity":8,"s:127:8:127:Infinity":9,"s:128:8:128:Infinity":10,"s:131:27:131:31":11,"s:132:28:132:32":12,"s:133:29:133:33":13,"s:134:29:134:33":14,"s:136:8:142:Infinity":15,"s:144:8:152:Infinity":16,"s:155:8:164:Infinity":17,"f:155:52:155:53":1,"s:156:12:156:Infinity":18,"s:157:12:157:Infinity":19,"s:158:12:158:Infinity":20,"s:159:12:159:54":21,"s:160:12:160:Infinity":22,"s:161:12:161:Infinity":23,"s:162:12:162:Infinity":24,"s:163:12:163:Infinity":25,"f:170:4:170:10":2,"b:172:8:175:Infinity:undefined:undefined:undefined:undefined":1,"s:172:8:175:Infinity":26,"b:172:12:172:33:172:37:172:71":2,"s:174:12:174:Infinity":27,"s:177:8:177:Infinity":28,"b:179:8:182:Infinity:undefined:undefined:undefined:undefined":3,"s:179:8:182:Infinity":29,"s:181:12:181:Infinity":30,"f:185:4:185:18":3,"s:186:22:186:39":31,"s:187:28:187:32":32,"s:188:29:188:33":33,"s:190:30:194:10":34,"s:198:26:198:82":35,"s:199:8:199:38":36,"s:203:26:203:94":37,"s:204:8:204:Infinity":38,"s:207:26:207:94":39,"s:210:25:210:91":40,"s:212:8:212:77":41,"s:215:8:215:Infinity":42,"s:216:8:216:Infinity":43,"s:217:8:217:Infinity":44,"s:218:8:218:Infinity":45,"s:220:8:228:Infinity":46,"f:220:36:220:37":4,"s:221:12:221:Infinity":47,"s:222:12:222:Infinity":48,"s:223:12:223:Infinity":49,"s:224:12:224:Infinity":50,"s:226:12:226:Infinity":51,"s:227:12:227:Infinity":52,"s:231:8:231:Infinity":53,"s:232:8:232:Infinity":54,"s:234:8:234:Infinity":55,"f:241:4:241:17":5,"s:242:8:261:Infinity":56,"f:242:23:242:27":6,"s:243:26:243:51":57,"b:246:12:248:Infinity:undefined:undefined:undefined:undefined":4,"s:246:12:248:Infinity":58,"s:247:16:247:Infinity":59,"b:251:12:253:Infinity:undefined:undefined:undefined:undefined":5,"s:251:12:253:Infinity":60,"s:252:16:252:Infinity":61,"s:255:12:255:Infinity":62,"s:256:12:256:Infinity":63,"s:257:12:257:Infinity":64,"s:259:12:259:Infinity":65,"s:260:12:260:Infinity":66,"f:269:4:269:14":7,"b:270:8:282:Infinity:undefined:undefined:undefined:undefined":6,"s:270:8:282:Infinity":67,"s:272:12:281:Infinity":68,"s:274:30:274:46":69,"s:275:16:280:Infinity":70,"b:276:20:278:Infinity:undefined:undefined:undefined:undefined":7,"s:276:20:278:Infinity":71,"s:277:24:277:Infinity":72,"s:279:20:279:Infinity":73,"s:283:8:283:Infinity":74,"f:290:4:290:13":8,"s:291:8:291:Infinity":75,"f:299:4:299:22":9,"s:300:8:309:Infinity":76,"f:300:40:300:41":10,"s:301:27:301:65":77,"s:302:27:302:65":78,"s:305:26:305:69":79,"b:305:40:305:46:305:49:305:69":8,"s:306:26:306:69":80,"b:306:40:306:46:306:49:306:69":9,"s:308:12:308:Infinity":81,"f:317:4:317:26":11,"b:318:8:318:Infinity:undefined:undefined:undefined:undefined":10,"s:318:8:318:Infinity":82,"s:318:23:318:Infinity":83,"s:320:20:320:75":84,"b:320:20:320:54:320:58:320:75":11,"s:321:22:321:46":85,"s:324:8:324:Infinity":86,"f:331:4:331:10":12,"s:333:26:333:49":87,"s:335:8:384:Infinity":88,"f:335:31:335:39":13,"s:336:31:336:65":89,"s:337:30:337:63":90,"s:339:30:339:69":91,"b:343:12:376:Infinity:352:19:376:Infinity":12,"s:343:12:376:Infinity":92,"s:345:40:345:59":93,"s:346:16:346:Infinity":94,"s:347:16:347:Infinity":95,"s:349:16:349:Infinity":96,"s:350:16:350:47":97,"s:354:37:354:73":98,"s:355:16:355:Infinity":99,"s:357:16:357:Infinity":100,"s:358:16:358:Infinity":101,"b:358:29:358:65:358:69:358:91":13,"b:360:16:375:Infinity:369:23:375:Infinity":14,"s:360:16:375:Infinity":102,"s:361:20:361:Infinity":103,"s:364:38:364:58":104,"b:365:20:368:Infinity:undefined:undefined:undefined:undefined":15,"s:365:20:368:Infinity":105,"s:366:38:366:85":106,"s:367:24:367:Infinity":107,"s:371:38:371:58":108,"b:372:20:374:Infinity:undefined:undefined:undefined:undefined":16,"s:372:20:374:Infinity":109,"s:373:24:373:Infinity":110,"s:379:12:379:Infinity":111,"s:380:12:380:Infinity":112,"b:381:12:383:Infinity:undefined:undefined:undefined:undefined":17,"s:381:12:383:Infinity":113,"s:382:16:382:Infinity":114,"f:389:4:389:15":14,"b:389:47:389:48":18,"b:389:66:389:71":19,"b:389:86:389:87":20,"b:389:102:389:105":21,"s:390:8:390:43":115,"s:391:8:391:Infinity":116,"s:392:8:392:Infinity":117,"s:393:8:393:Infinity":118,"s:395:8:395:Infinity":119,"s:396:8:396:Infinity":120,"s:397:8:397:Infinity":121,"s:400:8:400:Infinity":122,"s:401:8:401:Infinity":123,"s:402:8:402:Infinity":124,"s:404:8:407:Infinity":125,"s:409:8:409:Infinity":126,"s:410:8:443:Infinity":127,"s:444:8:444:Infinity":128,"s:446:8:446:Infinity":129,"s:447:8:447:Infinity":130,"s:450:45:453:2":131,"s:454:23:454:50":132,"s:456:8:456:Infinity":133,"f:459:4:459:16":15,"b:461:8:461:Infinity:undefined:undefined:undefined:undefined":22,"s:461:8:461:Infinity":134,"s:461:32:461:Infinity":135,"b:462:8:462:Infinity:undefined:undefined:undefined:undefined":23,"s:462:8:462:Infinity":136,"s:462:33:462:Infinity":137,"b:463:8:463:Infinity:undefined:undefined:undefined:undefined":24,"s:463:8:463:Infinity":138,"s:463:28:463:Infinity":139,"b:464:8:464:Infinity:undefined:undefined:undefined:undefined":25,"s:464:8:464:Infinity":140,"s:464:30:464:Infinity":141,"s:467:27:467:29":142,"s:469:28:469:56":143,"s:471:27:471:29":144,"s:472:30:472:32":145,"s:473:29:473:31":146,"s:474:30:474:32":147,"s:476:28:476:30":148,"s:477:31:477:33":149,"s:478:30:478:32":150,"s:479:31:479:33":151,"s:481:25:481:27":152,"s:482:28:482:30":153,"s:483:27:483:29":154,"s:484:28:484:30":155,"s:486:22:486:39":156,"s:489:31:489:68":157,"s:490:28:490:49":158,"s:491:28:491:31":159,"s:493:8:514:Infinity":160,"s:493:21:493:22":161,"s:494:22:494:59":162,"s:496:22:496:94":163,"s:497:26:497:53":164,"s:499:22:499:41":165,"s:500:22:500:41":166,"s:501:22:501:45":167,"s:503:12:503:Infinity":168,"s:507:30:507:75":169,"s:509:12:509:Infinity":170,"s:512:12:512:Infinity":171,"s:513:12:513:Infinity":172,"s:517:38:517:56":173,"s:519:8:580:Infinity":174,"s:519:21:519:22":175,"s:520:22:520:42":176,"s:521:27:521:55":177,"s:522:36:522:70":178,"s:524:32:524:53":179,"s:525:32:525:39":180,"s:527:38:527:84":181,"s:529:12:579:Infinity":182,"s:529:25:529:26":183,"s:530:36:530:75":184,"s:531:40:531:95":185,"s:533:30:533:58":186,"s:534:26:534:49":187,"s:538:31:538:48":188,"s:539:30:539:78":189,"s:541:30:541:56":190,"s:544:40:544:57":191,"s:545:26:545:65":192,"s:548:31:548:35":193,"s:549:27:549:57":194,"s:550:27:550:57":195,"s:551:27:551:57":196,"s:553:26:553:50":197,"s:554:26:554:50":198,"s:555:26:555:71":199,"s:557:16:557:Infinity":200,"s:558:16:558:44":201,"s:562:35:562:48":202,"s:563:28:563:31":203,"b:564:16:568:Infinity:566:23:568:Infinity":26,"s:564:16:568:Infinity":204,"s:565:20:565:71":205,"s:567:20:567:71":206,"s:569:16:569:Infinity":207,"s:570:16:570:Infinity":208,"b:573:16:578:Infinity:undefined:undefined:undefined:undefined":27,"s:573:16:578:Infinity":209,"b:573:20:573:40:573:44:573:55":28,"s:574:20:574:Infinity":210,"s:575:20:575:Infinity":211,"s:576:20:576:Infinity":212,"s:577:20:577:Infinity":213,"s:585:25:585:51":214,"s:586:8:586:Infinity":215,"s:587:8:587:Infinity":216,"s:588:8:588:Infinity":217,"s:589:8:589:Infinity":218,"s:591:30:599:10":219,"s:601:8:601:Infinity":220,"s:602:8:602:Infinity":221,"s:605:27:605:53":222,"s:606:8:606:Infinity":223,"s:607:8:607:Infinity":224,"s:608:8:608:Infinity":225,"s:609:8:609:Infinity":226,"s:611:32:619:10":227,"s:621:8:621:Infinity":228,"s:622:8:622:Infinity":229,"s:625:28:625:54":230,"s:626:8:626:Infinity":231,"s:627:8:627:Infinity":232,"s:628:8:628:Infinity":233,"s:629:8:629:Infinity":234,"s:631:33:639:10":235,"s:641:8:641:Infinity":236,"s:642:8:642:Infinity":237,"s:645:24:645:58":238,"s:646:27:646:42":239,"s:647:26:647:31":240,"s:648:27:648:32":241,"s:650:24:650:50":242,"s:651:8:651:Infinity":243,"s:652:8:652:Infinity":244,"s:653:8:653:Infinity":245,"s:654:8:654:Infinity":246,"s:656:29:664:10":247,"s:666:8:666:Infinity":248,"s:667:8:667:Infinity":249,"f:670:4:670:24":16,"s:671:8:671:Infinity":250,"f:674:4:674:21":17,"b:675:8:688:Infinity:undefined:undefined:undefined:undefined":29,"s:675:8:688:Infinity":251,"b:675:12:675:27:675:31:675:51":30,"s:684:27:684:47":252,"s:687:12:687:Infinity":253,"f:695:4:695:19":18,"s:696:23:696:64":254,"b:697:8:697:Infinity:undefined:undefined:undefined:undefined":31,"s:697:8:697:Infinity":255,"b:697:12:697:19:697:23:697:42":32,"s:697:44:697:Infinity":256,"s:700:22:700:35":257,"s:701:27:701:58":258,"s:703:31:703:49":259,"s:706:34:706:93":260,"s:709:27:709:53":261,"s:713:20:713:50":262,"s:714:8:714:Infinity":263,"s:717:8:717:Infinity":264,"s:720:8:720:Infinity":265,"s:722:8:722:26":266,"f:725:4:725:17":19,"s:726:8:726:Infinity":267,"f:729:4:729:11":20,"s:730:8:730:Infinity":268,"s:731:8:731:Infinity":269,"s:736:24:736:70":270,"s:737:8:737:Infinity":271,"s:739:8:739:Infinity":272,"s:742:8:742:Infinity":273,"s:743:8:743:Infinity":274,"f:746:4:746:9":21,"s:747:8:747:Infinity":275,"s:748:8:748:Infinity":276,"f:753:4:753:12":22,"s:754:22:754:75":277,"f:754:49:754:50":23,"s:754:54:754:74":278,"b:755:8:758:Infinity:undefined:undefined:undefined:undefined":33,"s:755:8:758:Infinity":279,"s:756:12:756:Infinity":280,"s:757:12:757:Infinity":281,"f:761:4:761:15":24,"b:763:8:775:Infinity:undefined:undefined:undefined:undefined":34,"s:763:8:775:Infinity":282,"s:764:27:764:78":283,"s:765:33:765:51":284,"s:766:26:766:80":285,"s:768:12:773:Infinity":286,"s:768:25:768:26":287,"s:769:36:769:73":288,"s:770:16:770:Infinity":289,"s:771:16:771:Infinity":290,"s:772:16:772:Infinity":291,"s:774:12:774:Infinity":292,"b:778:8:792:Infinity:undefined:undefined:undefined:undefined":35,"s:778:8:792:Infinity":293,"b:778:12:778:30:778:34:778:50":36,"s:779:27:779:77":294,"s:780:33:780:49":295,"s:781:26:781:79":296,"s:783:12:790:Infinity":297,"s:783:25:783:26":298,"s:784:36:784:73":299,"s:786:33:786:59":300,"s:787:16:787:Infinity":301,"s:788:16:788:Infinity":302,"s:789:16:789:Infinity":303,"s:791:12:791:Infinity":304,"b:795:8:801:Infinity:undefined:undefined:undefined:undefined":37,"s:795:8:801:Infinity":305,"b:795:12:795:26:795:30:795:43":38,"s:796:27:796:73":306,"s:797:12:797:Infinity":307,"s:798:12:798:Infinity":308,"s:799:12:799:Infinity":309,"s:800:12:800:Infinity":310,"f:808:4:808:27":25,"s:809:22:809:39":311,"s:810:26:810:64":312,"s:812:23:812:25":313,"s:813:8:834:Infinity":314,"s:813:21:813:22":315,"s:814:24:814:36":316,"s:817:26:817:50":317,"s:818:27:818:55":318,"s:821:30:821:82":319,"s:824:26:824:46":320,"s:825:12:825:Infinity":321,"s:826:12:826:56":322,"s:828:12:833:Infinity":323,"s:836:8:836:Infinity":324,"f:845:4:845:19":26,"s:847:18:847:50":325,"s:852:23:852:55":326,"s:854:18:854:42":327,"s:855:18:855:42":328,"s:857:8:857:Infinity":329,"f:865:4:865:20":27,"s:876:22:876:55":330,"s:881:19:881:34":331,"s:882:19:882:34":332,"s:884:23:884:67":333,"s:885:8:885:Infinity":334,"f:893:4:893:30":28,"s:894:26:894:28":335,"s:895:28:895:31":336,"s:896:28:896:31":337,"s:898:8:936:Infinity":338,"s:898:21:898:22":339,"s:899:32:899:36":340,"s:900:24:900:29":341,"s:902:12:924:Infinity":342,"s:902:31:902:32":343,"s:905:31:905:56":344,"s:906:30:906:57":345,"s:908:34:908:69":346,"s:911:31:911:36":347,"s:912:16:917:Infinity":348,"b:913:20:916:Infinity:undefined:undefined:undefined:undefined":39,"s:913:20:916:Infinity":349,"s:914:24:914:Infinity":350,"s:915:24:915:Infinity":351,"b:919:16:923:Infinity:undefined:undefined:undefined:undefined":40,"s:919:16:923:Infinity":352,"s:920:20:920:Infinity":353,"s:921:20:921:Infinity":354,"s:922:20:922:Infinity":355,"b:926:12:935:Infinity:928:19:935:Infinity":41,"s:926:12:935:Infinity":356,"s:927:16:927:Infinity":357,"s:929:16:929:Infinity":358,"s:932:32:932:57":359,"s:933:31:933:58":360,"s:934:17:934:Infinity":361,"s:937:8:937:Infinity":362}}}
}
